/sps/lsst/groups/clusters/cl_pipeline_project/TXPipe/txpipe/utils/provenance.py:18: UserWarning: The '__version__' attribute is deprecated and will be removed in MarkupSafe 3.1. Use feature detection, or `importlib.metadata.version("markupsafe")`, instead.
  elif hasattr(module, "__version__"):
/sps/lsst/groups/clusters/cl_pipeline_project/TXPipe/txpipe/utils/provenance.py:18: UserWarning: The '__version__' attribute is deprecated and will be removed in MarkupSafe 3.1. Use feature detection, or `importlib.metadata.version("markupsafe")`, instead.
  elif hasattr(module, "__version__"):
/sps/lsst/groups/clusters/cl_pipeline_project/TXPipe/txpipe/utils/provenance.py:18: UserWarning: The '__version__' attribute is deprecated and will be removed in MarkupSafe 3.1. Use feature detection, or `importlib.metadata.version("markupsafe")`, instead.
  elif hasattr(module, "__version__"):
/sps/lsst/groups/clusters/cl_pipeline_project/TXPipe/txpipe/utils/provenance.py:18: UserWarning: The '__version__' attribute is deprecated and will be removed in MarkupSafe 3.1. Use feature detection, or `importlib.metadata.version("markupsafe")`, instead.
  elif hasattr(module, "__version__"):
/sps/lsst/groups/clusters/cl_pipeline_project/TXPipe/txpipe/utils/provenance.py:18: UserWarning: The '__version__' attribute is deprecated and will be removed in MarkupSafe 3.1. Use feature detection, or `importlib.metadata.version("markupsafe")`, instead.
  elif hasattr(module, "__version__"):
/sps/lsst/groups/clusters/cl_pipeline_project/TXPipe/txpipe/utils/provenance.py:18: UserWarning: The '__version__' attribute is deprecated and will be removed in MarkupSafe 3.1. Use feature detection, or `importlib.metadata.version("markupsafe")`, instead.
  elif hasattr(module, "__version__"):
/sps/lsst/groups/clusters/cl_pipeline_project/TXPipe/txpipe/utils/provenance.py:18: UserWarning: The '__version__' attribute is deprecated and will be removed in MarkupSafe 3.1. Use feature detection, or `importlib.metadata.version("markupsafe")`, instead.
  elif hasattr(module, "__version__"):
/sps/lsst/groups/clusters/cl_pipeline_project/TXPipe/txpipe/utils/provenance.py:18: UserWarning: The '__version__' attribute is deprecated and will be removed in MarkupSafe 3.1. Use feature detection, or `importlib.metadata.version("markupsafe")`, instead.
  elif hasattr(module, "__version__"):
/sps/lsst/groups/clusters/cl_pipeline_project/TXPipe/txpipe/utils/provenance.py:18: UserWarning: The '__version__' attribute is deprecated and will be removed in MarkupSafe 3.1. Use feature detection, or `importlib.metadata.version("markupsafe")`, instead.
  elif hasattr(module, "__version__"):
/sps/lsst/groups/clusters/cl_pipeline_project/TXPipe/txpipe/utils/provenance.py:18: UserWarning: The '__version__' attribute is deprecated and will be removed in MarkupSafe 3.1. Use feature detection, or `importlib.metadata.version("markupsafe")`, instead.
  elif hasattr(module, "__version__"):
/sps/lsst/groups/clusters/cl_pipeline_project/TXPipe/txpipe/utils/provenance.py:18: UserWarning: The '__version__' attribute is deprecated and will be removed in MarkupSafe 3.1. Use feature detection, or `importlib.metadata.version("markupsafe")`, instead.
  elif hasattr(module, "__version__"):
/sps/lsst/groups/clusters/cl_pipeline_project/TXPipe/txpipe/utils/provenance.py:18: UserWarning: The '__version__' attribute is deprecated and will be removed in MarkupSafe 3.1. Use feature detection, or `importlib.metadata.version("markupsafe")`, instead.
  elif hasattr(module, "__version__"):
/sps/lsst/groups/clusters/cl_pipeline_project/TXPipe/txpipe/utils/provenance.py:18: UserWarning: The '__version__' attribute is deprecated and will be removed in MarkupSafe 3.1. Use feature detection, or `importlib.metadata.version("markupsafe")`, instead.
  elif hasattr(module, "__version__"):
/sps/lsst/groups/clusters/cl_pipeline_project/TXPipe/txpipe/utils/provenance.py:18: UserWarning: The '__version__' attribute is deprecated and will be removed in MarkupSafe 3.1. Use feature detection, or `importlib.metadata.version("markupsafe")`, instead.
  elif hasattr(module, "__version__"):
/sps/lsst/groups/clusters/cl_pipeline_project/TXPipe/txpipe/utils/provenance.py:18: UserWarning: The '__version__' attribute is deprecated and will be removed in MarkupSafe 3.1. Use feature detection, or `importlib.metadata.version("markupsafe")`, instead.
  elif hasattr(module, "__version__"):
/sps/lsst/groups/clusters/cl_pipeline_project/TXPipe/txpipe/utils/provenance.py:18: UserWarning: The '__version__' attribute is deprecated and will be removed in MarkupSafe 3.1. Use feature detection, or `importlib.metadata.version("markupsafe")`, instead.
  elif hasattr(module, "__version__"):
/sps/lsst/groups/clusters/cl_pipeline_project/TXPipe/txpipe/utils/provenance.py:18: UserWarning: The '__version__' attribute is deprecated and will be removed in MarkupSafe 3.1. Use feature detection, or `importlib.metadata.version("markupsafe")`, instead.
  elif hasattr(module, "__version__"):
/sps/lsst/groups/clusters/cl_pipeline_project/TXPipe/txpipe/utils/provenance.py:18: UserWarning: The '__version__' attribute is deprecated and will be removed in MarkupSafe 3.1. Use feature detection, or `importlib.metadata.version("markupsafe")`, instead.
  elif hasattr(module, "__version__"):
/sps/lsst/groups/clusters/cl_pipeline_project/TXPipe/txpipe/utils/provenance.py:18: UserWarning: The '__version__' attribute is deprecated and will be removed in MarkupSafe 3.1. Use feature detection, or `importlib.metadata.version("markupsafe")`, instead.
  elif hasattr(module, "__version__"):
/sps/lsst/groups/clusters/cl_pipeline_project/TXPipe/txpipe/utils/provenance.py:18: UserWarning: The '__version__' attribute is deprecated and will be removed in MarkupSafe 3.1. Use feature detection, or `importlib.metadata.version("markupsafe")`, instead.
  elif hasattr(module, "__version__"):
/sps/lsst/groups/clusters/cl_pipeline_project/TXPipe/txpipe/utils/provenance.py:18: UserWarning: The '__version__' attribute is deprecated and will be removed in MarkupSafe 3.1. Use feature detection, or `importlib.metadata.version("markupsafe")`, instead.
  elif hasattr(module, "__version__"):
/sps/lsst/groups/clusters/cl_pipeline_project/TXPipe/txpipe/utils/provenance.py:18: UserWarning: The '__version__' attribute is deprecated and will be removed in MarkupSafe 3.1. Use feature detection, or `importlib.metadata.version("markupsafe")`, instead.
  elif hasattr(module, "__version__"):
/sps/lsst/groups/clusters/cl_pipeline_project/TXPipe/txpipe/utils/provenance.py:18: UserWarning: The '__version__' attribute is deprecated and will be removed in MarkupSafe 3.1. Use feature detection, or `importlib.metadata.version("markupsafe")`, instead.
  elif hasattr(module, "__version__"):
/sps/lsst/groups/clusters/cl_pipeline_project/TXPipe/txpipe/utils/provenance.py:18: UserWarning: The '__version__' attribute is deprecated and will be removed in MarkupSafe 3.1. Use feature detection, or `importlib.metadata.version("markupsafe")`, instead.
  elif hasattr(module, "__version__"):
/sps/lsst/groups/clusters/cl_pipeline_project/TXPipe/txpipe/utils/provenance.py:18: UserWarning: The '__version__' attribute is deprecated and will be removed in MarkupSafe 3.1. Use feature detection, or `importlib.metadata.version("markupsafe")`, instead.
  elif hasattr(module, "__version__"):
/sps/lsst/groups/clusters/cl_pipeline_project/TXPipe/txpipe/utils/provenance.py:18: UserWarning: The '__version__' attribute is deprecated and will be removed in MarkupSafe 3.1. Use feature detection, or `importlib.metadata.version("markupsafe")`, instead.
  elif hasattr(module, "__version__"):
/sps/lsst/groups/clusters/cl_pipeline_project/TXPipe/txpipe/utils/provenance.py:18: UserWarning: The '__version__' attribute is deprecated and will be removed in MarkupSafe 3.1. Use feature detection, or `importlib.metadata.version("markupsafe")`, instead.
  elif hasattr(module, "__version__"):
/sps/lsst/groups/clusters/cl_pipeline_project/TXPipe/txpipe/utils/provenance.py:18: UserWarning: The '__version__' attribute is deprecated and will be removed in MarkupSafe 3.1. Use feature detection, or `importlib.metadata.version("markupsafe")`, instead.
  elif hasattr(module, "__version__"):
/sps/lsst/groups/clusters/cl_pipeline_project/TXPipe/txpipe/utils/provenance.py:18: UserWarning: The '__version__' attribute is deprecated and will be removed in MarkupSafe 3.1. Use feature detection, or `importlib.metadata.version("markupsafe")`, instead.
  elif hasattr(module, "__version__"):
/sps/lsst/groups/clusters/cl_pipeline_project/TXPipe/txpipe/utils/provenance.py:18: UserWarning: The '__version__' attribute is deprecated and will be removed in MarkupSafe 3.1. Use feature detection, or `importlib.metadata.version("markupsafe")`, instead.
  elif hasattr(module, "__version__"):
/sps/lsst/groups/clusters/cl_pipeline_project/TXPipe/txpipe/utils/provenance.py:19: UserWarning: The '__version__' attribute is deprecated and will be removed in MarkupSafe 3.1. Use feature detection, or `importlib.metadata.version("markupsafe")`, instead.
  v = module.__version__
/sps/lsst/groups/clusters/cl_pipeline_project/TXPipe/txpipe/utils/provenance.py:19: UserWarning: The '__version__' attribute is deprecated and will be removed in MarkupSafe 3.1. Use feature detection, or `importlib.metadata.version("markupsafe")`, instead.
  v = module.__version__
/sps/lsst/groups/clusters/cl_pipeline_project/TXPipe/txpipe/utils/provenance.py:19: UserWarning: The '__version__' attribute is deprecated and will be removed in MarkupSafe 3.1. Use feature detection, or `importlib.metadata.version("markupsafe")`, instead.
  v = module.__version__
/sps/lsst/groups/clusters/cl_pipeline_project/TXPipe/txpipe/utils/provenance.py:19: UserWarning: The '__version__' attribute is deprecated and will be removed in MarkupSafe 3.1. Use feature detection, or `importlib.metadata.version("markupsafe")`, instead.
  v = module.__version__
/sps/lsst/groups/clusters/cl_pipeline_project/TXPipe/txpipe/utils/provenance.py:19: UserWarning: The '__version__' attribute is deprecated and will be removed in MarkupSafe 3.1. Use feature detection, or `importlib.metadata.version("markupsafe")`, instead.
  v = module.__version__
/sps/lsst/groups/clusters/cl_pipeline_project/TXPipe/txpipe/utils/provenance.py:19: UserWarning: The '__version__' attribute is deprecated and will be removed in MarkupSafe 3.1. Use feature detection, or `importlib.metadata.version("markupsafe")`, instead.
  v = module.__version__
/sps/lsst/groups/clusters/cl_pipeline_project/TXPipe/txpipe/utils/provenance.py:19: UserWarning: The '__version__' attribute is deprecated and will be removed in MarkupSafe 3.1. Use feature detection, or `importlib.metadata.version("markupsafe")`, instead.
  v = module.__version__
/sps/lsst/groups/clusters/cl_pipeline_project/TXPipe/txpipe/utils/provenance.py:19: UserWarning: The '__version__' attribute is deprecated and will be removed in MarkupSafe 3.1. Use feature detection, or `importlib.metadata.version("markupsafe")`, instead.
  v = module.__version__
/sps/lsst/groups/clusters/cl_pipeline_project/TXPipe/txpipe/utils/provenance.py:19: UserWarning: The '__version__' attribute is deprecated and will be removed in MarkupSafe 3.1. Use feature detection, or `importlib.metadata.version("markupsafe")`, instead.
  v = module.__version__
/sps/lsst/groups/clusters/cl_pipeline_project/TXPipe/txpipe/utils/provenance.py:19: UserWarning: The '__version__' attribute is deprecated and will be removed in MarkupSafe 3.1. Use feature detection, or `importlib.metadata.version("markupsafe")`, instead.
  v = module.__version__
/sps/lsst/groups/clusters/cl_pipeline_project/TXPipe/txpipe/utils/provenance.py:19: UserWarning: The '__version__' attribute is deprecated and will be removed in MarkupSafe 3.1. Use feature detection, or `importlib.metadata.version("markupsafe")`, instead.
  v = module.__version__
/sps/lsst/groups/clusters/cl_pipeline_project/TXPipe/txpipe/utils/provenance.py:19: UserWarning: The '__version__' attribute is deprecated and will be removed in MarkupSafe 3.1. Use feature detection, or `importlib.metadata.version("markupsafe")`, instead.
  v = module.__version__
/sps/lsst/groups/clusters/cl_pipeline_project/TXPipe/txpipe/utils/provenance.py:19: UserWarning: The '__version__' attribute is deprecated and will be removed in MarkupSafe 3.1. Use feature detection, or `importlib.metadata.version("markupsafe")`, instead.
  v = module.__version__
/sps/lsst/groups/clusters/cl_pipeline_project/TXPipe/txpipe/utils/provenance.py:19: UserWarning: The '__version__' attribute is deprecated and will be removed in MarkupSafe 3.1. Use feature detection, or `importlib.metadata.version("markupsafe")`, instead.
  v = module.__version__
/sps/lsst/groups/clusters/cl_pipeline_project/TXPipe/txpipe/utils/provenance.py:19: UserWarning: The '__version__' attribute is deprecated and will be removed in MarkupSafe 3.1. Use feature detection, or `importlib.metadata.version("markupsafe")`, instead.
  v = module.__version__
/sps/lsst/groups/clusters/cl_pipeline_project/TXPipe/txpipe/utils/provenance.py:19: UserWarning: The '__version__' attribute is deprecated and will be removed in MarkupSafe 3.1. Use feature detection, or `importlib.metadata.version("markupsafe")`, instead.
  v = module.__version__
/sps/lsst/groups/clusters/cl_pipeline_project/TXPipe/txpipe/utils/provenance.py:19: UserWarning: The '__version__' attribute is deprecated and will be removed in MarkupSafe 3.1. Use feature detection, or `importlib.metadata.version("markupsafe")`, instead.
  v = module.__version__
/sps/lsst/groups/clusters/cl_pipeline_project/TXPipe/txpipe/utils/provenance.py:19: UserWarning: The '__version__' attribute is deprecated and will be removed in MarkupSafe 3.1. Use feature detection, or `importlib.metadata.version("markupsafe")`, instead.
  v = module.__version__
/sps/lsst/groups/clusters/cl_pipeline_project/TXPipe/txpipe/utils/provenance.py:19: UserWarning: The '__version__' attribute is deprecated and will be removed in MarkupSafe 3.1. Use feature detection, or `importlib.metadata.version("markupsafe")`, instead.
  v = module.__version__
/sps/lsst/groups/clusters/cl_pipeline_project/TXPipe/txpipe/utils/provenance.py:19: UserWarning: The '__version__' attribute is deprecated and will be removed in MarkupSafe 3.1. Use feature detection, or `importlib.metadata.version("markupsafe")`, instead.
  v = module.__version__
/sps/lsst/groups/clusters/cl_pipeline_project/TXPipe/txpipe/utils/provenance.py:19: UserWarning: The '__version__' attribute is deprecated and will be removed in MarkupSafe 3.1. Use feature detection, or `importlib.metadata.version("markupsafe")`, instead.
  v = module.__version__
/sps/lsst/groups/clusters/cl_pipeline_project/TXPipe/txpipe/utils/provenance.py:19: UserWarning: The '__version__' attribute is deprecated and will be removed in MarkupSafe 3.1. Use feature detection, or `importlib.metadata.version("markupsafe")`, instead.
  v = module.__version__
/sps/lsst/groups/clusters/cl_pipeline_project/TXPipe/txpipe/utils/provenance.py:19: UserWarning: The '__version__' attribute is deprecated and will be removed in MarkupSafe 3.1. Use feature detection, or `importlib.metadata.version("markupsafe")`, instead.
  v = module.__version__
/sps/lsst/groups/clusters/cl_pipeline_project/TXPipe/txpipe/utils/provenance.py:19: UserWarning: The '__version__' attribute is deprecated and will be removed in MarkupSafe 3.1. Use feature detection, or `importlib.metadata.version("markupsafe")`, instead.
  v = module.__version__
/sps/lsst/groups/clusters/cl_pipeline_project/TXPipe/txpipe/utils/provenance.py:19: UserWarning: The '__version__' attribute is deprecated and will be removed in MarkupSafe 3.1. Use feature detection, or `importlib.metadata.version("markupsafe")`, instead.
  v = module.__version__
/sps/lsst/groups/clusters/cl_pipeline_project/TXPipe/txpipe/utils/provenance.py:19: UserWarning: The '__version__' attribute is deprecated and will be removed in MarkupSafe 3.1. Use feature detection, or `importlib.metadata.version("markupsafe")`, instead.
  v = module.__version__
/sps/lsst/groups/clusters/cl_pipeline_project/TXPipe/txpipe/utils/provenance.py:19: UserWarning: The '__version__' attribute is deprecated and will be removed in MarkupSafe 3.1. Use feature detection, or `importlib.metadata.version("markupsafe")`, instead.
  v = module.__version__
/sps/lsst/groups/clusters/cl_pipeline_project/TXPipe/txpipe/utils/provenance.py:19: UserWarning: The '__version__' attribute is deprecated and will be removed in MarkupSafe 3.1. Use feature detection, or `importlib.metadata.version("markupsafe")`, instead.
  v = module.__version__
/sps/lsst/groups/clusters/cl_pipeline_project/TXPipe/txpipe/utils/provenance.py:19: UserWarning: The '__version__' attribute is deprecated and will be removed in MarkupSafe 3.1. Use feature detection, or `importlib.metadata.version("markupsafe")`, instead.
  v = module.__version__
Traceback (most recent call last):
  File "/sps/lsst/groups/clusters/cl_pipeline_project/conda_envs/txpipe_clp/lib/python3.10/runpy.py", line 196, in _run_module_as_main
Traceback (most recent call last):
  File "/sps/lsst/groups/clusters/cl_pipeline_project/conda_envs/txpipe_clp/lib/python3.10/runpy.py", line 196, in _run_module_as_main
    return _run_code(code, main_globals, None,
    return _run_code(code, main_globals, None,
  File "/sps/lsst/groups/clusters/cl_pipeline_project/conda_envs/txpipe_clp/lib/python3.10/runpy.py", line 86, in _run_code
  File "/sps/lsst/groups/clusters/cl_pipeline_project/conda_envs/txpipe_clp/lib/python3.10/runpy.py", line 86, in _run_code
    exec(code, run_globals)
  File "/sps/lsst/groups/clusters/cl_pipeline_project/TXPipe/txpipe/__main__.py", line 5, in <module>
    exec(code, run_globals)
  File "/sps/lsst/groups/clusters/cl_pipeline_project/TXPipe/txpipe/__main__.py", line 5, in <module>
/sps/lsst/groups/clusters/cl_pipeline_project/TXPipe/txpipe/utils/provenance.py:19: UserWarning: The '__version__' attribute is deprecated and will be removed in MarkupSafe 3.1. Use feature detection, or `importlib.metadata.version("markupsafe")`, instead.
  v = module.__version__
Traceback (most recent call last):
  File "/sps/lsst/groups/clusters/cl_pipeline_project/conda_envs/txpipe_clp/lib/python3.10/runpy.py", line 196, in _run_module_as_main
    return _run_code(code, main_globals, None,
  File "/sps/lsst/groups/clusters/cl_pipeline_project/conda_envs/txpipe_clp/lib/python3.10/runpy.py", line 86, in _run_code
    exec(code, run_globals)
  File "/sps/lsst/groups/clusters/cl_pipeline_project/TXPipe/txpipe/__main__.py", line 5, in <module>
Traceback (most recent call last):
  File "/sps/lsst/groups/clusters/cl_pipeline_project/conda_envs/txpipe_clp/lib/python3.10/runpy.py", line 196, in _run_module_as_main
Traceback (most recent call last):
  File "/sps/lsst/groups/clusters/cl_pipeline_project/conda_envs/txpipe_clp/lib/python3.10/runpy.py", line 196, in _run_module_as_main
    return _run_code(code, main_globals, None,
  File "/sps/lsst/groups/clusters/cl_pipeline_project/conda_envs/txpipe_clp/lib/python3.10/runpy.py", line 86, in _run_code
Traceback (most recent call last):
  File "/sps/lsst/groups/clusters/cl_pipeline_project/conda_envs/txpipe_clp/lib/python3.10/runpy.py", line 196, in _run_module_as_main
Traceback (most recent call last):
  File "/sps/lsst/groups/clusters/cl_pipeline_project/conda_envs/txpipe_clp/lib/python3.10/runpy.py", line 196, in _run_module_as_main
    exec(code, run_globals)
  File "/sps/lsst/groups/clusters/cl_pipeline_project/TXPipe/txpipe/__main__.py", line 5, in <module>
Traceback (most recent call last):
    return _run_code(code, main_globals, None,
  File "/sps/lsst/groups/clusters/cl_pipeline_project/conda_envs/txpipe_clp/lib/python3.10/runpy.py", line 86, in _run_code
Traceback (most recent call last):
  File "/sps/lsst/groups/clusters/cl_pipeline_project/conda_envs/txpipe_clp/lib/python3.10/runpy.py", line 196, in _run_module_as_main
Traceback (most recent call last):
  File "/sps/lsst/groups/clusters/cl_pipeline_project/conda_envs/txpipe_clp/lib/python3.10/runpy.py", line 196, in _run_module_as_main
  File "/sps/lsst/groups/clusters/cl_pipeline_project/conda_envs/txpipe_clp/lib/python3.10/runpy.py", line 196, in _run_module_as_main
    return _run_code(code, main_globals, None,
  File "/sps/lsst/groups/clusters/cl_pipeline_project/conda_envs/txpipe_clp/lib/python3.10/runpy.py", line 86, in _run_code
Traceback (most recent call last):
  File "/sps/lsst/groups/clusters/cl_pipeline_project/conda_envs/txpipe_clp/lib/python3.10/runpy.py", line 196, in _run_module_as_main
    return _run_code(code, main_globals, None,
  File "/sps/lsst/groups/clusters/cl_pipeline_project/conda_envs/txpipe_clp/lib/python3.10/runpy.py", line 86, in _run_code
    exec(code, run_globals)
  File "/sps/lsst/groups/clusters/cl_pipeline_project/TXPipe/txpipe/__main__.py", line 5, in <module>
    exec(code, run_globals)
  File "/sps/lsst/groups/clusters/cl_pipeline_project/TXPipe/txpipe/__main__.py", line 5, in <module>
    exec(code, run_globals)
  File "/sps/lsst/groups/clusters/cl_pipeline_project/TXPipe/txpipe/__main__.py", line 5, in <module>
    return _run_code(code, main_globals, None,
  File "/sps/lsst/groups/clusters/cl_pipeline_project/conda_envs/txpipe_clp/lib/python3.10/runpy.py", line 86, in _run_code
    return _run_code(code, main_globals, None,
  File "/sps/lsst/groups/clusters/cl_pipeline_project/conda_envs/txpipe_clp/lib/python3.10/runpy.py", line 86, in _run_code
    return _run_code(code, main_globals, None,
  File "/sps/lsst/groups/clusters/cl_pipeline_project/conda_envs/txpipe_clp/lib/python3.10/runpy.py", line 86, in _run_code
    exec(code, run_globals)
  File "/sps/lsst/groups/clusters/cl_pipeline_project/TXPipe/txpipe/__main__.py", line 5, in <module>
    return _run_code(code, main_globals, None,
  File "/sps/lsst/groups/clusters/cl_pipeline_project/conda_envs/txpipe_clp/lib/python3.10/runpy.py", line 86, in _run_code
    exec(code, run_globals)
  File "/sps/lsst/groups/clusters/cl_pipeline_project/TXPipe/txpipe/__main__.py", line 5, in <module>
    exec(code, run_globals)
  File "/sps/lsst/groups/clusters/cl_pipeline_project/TXPipe/txpipe/__main__.py", line 5, in <module>
    exec(code, run_globals)
  File "/sps/lsst/groups/clusters/cl_pipeline_project/TXPipe/txpipe/__main__.py", line 5, in <module>
Traceback (most recent call last):
  File "/sps/lsst/groups/clusters/cl_pipeline_project/conda_envs/txpipe_clp/lib/python3.10/runpy.py", line 196, in _run_module_as_main
    return _run_code(code, main_globals, None,
  File "/sps/lsst/groups/clusters/cl_pipeline_project/conda_envs/txpipe_clp/lib/python3.10/runpy.py", line 86, in _run_code
    exec(code, run_globals)
  File "/sps/lsst/groups/clusters/cl_pipeline_project/TXPipe/txpipe/__main__.py", line 5, in <module>
Traceback (most recent call last):
  File "/sps/lsst/groups/clusters/cl_pipeline_project/conda_envs/txpipe_clp/lib/python3.10/runpy.py", line 196, in _run_module_as_main
    return _run_code(code, main_globals, None,
  File "/sps/lsst/groups/clusters/cl_pipeline_project/conda_envs/txpipe_clp/lib/python3.10/runpy.py", line 86, in _run_code
    exec(code, run_globals)
  File "/sps/lsst/groups/clusters/cl_pipeline_project/TXPipe/txpipe/__main__.py", line 5, in <module>
Traceback (most recent call last):
  File "/sps/lsst/groups/clusters/cl_pipeline_project/conda_envs/txpipe_clp/lib/python3.10/runpy.py", line 196, in _run_module_as_main
    return _run_code(code, main_globals, None,
  File "/sps/lsst/groups/clusters/cl_pipeline_project/conda_envs/txpipe_clp/lib/python3.10/runpy.py", line 86, in _run_code
    exec(code, run_globals)
  File "/sps/lsst/groups/clusters/cl_pipeline_project/TXPipe/txpipe/__main__.py", line 5, in <module>
Traceback (most recent call last):
  File "/sps/lsst/groups/clusters/cl_pipeline_project/conda_envs/txpipe_clp/lib/python3.10/runpy.py", line 196, in _run_module_as_main
    return _run_code(code, main_globals, None,
  File "/sps/lsst/groups/clusters/cl_pipeline_project/conda_envs/txpipe_clp/lib/python3.10/runpy.py", line 86, in _run_code
    exec(code, run_globals)
  File "/sps/lsst/groups/clusters/cl_pipeline_project/TXPipe/txpipe/__main__.py", line 5, in <module>
Traceback (most recent call last):
  File "/sps/lsst/groups/clusters/cl_pipeline_project/conda_envs/txpipe_clp/lib/python3.10/runpy.py", line 196, in _run_module_as_main
    return _run_code(code, main_globals, None,
  File "/sps/lsst/groups/clusters/cl_pipeline_project/conda_envs/txpipe_clp/lib/python3.10/runpy.py", line 86, in _run_code
Traceback (most recent call last):
  File "/sps/lsst/groups/clusters/cl_pipeline_project/conda_envs/txpipe_clp/lib/python3.10/runpy.py", line 196, in _run_module_as_main
    exec(code, run_globals)
  File "/sps/lsst/groups/clusters/cl_pipeline_project/TXPipe/txpipe/__main__.py", line 5, in <module>
    return _run_code(code, main_globals, None,
  File "/sps/lsst/groups/clusters/cl_pipeline_project/conda_envs/txpipe_clp/lib/python3.10/runpy.py", line 86, in _run_code
    exec(code, run_globals)
  File "/sps/lsst/groups/clusters/cl_pipeline_project/TXPipe/txpipe/__main__.py", line 5, in <module>
Traceback (most recent call last):
  File "/sps/lsst/groups/clusters/cl_pipeline_project/conda_envs/txpipe_clp/lib/python3.10/runpy.py", line 196, in _run_module_as_main
    return _run_code(code, main_globals, None,
  File "/sps/lsst/groups/clusters/cl_pipeline_project/conda_envs/txpipe_clp/lib/python3.10/runpy.py", line 86, in _run_code
    exec(code, run_globals)
  File "/sps/lsst/groups/clusters/cl_pipeline_project/TXPipe/txpipe/__main__.py", line 5, in <module>
Traceback (most recent call last):
  File "/sps/lsst/groups/clusters/cl_pipeline_project/conda_envs/txpipe_clp/lib/python3.10/runpy.py", line 196, in _run_module_as_main
    return _run_code(code, main_globals, None,
  File "/sps/lsst/groups/clusters/cl_pipeline_project/conda_envs/txpipe_clp/lib/python3.10/runpy.py", line 86, in _run_code
    exec(code, run_globals)
  File "/sps/lsst/groups/clusters/cl_pipeline_project/TXPipe/txpipe/__main__.py", line 5, in <module>
Traceback (most recent call last):
  File "/sps/lsst/groups/clusters/cl_pipeline_project/conda_envs/txpipe_clp/lib/python3.10/runpy.py", line 196, in _run_module_as_main
    return _run_code(code, main_globals, None,
  File "/sps/lsst/groups/clusters/cl_pipeline_project/conda_envs/txpipe_clp/lib/python3.10/runpy.py", line 86, in _run_code
    exec(code, run_globals)
  File "/sps/lsst/groups/clusters/cl_pipeline_project/TXPipe/txpipe/__main__.py", line 5, in <module>
Traceback (most recent call last):
  File "/sps/lsst/groups/clusters/cl_pipeline_project/conda_envs/txpipe_clp/lib/python3.10/runpy.py", line 196, in _run_module_as_main
    return _run_code(code, main_globals, None,
  File "/sps/lsst/groups/clusters/cl_pipeline_project/conda_envs/txpipe_clp/lib/python3.10/runpy.py", line 86, in _run_code
    exec(code, run_globals)
  File "/sps/lsst/groups/clusters/cl_pipeline_project/TXPipe/txpipe/__main__.py", line 5, in <module>
Traceback (most recent call last):
  File "/sps/lsst/groups/clusters/cl_pipeline_project/conda_envs/txpipe_clp/lib/python3.10/runpy.py", line 196, in _run_module_as_main
Traceback (most recent call last):
  File "/sps/lsst/groups/clusters/cl_pipeline_project/conda_envs/txpipe_clp/lib/python3.10/runpy.py", line 196, in _run_module_as_main
Traceback (most recent call last):
  File "/sps/lsst/groups/clusters/cl_pipeline_project/conda_envs/txpipe_clp/lib/python3.10/runpy.py", line 196, in _run_module_as_main
Traceback (most recent call last):
  File "/sps/lsst/groups/clusters/cl_pipeline_project/conda_envs/txpipe_clp/lib/python3.10/runpy.py", line 196, in _run_module_as_main
Traceback (most recent call last):
  File "/sps/lsst/groups/clusters/cl_pipeline_project/conda_envs/txpipe_clp/lib/python3.10/runpy.py", line 196, in _run_module_as_main
    return _run_code(code, main_globals, None,
  File "/sps/lsst/groups/clusters/cl_pipeline_project/conda_envs/txpipe_clp/lib/python3.10/runpy.py", line 86, in _run_code
    return _run_code(code, main_globals, None,
  File "/sps/lsst/groups/clusters/cl_pipeline_project/conda_envs/txpipe_clp/lib/python3.10/runpy.py", line 86, in _run_code
Traceback (most recent call last):
  File "/sps/lsst/groups/clusters/cl_pipeline_project/conda_envs/txpipe_clp/lib/python3.10/runpy.py", line 196, in _run_module_as_main
    return _run_code(code, main_globals, None,
  File "/sps/lsst/groups/clusters/cl_pipeline_project/conda_envs/txpipe_clp/lib/python3.10/runpy.py", line 86, in _run_code
    exec(code, run_globals)
  File "/sps/lsst/groups/clusters/cl_pipeline_project/TXPipe/txpipe/__main__.py", line 5, in <module>
Traceback (most recent call last):
  File "/sps/lsst/groups/clusters/cl_pipeline_project/conda_envs/txpipe_clp/lib/python3.10/runpy.py", line 196, in _run_module_as_main
    exec(code, run_globals)
  File "/sps/lsst/groups/clusters/cl_pipeline_project/TXPipe/txpipe/__main__.py", line 5, in <module>
    exec(code, run_globals)
  File "/sps/lsst/groups/clusters/cl_pipeline_project/TXPipe/txpipe/__main__.py", line 5, in <module>
    return _run_code(code, main_globals, None,
  File "/sps/lsst/groups/clusters/cl_pipeline_project/conda_envs/txpipe_clp/lib/python3.10/runpy.py", line 86, in _run_code
    return _run_code(code, main_globals, None,
  File "/sps/lsst/groups/clusters/cl_pipeline_project/conda_envs/txpipe_clp/lib/python3.10/runpy.py", line 86, in _run_code
    return _run_code(code, main_globals, None,
  File "/sps/lsst/groups/clusters/cl_pipeline_project/conda_envs/txpipe_clp/lib/python3.10/runpy.py", line 86, in _run_code
Traceback (most recent call last):
  File "/sps/lsst/groups/clusters/cl_pipeline_project/conda_envs/txpipe_clp/lib/python3.10/runpy.py", line 196, in _run_module_as_main
    return _run_code(code, main_globals, None,
  File "/sps/lsst/groups/clusters/cl_pipeline_project/conda_envs/txpipe_clp/lib/python3.10/runpy.py", line 86, in _run_code
    exec(code, run_globals)
  File "/sps/lsst/groups/clusters/cl_pipeline_project/TXPipe/txpipe/__main__.py", line 5, in <module>
    exec(code, run_globals)
  File "/sps/lsst/groups/clusters/cl_pipeline_project/TXPipe/txpipe/__main__.py", line 5, in <module>
    exec(code, run_globals)
  File "/sps/lsst/groups/clusters/cl_pipeline_project/TXPipe/txpipe/__main__.py", line 5, in <module>
    exec(code, run_globals)
  File "/sps/lsst/groups/clusters/cl_pipeline_project/TXPipe/txpipe/__main__.py", line 5, in <module>
    return _run_code(code, main_globals, None,
  File "/sps/lsst/groups/clusters/cl_pipeline_project/conda_envs/txpipe_clp/lib/python3.10/runpy.py", line 86, in _run_code
    exec(code, run_globals)
  File "/sps/lsst/groups/clusters/cl_pipeline_project/TXPipe/txpipe/__main__.py", line 5, in <module>
    PipelineStage.main()
    PipelineStage.main()
  File "/sps/lsst/groups/clusters/cl_pipeline_project/conda_envs/txpipe_clp/lib/python3.10/site-packages/ceci/stage.py", line 526, in main
    PipelineStage.main()
  File "/sps/lsst/groups/clusters/cl_pipeline_project/conda_envs/txpipe_clp/lib/python3.10/site-packages/ceci/stage.py", line 526, in main
    PipelineStage.main()
  File "/sps/lsst/groups/clusters/cl_pipeline_project/conda_envs/txpipe_clp/lib/python3.10/site-packages/ceci/stage.py", line 526, in main
    PipelineStage.main()
  File "/sps/lsst/groups/clusters/cl_pipeline_project/conda_envs/txpipe_clp/lib/python3.10/site-packages/ceci/stage.py", line 526, in main
    PipelineStage.main()
  File "/sps/lsst/groups/clusters/cl_pipeline_project/conda_envs/txpipe_clp/lib/python3.10/site-packages/ceci/stage.py", line 526, in main
    PipelineStage.main()
  File "/sps/lsst/groups/clusters/cl_pipeline_project/conda_envs/txpipe_clp/lib/python3.10/site-packages/ceci/stage.py", line 526, in main
    PipelineStage.main()
  File "/sps/lsst/groups/clusters/cl_pipeline_project/conda_envs/txpipe_clp/lib/python3.10/site-packages/ceci/stage.py", line 526, in main
    PipelineStage.main()
  File "/sps/lsst/groups/clusters/cl_pipeline_project/conda_envs/txpipe_clp/lib/python3.10/site-packages/ceci/stage.py", line 526, in main
    stage.execute(args)
  File "/sps/lsst/groups/clusters/cl_pipeline_project/conda_envs/txpipe_clp/lib/python3.10/site-packages/ceci/stage.py", line 699, in execute
    PipelineStage.main()
  File "/sps/lsst/groups/clusters/cl_pipeline_project/conda_envs/txpipe_clp/lib/python3.10/site-packages/ceci/stage.py", line 526, in main
    PipelineStage.main()
  File "/sps/lsst/groups/clusters/cl_pipeline_project/conda_envs/txpipe_clp/lib/python3.10/site-packages/ceci/stage.py", line 526, in main
    PipelineStage.main()
  File "/sps/lsst/groups/clusters/cl_pipeline_project/conda_envs/txpipe_clp/lib/python3.10/site-packages/ceci/stage.py", line 526, in main
    PipelineStage.main()
  File "/sps/lsst/groups/clusters/cl_pipeline_project/conda_envs/txpipe_clp/lib/python3.10/site-packages/ceci/stage.py", line 526, in main
    stage.execute(args)
  File "/sps/lsst/groups/clusters/cl_pipeline_project/conda_envs/txpipe_clp/lib/python3.10/site-packages/ceci/stage.py", line 699, in execute
    PipelineStage.main()
  File "/sps/lsst/groups/clusters/cl_pipeline_project/conda_envs/txpipe_clp/lib/python3.10/site-packages/ceci/stage.py", line 526, in main
    PipelineStage.main()
  File "/sps/lsst/groups/clusters/cl_pipeline_project/conda_envs/txpipe_clp/lib/python3.10/site-packages/ceci/stage.py", line 526, in main
    stage.execute(args)
  File "/sps/lsst/groups/clusters/cl_pipeline_project/conda_envs/txpipe_clp/lib/python3.10/site-packages/ceci/stage.py", line 699, in execute
    PipelineStage.main()
  File "/sps/lsst/groups/clusters/cl_pipeline_project/conda_envs/txpipe_clp/lib/python3.10/site-packages/ceci/stage.py", line 526, in main
    PipelineStage.main()
  File "/sps/lsst/groups/clusters/cl_pipeline_project/conda_envs/txpipe_clp/lib/python3.10/site-packages/ceci/stage.py", line 526, in main
    stage.execute(args)
  File "/sps/lsst/groups/clusters/cl_pipeline_project/conda_envs/txpipe_clp/lib/python3.10/site-packages/ceci/stage.py", line 699, in execute
    stage.run()
  File "/sps/lsst/groups/clusters/cl_pipeline_project/TXPipe/txpipe/extensions/cluster_counts/ingest.py", line 30, in run
    stage.execute(args)
  File "/sps/lsst/groups/clusters/cl_pipeline_project/conda_envs/txpipe_clp/lib/python3.10/site-packages/ceci/stage.py", line 699, in execute
    stage.execute(args)
  File "/sps/lsst/groups/clusters/cl_pipeline_project/conda_envs/txpipe_clp/lib/python3.10/site-packages/ceci/stage.py", line 699, in execute
    PipelineStage.main()
  File "/sps/lsst/groups/clusters/cl_pipeline_project/conda_envs/txpipe_clp/lib/python3.10/site-packages/ceci/stage.py", line 526, in main
    PipelineStage.main()
  File "/sps/lsst/groups/clusters/cl_pipeline_project/conda_envs/txpipe_clp/lib/python3.10/site-packages/ceci/stage.py", line 526, in main
    stage.execute(args)
  File "/sps/lsst/groups/clusters/cl_pipeline_project/conda_envs/txpipe_clp/lib/python3.10/site-packages/ceci/stage.py", line 699, in execute
    PipelineStage.main()
  File "/sps/lsst/groups/clusters/cl_pipeline_project/conda_envs/txpipe_clp/lib/python3.10/site-packages/ceci/stage.py", line 526, in main
    PipelineStage.main()
  File "/sps/lsst/groups/clusters/cl_pipeline_project/conda_envs/txpipe_clp/lib/python3.10/site-packages/ceci/stage.py", line 526, in main
    PipelineStage.main()
  File "/sps/lsst/groups/clusters/cl_pipeline_project/conda_envs/txpipe_clp/lib/python3.10/site-packages/ceci/stage.py", line 526, in main
    stage.execute(args)
  File "/sps/lsst/groups/clusters/cl_pipeline_project/conda_envs/txpipe_clp/lib/python3.10/site-packages/ceci/stage.py", line 699, in execute
    PipelineStage.main()
  File "/sps/lsst/groups/clusters/cl_pipeline_project/conda_envs/txpipe_clp/lib/python3.10/site-packages/ceci/stage.py", line 526, in main
    PipelineStage.main()
  File "/sps/lsst/groups/clusters/cl_pipeline_project/conda_envs/txpipe_clp/lib/python3.10/site-packages/ceci/stage.py", line 526, in main
    stage.execute(args)
  File "/sps/lsst/groups/clusters/cl_pipeline_project/conda_envs/txpipe_clp/lib/python3.10/site-packages/ceci/stage.py", line 699, in execute
    stage.run()
  File "/sps/lsst/groups/clusters/cl_pipeline_project/TXPipe/txpipe/extensions/cluster_counts/ingest.py", line 30, in run
    PipelineStage.main()
  File "/sps/lsst/groups/clusters/cl_pipeline_project/conda_envs/txpipe_clp/lib/python3.10/site-packages/ceci/stage.py", line 526, in main
    PipelineStage.main()
  File "/sps/lsst/groups/clusters/cl_pipeline_project/conda_envs/txpipe_clp/lib/python3.10/site-packages/ceci/stage.py", line 526, in main
    stage.execute(args)
  File "/sps/lsst/groups/clusters/cl_pipeline_project/conda_envs/txpipe_clp/lib/python3.10/site-packages/ceci/stage.py", line 699, in execute
    stage.execute(args)
  File "/sps/lsst/groups/clusters/cl_pipeline_project/conda_envs/txpipe_clp/lib/python3.10/site-packages/ceci/stage.py", line 699, in execute
    stage.run()
  File "/sps/lsst/groups/clusters/cl_pipeline_project/TXPipe/txpipe/extensions/cluster_counts/ingest.py", line 30, in run
    stage.execute(args)
  File "/sps/lsst/groups/clusters/cl_pipeline_project/conda_envs/txpipe_clp/lib/python3.10/site-packages/ceci/stage.py", line 699, in execute
    stage.run()
  File "/sps/lsst/groups/clusters/cl_pipeline_project/TXPipe/txpipe/extensions/cluster_counts/ingest.py", line 30, in run
  File "/sps/lsst/groups/clusters/cl_pipeline_project/conda_envs/txpipe_clp/lib/python3.10/site-packages/ceci/stage.py", line 526, in main
    stage.run()
  File "/sps/lsst/groups/clusters/cl_pipeline_project/TXPipe/txpipe/extensions/cluster_counts/ingest.py", line 30, in run
    stage.run()
  File "/sps/lsst/groups/clusters/cl_pipeline_project/TXPipe/txpipe/extensions/cluster_counts/ingest.py", line 30, in run
    stage.run()
  File "/sps/lsst/groups/clusters/cl_pipeline_project/TXPipe/txpipe/extensions/cluster_counts/ingest.py", line 30, in run
    PipelineStage.main()
  File "/sps/lsst/groups/clusters/cl_pipeline_project/conda_envs/txpipe_clp/lib/python3.10/site-packages/ceci/stage.py", line 526, in main
    stage.execute(args)
  File "/sps/lsst/groups/clusters/cl_pipeline_project/conda_envs/txpipe_clp/lib/python3.10/site-packages/ceci/stage.py", line 699, in execute
    stage.execute(args)
  File "/sps/lsst/groups/clusters/cl_pipeline_project/conda_envs/txpipe_clp/lib/python3.10/site-packages/ceci/stage.py", line 699, in execute
    stage.run()
  File "/sps/lsst/groups/clusters/cl_pipeline_project/TXPipe/txpipe/extensions/cluster_counts/ingest.py", line 30, in run
    stage.execute(args)
  File "/sps/lsst/groups/clusters/cl_pipeline_project/conda_envs/txpipe_clp/lib/python3.10/site-packages/ceci/stage.py", line 699, in execute
    stage.execute(args)
  File "/sps/lsst/groups/clusters/cl_pipeline_project/conda_envs/txpipe_clp/lib/python3.10/site-packages/ceci/stage.py", line 699, in execute
    stage.execute(args)
  File "/sps/lsst/groups/clusters/cl_pipeline_project/conda_envs/txpipe_clp/lib/python3.10/site-packages/ceci/stage.py", line 699, in execute
    stage.execute(args)
  File "/sps/lsst/groups/clusters/cl_pipeline_project/conda_envs/txpipe_clp/lib/python3.10/site-packages/ceci/stage.py", line 699, in execute
    stage.execute(args)
  File "/sps/lsst/groups/clusters/cl_pipeline_project/conda_envs/txpipe_clp/lib/python3.10/site-packages/ceci/stage.py", line 699, in execute
    PipelineStage.main()
  File "/sps/lsst/groups/clusters/cl_pipeline_project/conda_envs/txpipe_clp/lib/python3.10/site-packages/ceci/stage.py", line 526, in main
    stage.execute(args)
  File "/sps/lsst/groups/clusters/cl_pipeline_project/conda_envs/txpipe_clp/lib/python3.10/site-packages/ceci/stage.py", line 699, in execute
    stage.execute(args)
  File "/sps/lsst/groups/clusters/cl_pipeline_project/conda_envs/txpipe_clp/lib/python3.10/site-packages/ceci/stage.py", line 699, in execute
    PipelineStage.main()
  File "/sps/lsst/groups/clusters/cl_pipeline_project/conda_envs/txpipe_clp/lib/python3.10/site-packages/ceci/stage.py", line 526, in main
    stage.execute(args)
  File "/sps/lsst/groups/clusters/cl_pipeline_project/conda_envs/txpipe_clp/lib/python3.10/site-packages/ceci/stage.py", line 699, in execute
    stage.execute(args)
  File "/sps/lsst/groups/clusters/cl_pipeline_project/conda_envs/txpipe_clp/lib/python3.10/site-packages/ceci/stage.py", line 699, in execute
    stage.run()
  File "/sps/lsst/groups/clusters/cl_pipeline_project/TXPipe/txpipe/extensions/cluster_counts/ingest.py", line 30, in run
    stage.run()
  File "/sps/lsst/groups/clusters/cl_pipeline_project/TXPipe/txpipe/extensions/cluster_counts/ingest.py", line 30, in run
    stage.execute(args)
  File "/sps/lsst/groups/clusters/cl_pipeline_project/conda_envs/txpipe_clp/lib/python3.10/site-packages/ceci/stage.py", line 699, in execute
    stage.execute(args)
  File "/sps/lsst/groups/clusters/cl_pipeline_project/conda_envs/txpipe_clp/lib/python3.10/site-packages/ceci/stage.py", line 699, in execute
    stage.execute(args)
  File "/sps/lsst/groups/clusters/cl_pipeline_project/conda_envs/txpipe_clp/lib/python3.10/site-packages/ceci/stage.py", line 699, in execute
    stage.execute(args)
  File "/sps/lsst/groups/clusters/cl_pipeline_project/conda_envs/txpipe_clp/lib/python3.10/site-packages/ceci/stage.py", line 699, in execute
    stage.run()
  File "/sps/lsst/groups/clusters/cl_pipeline_project/TXPipe/txpipe/extensions/cluster_counts/ingest.py", line 30, in run
    stage.execute(args)
  File "/sps/lsst/groups/clusters/cl_pipeline_project/conda_envs/txpipe_clp/lib/python3.10/site-packages/ceci/stage.py", line 699, in execute
    stage.run()
  File "/sps/lsst/groups/clusters/cl_pipeline_project/TXPipe/txpipe/extensions/cluster_counts/ingest.py", line 30, in run
    stage.run()
  File "/sps/lsst/groups/clusters/cl_pipeline_project/TXPipe/txpipe/extensions/cluster_counts/ingest.py", line 30, in run
    stage.run()
  File "/sps/lsst/groups/clusters/cl_pipeline_project/TXPipe/txpipe/extensions/cluster_counts/ingest.py", line 30, in run
    stage.run()
  File "/sps/lsst/groups/clusters/cl_pipeline_project/TXPipe/txpipe/extensions/cluster_counts/ingest.py", line 30, in run
    stage.run()
  File "/sps/lsst/groups/clusters/cl_pipeline_project/TXPipe/txpipe/extensions/cluster_counts/ingest.py", line 30, in run
    stage.run()
  File "/sps/lsst/groups/clusters/cl_pipeline_project/TXPipe/txpipe/extensions/cluster_counts/ingest.py", line 30, in run
    stage.run()
  File "/sps/lsst/groups/clusters/cl_pipeline_project/TXPipe/txpipe/extensions/cluster_counts/ingest.py", line 30, in run
    stage.run()
  File "/sps/lsst/groups/clusters/cl_pipeline_project/TXPipe/txpipe/extensions/cluster_counts/ingest.py", line 30, in run
    stage.run()
  File "/sps/lsst/groups/clusters/cl_pipeline_project/TXPipe/txpipe/extensions/cluster_counts/ingest.py", line 30, in run
    stage.run()
  File "/sps/lsst/groups/clusters/cl_pipeline_project/TXPipe/txpipe/extensions/cluster_counts/ingest.py", line 30, in run
    stage.run()
  File "/sps/lsst/groups/clusters/cl_pipeline_project/TXPipe/txpipe/extensions/cluster_counts/ingest.py", line 30, in run
    stage.execute(args)
  File "/sps/lsst/groups/clusters/cl_pipeline_project/conda_envs/txpipe_clp/lib/python3.10/site-packages/ceci/stage.py", line 699, in execute
    stage.run()
  File "/sps/lsst/groups/clusters/cl_pipeline_project/TXPipe/txpipe/extensions/cluster_counts/ingest.py", line 30, in run
    stage.run()
  File "/sps/lsst/groups/clusters/cl_pipeline_project/TXPipe/txpipe/extensions/cluster_counts/ingest.py", line 30, in run
    stage.run()
  File "/sps/lsst/groups/clusters/cl_pipeline_project/TXPipe/txpipe/extensions/cluster_counts/ingest.py", line 30, in run
    stage.run()
  File "/sps/lsst/groups/clusters/cl_pipeline_project/TXPipe/txpipe/extensions/cluster_counts/ingest.py", line 30, in run
    stage.run()
  File "/sps/lsst/groups/clusters/cl_pipeline_project/TXPipe/txpipe/extensions/cluster_counts/ingest.py", line 30, in run
    stage.run()
  File "/sps/lsst/groups/clusters/cl_pipeline_project/TXPipe/txpipe/extensions/cluster_counts/ingest.py", line 30, in run
    stage.run()
  File "/sps/lsst/groups/clusters/cl_pipeline_project/TXPipe/txpipe/extensions/cluster_counts/ingest.py", line 30, in run
    with self.open_output("cluster_catalog") as f:
  File "/sps/lsst/groups/clusters/cl_pipeline_project/TXPipe/txpipe/base_stage.py", line 232, in open_output
    with self.open_output("cluster_catalog") as f:
  File "/sps/lsst/groups/clusters/cl_pipeline_project/TXPipe/txpipe/base_stage.py", line 232, in open_output
    with self.open_output("cluster_catalog") as f:
  File "/sps/lsst/groups/clusters/cl_pipeline_project/TXPipe/txpipe/base_stage.py", line 232, in open_output
    with self.open_output("cluster_catalog") as f:
  File "/sps/lsst/groups/clusters/cl_pipeline_project/TXPipe/txpipe/base_stage.py", line 232, in open_output
    with self.open_output("cluster_catalog") as f:
  File "/sps/lsst/groups/clusters/cl_pipeline_project/TXPipe/txpipe/base_stage.py", line 232, in open_output
    with self.open_output("cluster_catalog") as f:
  File "/sps/lsst/groups/clusters/cl_pipeline_project/TXPipe/txpipe/base_stage.py", line 232, in open_output
    obj = output_class(path, "w", extra_provenance=extra_provenance, **kwargs)
    with self.open_output("cluster_catalog") as f:
  File "/sps/lsst/groups/clusters/cl_pipeline_project/TXPipe/txpipe/base_stage.py", line 232, in open_output
    obj = output_class(path, "w", extra_provenance=extra_provenance, **kwargs)
  File "/sps/lsst/groups/clusters/cl_pipeline_project/TXPipe/txpipe/data_types/base.py", line 45, in __init__
    with self.open_output("cluster_catalog") as f:
  File "/sps/lsst/groups/clusters/cl_pipeline_project/TXPipe/txpipe/base_stage.py", line 232, in open_output
    obj = output_class(path, "w", extra_provenance=extra_provenance, **kwargs)
  File "/sps/lsst/groups/clusters/cl_pipeline_project/TXPipe/txpipe/data_types/base.py", line 45, in __init__
    with self.open_output("cluster_catalog") as f:
  File "/sps/lsst/groups/clusters/cl_pipeline_project/TXPipe/txpipe/base_stage.py", line 232, in open_output
    obj = output_class(path, "w", extra_provenance=extra_provenance, **kwargs)
  File "/sps/lsst/groups/clusters/cl_pipeline_project/TXPipe/txpipe/data_types/base.py", line 45, in __init__
    with self.open_output("cluster_catalog") as f:
  File "/sps/lsst/groups/clusters/cl_pipeline_project/TXPipe/txpipe/base_stage.py", line 232, in open_output
    obj = output_class(path, "w", extra_provenance=extra_provenance, **kwargs)
  File "/sps/lsst/groups/clusters/cl_pipeline_project/TXPipe/txpipe/data_types/base.py", line 45, in __init__
    with self.open_output("cluster_catalog") as f:
  File "/sps/lsst/groups/clusters/cl_pipeline_project/TXPipe/txpipe/base_stage.py", line 232, in open_output
    with self.open_output("cluster_catalog") as f:
  File "/sps/lsst/groups/clusters/cl_pipeline_project/TXPipe/txpipe/base_stage.py", line 232, in open_output
    with self.open_output("cluster_catalog") as f:
  File "/sps/lsst/groups/clusters/cl_pipeline_project/TXPipe/txpipe/base_stage.py", line 232, in open_output
    with self.open_output("cluster_catalog") as f:
  File "/sps/lsst/groups/clusters/cl_pipeline_project/TXPipe/txpipe/base_stage.py", line 232, in open_output
    obj = output_class(path, "w", extra_provenance=extra_provenance, **kwargs)
  File "/sps/lsst/groups/clusters/cl_pipeline_project/TXPipe/txpipe/data_types/base.py", line 45, in __init__
    with self.open_output("cluster_catalog") as f:
  File "/sps/lsst/groups/clusters/cl_pipeline_project/TXPipe/txpipe/base_stage.py", line 232, in open_output
    with self.open_output("cluster_catalog") as f:
  File "/sps/lsst/groups/clusters/cl_pipeline_project/TXPipe/txpipe/base_stage.py", line 232, in open_output
    obj = output_class(path, "w", extra_provenance=extra_provenance, **kwargs)
  File "/sps/lsst/groups/clusters/cl_pipeline_project/TXPipe/txpipe/data_types/base.py", line 45, in __init__
    with self.open_output("cluster_catalog") as f:
  File "/sps/lsst/groups/clusters/cl_pipeline_project/TXPipe/txpipe/base_stage.py", line 232, in open_output
    with self.open_output("cluster_catalog") as f:
  File "/sps/lsst/groups/clusters/cl_pipeline_project/TXPipe/txpipe/base_stage.py", line 232, in open_output
    obj = output_class(path, "w", extra_provenance=extra_provenance, **kwargs)
  File "/sps/lsst/groups/clusters/cl_pipeline_project/TXPipe/txpipe/data_types/base.py", line 45, in __init__
    obj = output_class(path, "w", extra_provenance=extra_provenance, **kwargs)
  File "/sps/lsst/groups/clusters/cl_pipeline_project/TXPipe/txpipe/data_types/base.py", line 45, in __init__
    obj = output_class(path, "w", extra_provenance=extra_provenance, **kwargs)
  File "/sps/lsst/groups/clusters/cl_pipeline_project/TXPipe/txpipe/data_types/base.py", line 45, in __init__
    with self.open_output("cluster_catalog") as f:
  File "/sps/lsst/groups/clusters/cl_pipeline_project/TXPipe/txpipe/base_stage.py", line 232, in open_output
    obj = output_class(path, "w", extra_provenance=extra_provenance, **kwargs)
  File "/sps/lsst/groups/clusters/cl_pipeline_project/TXPipe/txpipe/data_types/base.py", line 45, in __init__
    with self.open_output("cluster_catalog") as f:
  File "/sps/lsst/groups/clusters/cl_pipeline_project/TXPipe/txpipe/base_stage.py", line 232, in open_output
    obj = output_class(path, "w", extra_provenance=extra_provenance, **kwargs)
  File "/sps/lsst/groups/clusters/cl_pipeline_project/TXPipe/txpipe/data_types/base.py", line 45, in __init__
  File "/sps/lsst/groups/clusters/cl_pipeline_project/TXPipe/txpipe/data_types/base.py", line 45, in __init__
    with self.open_output("cluster_catalog") as f:
  File "/sps/lsst/groups/clusters/cl_pipeline_project/TXPipe/txpipe/base_stage.py", line 232, in open_output
    obj = output_class(path, "w", extra_provenance=extra_provenance, **kwargs)
  File "/sps/lsst/groups/clusters/cl_pipeline_project/TXPipe/txpipe/data_types/base.py", line 45, in __init__
    with self.open_output("cluster_catalog") as f:
  File "/sps/lsst/groups/clusters/cl_pipeline_project/TXPipe/txpipe/base_stage.py", line 232, in open_output
    obj = output_class(path, "w", extra_provenance=extra_provenance, **kwargs)
  File "/sps/lsst/groups/clusters/cl_pipeline_project/TXPipe/txpipe/data_types/base.py", line 45, in __init__
    with self.open_output("cluster_catalog") as f:
  File "/sps/lsst/groups/clusters/cl_pipeline_project/TXPipe/txpipe/base_stage.py", line 232, in open_output
    obj = output_class(path, "w", extra_provenance=extra_provenance, **kwargs)
  File "/sps/lsst/groups/clusters/cl_pipeline_project/TXPipe/txpipe/data_types/base.py", line 45, in __init__
    with self.open_output("cluster_catalog") as f:
  File "/sps/lsst/groups/clusters/cl_pipeline_project/TXPipe/txpipe/base_stage.py", line 232, in open_output
    obj = output_class(path, "w", extra_provenance=extra_provenance, **kwargs)
  File "/sps/lsst/groups/clusters/cl_pipeline_project/TXPipe/txpipe/data_types/base.py", line 45, in __init__
    with self.open_output("cluster_catalog") as f:
  File "/sps/lsst/groups/clusters/cl_pipeline_project/TXPipe/txpipe/base_stage.py", line 232, in open_output
    obj = output_class(path, "w", extra_provenance=extra_provenance, **kwargs)
  File "/sps/lsst/groups/clusters/cl_pipeline_project/TXPipe/txpipe/data_types/base.py", line 45, in __init__
    with self.open_output("cluster_catalog") as f:
  File "/sps/lsst/groups/clusters/cl_pipeline_project/TXPipe/txpipe/base_stage.py", line 232, in open_output
    obj = output_class(path, "w", extra_provenance=extra_provenance, **kwargs)
  File "/sps/lsst/groups/clusters/cl_pipeline_project/TXPipe/txpipe/data_types/base.py", line 45, in __init__
    with self.open_output("cluster_catalog") as f:
  File "/sps/lsst/groups/clusters/cl_pipeline_project/TXPipe/txpipe/base_stage.py", line 232, in open_output
    obj = output_class(path, "w", extra_provenance=extra_provenance, **kwargs)
  File "/sps/lsst/groups/clusters/cl_pipeline_project/TXPipe/txpipe/data_types/base.py", line 45, in __init__
    obj = output_class(path, "w", extra_provenance=extra_provenance, **kwargs)
  File "/sps/lsst/groups/clusters/cl_pipeline_project/TXPipe/txpipe/data_types/base.py", line 45, in __init__
    obj = output_class(path, "w", extra_provenance=extra_provenance, **kwargs)
  File "/sps/lsst/groups/clusters/cl_pipeline_project/TXPipe/txpipe/data_types/base.py", line 45, in __init__
    obj = output_class(path, "w", extra_provenance=extra_provenance, **kwargs)
  File "/sps/lsst/groups/clusters/cl_pipeline_project/TXPipe/txpipe/data_types/base.py", line 45, in __init__
    obj = output_class(path, "w", extra_provenance=extra_provenance, **kwargs)
  File "/sps/lsst/groups/clusters/cl_pipeline_project/TXPipe/txpipe/data_types/base.py", line 45, in __init__
    obj = output_class(path, "w", extra_provenance=extra_provenance, **kwargs)
  File "/sps/lsst/groups/clusters/cl_pipeline_project/TXPipe/txpipe/data_types/base.py", line 45, in __init__
    obj = output_class(path, "w", extra_provenance=extra_provenance, **kwargs)
  File "/sps/lsst/groups/clusters/cl_pipeline_project/TXPipe/txpipe/data_types/base.py", line 45, in __init__
    obj = output_class(path, "w", extra_provenance=extra_provenance, **kwargs)
  File "/sps/lsst/groups/clusters/cl_pipeline_project/TXPipe/txpipe/data_types/base.py", line 45, in __init__
    with self.open_output("cluster_catalog") as f:
  File "/sps/lsst/groups/clusters/cl_pipeline_project/TXPipe/txpipe/base_stage.py", line 232, in open_output
    obj = output_class(path, "w", extra_provenance=extra_provenance, **kwargs)
  File "/sps/lsst/groups/clusters/cl_pipeline_project/TXPipe/txpipe/data_types/base.py", line 45, in __init__
    obj = output_class(path, "w", extra_provenance=extra_provenance, **kwargs)
  File "/sps/lsst/groups/clusters/cl_pipeline_project/TXPipe/txpipe/data_types/base.py", line 45, in __init__
    with self.open_output("cluster_catalog") as f:
  File "/sps/lsst/groups/clusters/cl_pipeline_project/TXPipe/txpipe/base_stage.py", line 232, in open_output
    obj = output_class(path, "w", extra_provenance=extra_provenance, **kwargs)
  File "/sps/lsst/groups/clusters/cl_pipeline_project/TXPipe/txpipe/data_types/base.py", line 45, in __init__
    self.file = self.open(path, mode, **kwargs)
    self.file = self.open(path, mode, **kwargs)
  File "/sps/lsst/groups/clusters/cl_pipeline_project/TXPipe/txpipe/data_types/base.py", line 165, in open
    self.file = self.open(path, mode, **kwargs)
  File "/sps/lsst/groups/clusters/cl_pipeline_project/TXPipe/txpipe/data_types/base.py", line 165, in open
    self.file = self.open(path, mode, **kwargs)
  File "/sps/lsst/groups/clusters/cl_pipeline_project/TXPipe/txpipe/data_types/base.py", line 165, in open
    self.file = self.open(path, mode, **kwargs)
  File "/sps/lsst/groups/clusters/cl_pipeline_project/TXPipe/txpipe/data_types/base.py", line 165, in open
    self.file = self.open(path, mode, **kwargs)
  File "/sps/lsst/groups/clusters/cl_pipeline_project/TXPipe/txpipe/data_types/base.py", line 165, in open
    self.file = self.open(path, mode, **kwargs)
  File "/sps/lsst/groups/clusters/cl_pipeline_project/TXPipe/txpipe/data_types/base.py", line 165, in open
    self.file = self.open(path, mode, **kwargs)
  File "/sps/lsst/groups/clusters/cl_pipeline_project/TXPipe/txpipe/data_types/base.py", line 165, in open
    self.file = self.open(path, mode, **kwargs)
  File "/sps/lsst/groups/clusters/cl_pipeline_project/TXPipe/txpipe/data_types/base.py", line 165, in open
    self.file = self.open(path, mode, **kwargs)
  File "/sps/lsst/groups/clusters/cl_pipeline_project/TXPipe/txpipe/data_types/base.py", line 165, in open
    self.file = self.open(path, mode, **kwargs)
  File "/sps/lsst/groups/clusters/cl_pipeline_project/TXPipe/txpipe/data_types/base.py", line 165, in open
    self.file = self.open(path, mode, **kwargs)
  File "/sps/lsst/groups/clusters/cl_pipeline_project/TXPipe/txpipe/data_types/base.py", line 165, in open
    self.file = self.open(path, mode, **kwargs)
  File "/sps/lsst/groups/clusters/cl_pipeline_project/TXPipe/txpipe/data_types/base.py", line 165, in open
    self.file = self.open(path, mode, **kwargs)
  File "/sps/lsst/groups/clusters/cl_pipeline_project/TXPipe/txpipe/data_types/base.py", line 165, in open
    self.file = self.open(path, mode, **kwargs)
  File "/sps/lsst/groups/clusters/cl_pipeline_project/TXPipe/txpipe/data_types/base.py", line 165, in open
    self.file = self.open(path, mode, **kwargs)
  File "/sps/lsst/groups/clusters/cl_pipeline_project/TXPipe/txpipe/data_types/base.py", line 165, in open
    self.file = self.open(path, mode, **kwargs)
  File "/sps/lsst/groups/clusters/cl_pipeline_project/TXPipe/txpipe/data_types/base.py", line 165, in open
    return h5py.File(path, mode, **kwargs)
  File "/sps/lsst/groups/clusters/cl_pipeline_project/conda_envs/txpipe_clp/lib/python3.10/site-packages/h5py/_hl/files.py", line 564, in __init__
    self.file = self.open(path, mode, **kwargs)
  File "/sps/lsst/groups/clusters/cl_pipeline_project/TXPipe/txpipe/data_types/base.py", line 165, in open
    self.file = self.open(path, mode, **kwargs)
  File "/sps/lsst/groups/clusters/cl_pipeline_project/TXPipe/txpipe/data_types/base.py", line 165, in open
    self.file = self.open(path, mode, **kwargs)
  File "/sps/lsst/groups/clusters/cl_pipeline_project/TXPipe/txpipe/data_types/base.py", line 165, in open
    self.file = self.open(path, mode, **kwargs)
  File "/sps/lsst/groups/clusters/cl_pipeline_project/TXPipe/txpipe/data_types/base.py", line 165, in open
    self.file = self.open(path, mode, **kwargs)
  File "/sps/lsst/groups/clusters/cl_pipeline_project/TXPipe/txpipe/data_types/base.py", line 165, in open
    self.file = self.open(path, mode, **kwargs)
  File "/sps/lsst/groups/clusters/cl_pipeline_project/TXPipe/txpipe/data_types/base.py", line 165, in open
    self.file = self.open(path, mode, **kwargs)
  File "/sps/lsst/groups/clusters/cl_pipeline_project/TXPipe/txpipe/data_types/base.py", line 165, in open
    self.file = self.open(path, mode, **kwargs)
  File "/sps/lsst/groups/clusters/cl_pipeline_project/TXPipe/txpipe/data_types/base.py", line 165, in open
    return h5py.File(path, mode, **kwargs)
  File "/sps/lsst/groups/clusters/cl_pipeline_project/conda_envs/txpipe_clp/lib/python3.10/site-packages/h5py/_hl/files.py", line 564, in __init__
    self.file = self.open(path, mode, **kwargs)
  File "/sps/lsst/groups/clusters/cl_pipeline_project/TXPipe/txpipe/data_types/base.py", line 165, in open
    return h5py.File(path, mode, **kwargs)
  File "/sps/lsst/groups/clusters/cl_pipeline_project/conda_envs/txpipe_clp/lib/python3.10/site-packages/h5py/_hl/files.py", line 564, in __init__
    self.file = self.open(path, mode, **kwargs)
  File "/sps/lsst/groups/clusters/cl_pipeline_project/TXPipe/txpipe/data_types/base.py", line 165, in open
    return h5py.File(path, mode, **kwargs)
  File "/sps/lsst/groups/clusters/cl_pipeline_project/conda_envs/txpipe_clp/lib/python3.10/site-packages/h5py/_hl/files.py", line 564, in __init__
    return h5py.File(path, mode, **kwargs)
  File "/sps/lsst/groups/clusters/cl_pipeline_project/conda_envs/txpipe_clp/lib/python3.10/site-packages/h5py/_hl/files.py", line 564, in __init__
    return h5py.File(path, mode, **kwargs)
  File "/sps/lsst/groups/clusters/cl_pipeline_project/conda_envs/txpipe_clp/lib/python3.10/site-packages/h5py/_hl/files.py", line 564, in __init__
    return h5py.File(path, mode, **kwargs)
  File "/sps/lsst/groups/clusters/cl_pipeline_project/conda_envs/txpipe_clp/lib/python3.10/site-packages/h5py/_hl/files.py", line 564, in __init__
    return h5py.File(path, mode, **kwargs)
  File "/sps/lsst/groups/clusters/cl_pipeline_project/conda_envs/txpipe_clp/lib/python3.10/site-packages/h5py/_hl/files.py", line 564, in __init__
  File "/sps/lsst/groups/clusters/cl_pipeline_project/TXPipe/txpipe/data_types/base.py", line 165, in open
    return h5py.File(path, mode, **kwargs)
  File "/sps/lsst/groups/clusters/cl_pipeline_project/conda_envs/txpipe_clp/lib/python3.10/site-packages/h5py/_hl/files.py", line 564, in __init__
    return h5py.File(path, mode, **kwargs)
  File "/sps/lsst/groups/clusters/cl_pipeline_project/conda_envs/txpipe_clp/lib/python3.10/site-packages/h5py/_hl/files.py", line 564, in __init__
    return h5py.File(path, mode, **kwargs)
  File "/sps/lsst/groups/clusters/cl_pipeline_project/conda_envs/txpipe_clp/lib/python3.10/site-packages/h5py/_hl/files.py", line 564, in __init__
    return h5py.File(path, mode, **kwargs)
  File "/sps/lsst/groups/clusters/cl_pipeline_project/conda_envs/txpipe_clp/lib/python3.10/site-packages/h5py/_hl/files.py", line 564, in __init__
    return h5py.File(path, mode, **kwargs)
  File "/sps/lsst/groups/clusters/cl_pipeline_project/conda_envs/txpipe_clp/lib/python3.10/site-packages/h5py/_hl/files.py", line 564, in __init__
    return h5py.File(path, mode, **kwargs)
  File "/sps/lsst/groups/clusters/cl_pipeline_project/conda_envs/txpipe_clp/lib/python3.10/site-packages/h5py/_hl/files.py", line 564, in __init__
    return h5py.File(path, mode, **kwargs)
  File "/sps/lsst/groups/clusters/cl_pipeline_project/conda_envs/txpipe_clp/lib/python3.10/site-packages/h5py/_hl/files.py", line 564, in __init__
    return h5py.File(path, mode, **kwargs)
  File "/sps/lsst/groups/clusters/cl_pipeline_project/conda_envs/txpipe_clp/lib/python3.10/site-packages/h5py/_hl/files.py", line 564, in __init__
    return h5py.File(path, mode, **kwargs)
  File "/sps/lsst/groups/clusters/cl_pipeline_project/conda_envs/txpipe_clp/lib/python3.10/site-packages/h5py/_hl/files.py", line 564, in __init__
    return h5py.File(path, mode, **kwargs)
  File "/sps/lsst/groups/clusters/cl_pipeline_project/conda_envs/txpipe_clp/lib/python3.10/site-packages/h5py/_hl/files.py", line 564, in __init__
    return h5py.File(path, mode, **kwargs)
  File "/sps/lsst/groups/clusters/cl_pipeline_project/conda_envs/txpipe_clp/lib/python3.10/site-packages/h5py/_hl/files.py", line 564, in __init__
    return h5py.File(path, mode, **kwargs)
  File "/sps/lsst/groups/clusters/cl_pipeline_project/conda_envs/txpipe_clp/lib/python3.10/site-packages/h5py/_hl/files.py", line 564, in __init__
    return h5py.File(path, mode, **kwargs)
  File "/sps/lsst/groups/clusters/cl_pipeline_project/conda_envs/txpipe_clp/lib/python3.10/site-packages/h5py/_hl/files.py", line 564, in __init__
    return h5py.File(path, mode, **kwargs)
  File "/sps/lsst/groups/clusters/cl_pipeline_project/conda_envs/txpipe_clp/lib/python3.10/site-packages/h5py/_hl/files.py", line 564, in __init__
    return h5py.File(path, mode, **kwargs)
  File "/sps/lsst/groups/clusters/cl_pipeline_project/conda_envs/txpipe_clp/lib/python3.10/site-packages/h5py/_hl/files.py", line 564, in __init__
    return h5py.File(path, mode, **kwargs)
  File "/sps/lsst/groups/clusters/cl_pipeline_project/conda_envs/txpipe_clp/lib/python3.10/site-packages/h5py/_hl/files.py", line 564, in __init__
    return h5py.File(path, mode, **kwargs)
  File "/sps/lsst/groups/clusters/cl_pipeline_project/conda_envs/txpipe_clp/lib/python3.10/site-packages/h5py/_hl/files.py", line 564, in __init__
    return h5py.File(path, mode, **kwargs)
  File "/sps/lsst/groups/clusters/cl_pipeline_project/conda_envs/txpipe_clp/lib/python3.10/site-packages/h5py/_hl/files.py", line 564, in __init__
    self.file = self.open(path, mode, **kwargs)
  File "/sps/lsst/groups/clusters/cl_pipeline_project/TXPipe/txpipe/data_types/base.py", line 165, in open
    return h5py.File(path, mode, **kwargs)
  File "/sps/lsst/groups/clusters/cl_pipeline_project/conda_envs/txpipe_clp/lib/python3.10/site-packages/h5py/_hl/files.py", line 564, in __init__
    self.file = self.open(path, mode, **kwargs)
  File "/sps/lsst/groups/clusters/cl_pipeline_project/TXPipe/txpipe/data_types/base.py", line 165, in open
    return h5py.File(path, mode, **kwargs)
  File "/sps/lsst/groups/clusters/cl_pipeline_project/conda_envs/txpipe_clp/lib/python3.10/site-packages/h5py/_hl/files.py", line 564, in __init__
    return h5py.File(path, mode, **kwargs)
  File "/sps/lsst/groups/clusters/cl_pipeline_project/conda_envs/txpipe_clp/lib/python3.10/site-packages/h5py/_hl/files.py", line 564, in __init__
    fid = make_fid(name, mode, userblock_size, fapl, fcpl, swmr=swmr)
  File "/sps/lsst/groups/clusters/cl_pipeline_project/conda_envs/txpipe_clp/lib/python3.10/site-packages/h5py/_hl/files.py", line 244, in make_fid
    fid = make_fid(name, mode, userblock_size, fapl, fcpl, swmr=swmr)
  File "/sps/lsst/groups/clusters/cl_pipeline_project/conda_envs/txpipe_clp/lib/python3.10/site-packages/h5py/_hl/files.py", line 244, in make_fid
    fid = make_fid(name, mode, userblock_size, fapl, fcpl, swmr=swmr)
  File "/sps/lsst/groups/clusters/cl_pipeline_project/conda_envs/txpipe_clp/lib/python3.10/site-packages/h5py/_hl/files.py", line 244, in make_fid
    fid = h5f.create(name, h5f.ACC_TRUNC, fapl=fapl, fcpl=fcpl)
  File "h5py/_objects.pyx", line 54, in h5py._objects.with_phil.wrapper
    fid = make_fid(name, mode, userblock_size, fapl, fcpl, swmr=swmr)
  File "/sps/lsst/groups/clusters/cl_pipeline_project/conda_envs/txpipe_clp/lib/python3.10/site-packages/h5py/_hl/files.py", line 244, in make_fid
    fid = h5f.create(name, h5f.ACC_TRUNC, fapl=fapl, fcpl=fcpl)
  File "h5py/_objects.pyx", line 54, in h5py._objects.with_phil.wrapper
    fid = make_fid(name, mode, userblock_size, fapl, fcpl, swmr=swmr)
  File "/sps/lsst/groups/clusters/cl_pipeline_project/conda_envs/txpipe_clp/lib/python3.10/site-packages/h5py/_hl/files.py", line 244, in make_fid
    fid = h5f.create(name, h5f.ACC_TRUNC, fapl=fapl, fcpl=fcpl)
  File "h5py/_objects.pyx", line 54, in h5py._objects.with_phil.wrapper
    fid = make_fid(name, mode, userblock_size, fapl, fcpl, swmr=swmr)
  File "/sps/lsst/groups/clusters/cl_pipeline_project/conda_envs/txpipe_clp/lib/python3.10/site-packages/h5py/_hl/files.py", line 244, in make_fid
    fid = make_fid(name, mode, userblock_size, fapl, fcpl, swmr=swmr)
  File "/sps/lsst/groups/clusters/cl_pipeline_project/conda_envs/txpipe_clp/lib/python3.10/site-packages/h5py/_hl/files.py", line 244, in make_fid
    fid = make_fid(name, mode, userblock_size, fapl, fcpl, swmr=swmr)
  File "/sps/lsst/groups/clusters/cl_pipeline_project/conda_envs/txpipe_clp/lib/python3.10/site-packages/h5py/_hl/files.py", line 244, in make_fid
    fid = h5f.create(name, h5f.ACC_TRUNC, fapl=fapl, fcpl=fcpl)
  File "h5py/_objects.pyx", line 54, in h5py._objects.with_phil.wrapper
    fid = make_fid(name, mode, userblock_size, fapl, fcpl, swmr=swmr)
  File "/sps/lsst/groups/clusters/cl_pipeline_project/conda_envs/txpipe_clp/lib/python3.10/site-packages/h5py/_hl/files.py", line 244, in make_fid
    fid = make_fid(name, mode, userblock_size, fapl, fcpl, swmr=swmr)
  File "/sps/lsst/groups/clusters/cl_pipeline_project/conda_envs/txpipe_clp/lib/python3.10/site-packages/h5py/_hl/files.py", line 244, in make_fid
    fid = h5f.create(name, h5f.ACC_TRUNC, fapl=fapl, fcpl=fcpl)
  File "h5py/_objects.pyx", line 54, in h5py._objects.with_phil.wrapper
    fid = make_fid(name, mode, userblock_size, fapl, fcpl, swmr=swmr)
  File "/sps/lsst/groups/clusters/cl_pipeline_project/conda_envs/txpipe_clp/lib/python3.10/site-packages/h5py/_hl/files.py", line 244, in make_fid
    fid = h5f.create(name, h5f.ACC_TRUNC, fapl=fapl, fcpl=fcpl)
  File "h5py/_objects.pyx", line 54, in h5py._objects.with_phil.wrapper
    fid = make_fid(name, mode, userblock_size, fapl, fcpl, swmr=swmr)
  File "/sps/lsst/groups/clusters/cl_pipeline_project/conda_envs/txpipe_clp/lib/python3.10/site-packages/h5py/_hl/files.py", line 244, in make_fid
    fid = h5f.create(name, h5f.ACC_TRUNC, fapl=fapl, fcpl=fcpl)
  File "h5py/_objects.pyx", line 54, in h5py._objects.with_phil.wrapper
    fid = make_fid(name, mode, userblock_size, fapl, fcpl, swmr=swmr)
  File "/sps/lsst/groups/clusters/cl_pipeline_project/conda_envs/txpipe_clp/lib/python3.10/site-packages/h5py/_hl/files.py", line 244, in make_fid
    fid = make_fid(name, mode, userblock_size, fapl, fcpl, swmr=swmr)
  File "/sps/lsst/groups/clusters/cl_pipeline_project/conda_envs/txpipe_clp/lib/python3.10/site-packages/h5py/_hl/files.py", line 244, in make_fid
    fid = make_fid(name, mode, userblock_size, fapl, fcpl, swmr=swmr)
  File "/sps/lsst/groups/clusters/cl_pipeline_project/conda_envs/txpipe_clp/lib/python3.10/site-packages/h5py/_hl/files.py", line 244, in make_fid
    fid = h5f.create(name, h5f.ACC_TRUNC, fapl=fapl, fcpl=fcpl)
  File "h5py/_objects.pyx", line 54, in h5py._objects.with_phil.wrapper
    fid = make_fid(name, mode, userblock_size, fapl, fcpl, swmr=swmr)
  File "/sps/lsst/groups/clusters/cl_pipeline_project/conda_envs/txpipe_clp/lib/python3.10/site-packages/h5py/_hl/files.py", line 244, in make_fid
    fid = make_fid(name, mode, userblock_size, fapl, fcpl, swmr=swmr)
  File "/sps/lsst/groups/clusters/cl_pipeline_project/conda_envs/txpipe_clp/lib/python3.10/site-packages/h5py/_hl/files.py", line 244, in make_fid
    fid = h5f.create(name, h5f.ACC_TRUNC, fapl=fapl, fcpl=fcpl)
  File "h5py/_objects.pyx", line 54, in h5py._objects.with_phil.wrapper
    fid = make_fid(name, mode, userblock_size, fapl, fcpl, swmr=swmr)
  File "/sps/lsst/groups/clusters/cl_pipeline_project/conda_envs/txpipe_clp/lib/python3.10/site-packages/h5py/_hl/files.py", line 244, in make_fid
    fid = make_fid(name, mode, userblock_size, fapl, fcpl, swmr=swmr)
  File "/sps/lsst/groups/clusters/cl_pipeline_project/conda_envs/txpipe_clp/lib/python3.10/site-packages/h5py/_hl/files.py", line 244, in make_fid
    fid = make_fid(name, mode, userblock_size, fapl, fcpl, swmr=swmr)
  File "/sps/lsst/groups/clusters/cl_pipeline_project/conda_envs/txpipe_clp/lib/python3.10/site-packages/h5py/_hl/files.py", line 244, in make_fid
    fid = h5f.create(name, h5f.ACC_TRUNC, fapl=fapl, fcpl=fcpl)
  File "h5py/_objects.pyx", line 54, in h5py._objects.with_phil.wrapper
    fid = make_fid(name, mode, userblock_size, fapl, fcpl, swmr=swmr)
  File "/sps/lsst/groups/clusters/cl_pipeline_project/conda_envs/txpipe_clp/lib/python3.10/site-packages/h5py/_hl/files.py", line 244, in make_fid
    fid = make_fid(name, mode, userblock_size, fapl, fcpl, swmr=swmr)
  File "/sps/lsst/groups/clusters/cl_pipeline_project/conda_envs/txpipe_clp/lib/python3.10/site-packages/h5py/_hl/files.py", line 244, in make_fid
    fid = h5f.create(name, h5f.ACC_TRUNC, fapl=fapl, fcpl=fcpl)
  File "h5py/_objects.pyx", line 54, in h5py._objects.with_phil.wrapper
    fid = make_fid(name, mode, userblock_size, fapl, fcpl, swmr=swmr)
  File "/sps/lsst/groups/clusters/cl_pipeline_project/conda_envs/txpipe_clp/lib/python3.10/site-packages/h5py/_hl/files.py", line 244, in make_fid
    fid = h5f.create(name, h5f.ACC_TRUNC, fapl=fapl, fcpl=fcpl)
  File "h5py/_objects.pyx", line 54, in h5py._objects.with_phil.wrapper
    fid = make_fid(name, mode, userblock_size, fapl, fcpl, swmr=swmr)
  File "/sps/lsst/groups/clusters/cl_pipeline_project/conda_envs/txpipe_clp/lib/python3.10/site-packages/h5py/_hl/files.py", line 244, in make_fid
    fid = h5f.create(name, h5f.ACC_TRUNC, fapl=fapl, fcpl=fcpl)
  File "h5py/_objects.pyx", line 54, in h5py._objects.with_phil.wrapper
    fid = make_fid(name, mode, userblock_size, fapl, fcpl, swmr=swmr)
  File "/sps/lsst/groups/clusters/cl_pipeline_project/conda_envs/txpipe_clp/lib/python3.10/site-packages/h5py/_hl/files.py", line 244, in make_fid
    fid = h5f.create(name, h5f.ACC_TRUNC, fapl=fapl, fcpl=fcpl)
  File "h5py/_objects.pyx", line 54, in h5py._objects.with_phil.wrapper
    fid = make_fid(name, mode, userblock_size, fapl, fcpl, swmr=swmr)
  File "/sps/lsst/groups/clusters/cl_pipeline_project/conda_envs/txpipe_clp/lib/python3.10/site-packages/h5py/_hl/files.py", line 244, in make_fid
    fid = h5f.create(name, h5f.ACC_TRUNC, fapl=fapl, fcpl=fcpl)
  File "h5py/_objects.pyx", line 54, in h5py._objects.with_phil.wrapper
    fid = make_fid(name, mode, userblock_size, fapl, fcpl, swmr=swmr)
  File "/sps/lsst/groups/clusters/cl_pipeline_project/conda_envs/txpipe_clp/lib/python3.10/site-packages/h5py/_hl/files.py", line 244, in make_fid
    fid = make_fid(name, mode, userblock_size, fapl, fcpl, swmr=swmr)
  File "/sps/lsst/groups/clusters/cl_pipeline_project/conda_envs/txpipe_clp/lib/python3.10/site-packages/h5py/_hl/files.py", line 244, in make_fid
    fid = h5f.create(name, h5f.ACC_TRUNC, fapl=fapl, fcpl=fcpl)
  File "h5py/_objects.pyx", line 54, in h5py._objects.with_phil.wrapper
    fid = h5f.create(name, h5f.ACC_TRUNC, fapl=fapl, fcpl=fcpl)
  File "h5py/_objects.pyx", line 54, in h5py._objects.with_phil.wrapper
    fid = h5f.create(name, h5f.ACC_TRUNC, fapl=fapl, fcpl=fcpl)
  File "h5py/_objects.pyx", line 54, in h5py._objects.with_phil.wrapper
    fid = h5f.create(name, h5f.ACC_TRUNC, fapl=fapl, fcpl=fcpl)
  File "h5py/_objects.pyx", line 54, in h5py._objects.with_phil.wrapper
    fid = make_fid(name, mode, userblock_size, fapl, fcpl, swmr=swmr)
  File "/sps/lsst/groups/clusters/cl_pipeline_project/conda_envs/txpipe_clp/lib/python3.10/site-packages/h5py/_hl/files.py", line 244, in make_fid
    fid = h5f.create(name, h5f.ACC_TRUNC, fapl=fapl, fcpl=fcpl)
  File "h5py/_objects.pyx", line 54, in h5py._objects.with_phil.wrapper
    fid = h5f.create(name, h5f.ACC_TRUNC, fapl=fapl, fcpl=fcpl)
  File "h5py/_objects.pyx", line 54, in h5py._objects.with_phil.wrapper
    fid = h5f.create(name, h5f.ACC_TRUNC, fapl=fapl, fcpl=fcpl)
  File "h5py/_objects.pyx", line 54, in h5py._objects.with_phil.wrapper
    fid = h5f.create(name, h5f.ACC_TRUNC, fapl=fapl, fcpl=fcpl)
  File "h5py/_objects.pyx", line 54, in h5py._objects.with_phil.wrapper
    fid = h5f.create(name, h5f.ACC_TRUNC, fapl=fapl, fcpl=fcpl)
  File "h5py/_objects.pyx", line 54, in h5py._objects.with_phil.wrapper
    fid = h5f.create(name, h5f.ACC_TRUNC, fapl=fapl, fcpl=fcpl)
  File "h5py/_objects.pyx", line 54, in h5py._objects.with_phil.wrapper
    fid = h5f.create(name, h5f.ACC_TRUNC, fapl=fapl, fcpl=fcpl)
  File "h5py/_objects.pyx", line 54, in h5py._objects.with_phil.wrapper
    fid = h5f.create(name, h5f.ACC_TRUNC, fapl=fapl, fcpl=fcpl)
  File "h5py/_objects.pyx", line 54, in h5py._objects.with_phil.wrapper
    fid = h5f.create(name, h5f.ACC_TRUNC, fapl=fapl, fcpl=fcpl)
  File "h5py/_objects.pyx", line 54, in h5py._objects.with_phil.wrapper
    fid = h5f.create(name, h5f.ACC_TRUNC, fapl=fapl, fcpl=fcpl)
  File "h5py/_objects.pyx", line 54, in h5py._objects.with_phil.wrapper
  File "h5py/_objects.pyx", line 55, in h5py._objects.with_phil.wrapper
  File "h5py/_objects.pyx", line 55, in h5py._objects.with_phil.wrapper
  File "h5py/_objects.pyx", line 55, in h5py._objects.with_phil.wrapper
  File "h5py/_objects.pyx", line 55, in h5py._objects.with_phil.wrapper
  File "h5py/_objects.pyx", line 55, in h5py._objects.with_phil.wrapper
  File "h5py/_objects.pyx", line 55, in h5py._objects.with_phil.wrapper
  File "h5py/_objects.pyx", line 55, in h5py._objects.with_phil.wrapper
  File "h5py/_objects.pyx", line 55, in h5py._objects.with_phil.wrapper
  File "h5py/_objects.pyx", line 55, in h5py._objects.with_phil.wrapper
  File "h5py/_objects.pyx", line 55, in h5py._objects.with_phil.wrapper
  File "h5py/_objects.pyx", line 55, in h5py._objects.with_phil.wrapper
  File "h5py/_objects.pyx", line 55, in h5py._objects.with_phil.wrapper
  File "h5py/_objects.pyx", line 55, in h5py._objects.with_phil.wrapper
  File "h5py/_objects.pyx", line 55, in h5py._objects.with_phil.wrapper
  File "h5py/_objects.pyx", line 55, in h5py._objects.with_phil.wrapper
  File "h5py/_objects.pyx", line 55, in h5py._objects.with_phil.wrapper
  File "h5py/_objects.pyx", line 55, in h5py._objects.with_phil.wrapper
  File "h5py/h5f.pyx", line 122, in h5py.h5f.create
  File "h5py/_objects.pyx", line 55, in h5py._objects.with_phil.wrapper
  File "h5py/_objects.pyx", line 55, in h5py._objects.with_phil.wrapper
  File "h5py/_objects.pyx", line 55, in h5py._objects.with_phil.wrapper
  File "h5py/_objects.pyx", line 55, in h5py._objects.with_phil.wrapper
  File "h5py/_objects.pyx", line 55, in h5py._objects.with_phil.wrapper
  File "h5py/_objects.pyx", line 55, in h5py._objects.with_phil.wrapper
  File "h5py/h5f.pyx", line 122, in h5py.h5f.create
  File "h5py/_objects.pyx", line 55, in h5py._objects.with_phil.wrapper
  File "h5py/_objects.pyx", line 55, in h5py._objects.with_phil.wrapper
  File "h5py/_objects.pyx", line 55, in h5py._objects.with_phil.wrapper
  File "h5py/_objects.pyx", line 55, in h5py._objects.with_phil.wrapper
  File "h5py/h5f.pyx", line 122, in h5py.h5f.create
  File "h5py/_objects.pyx", line 55, in h5py._objects.with_phil.wrapper
  File "h5py/h5f.pyx", line 122, in h5py.h5f.create
  File "h5py/h5f.pyx", line 122, in h5py.h5f.create
  File "h5py/h5f.pyx", line 122, in h5py.h5f.create
  File "h5py/h5f.pyx", line 122, in h5py.h5f.create
  File "h5py/h5f.pyx", line 122, in h5py.h5f.create
  File "h5py/h5f.pyx", line 122, in h5py.h5f.create
  File "h5py/h5f.pyx", line 122, in h5py.h5f.create
  File "h5py/h5f.pyx", line 122, in h5py.h5f.create
  File "h5py/h5f.pyx", line 122, in h5py.h5f.create
  File "h5py/h5f.pyx", line 122, in h5py.h5f.create
  File "h5py/h5f.pyx", line 122, in h5py.h5f.create
  File "h5py/h5f.pyx", line 122, in h5py.h5f.create
  File "h5py/h5f.pyx", line 122, in h5py.h5f.create
  File "h5py/h5f.pyx", line 122, in h5py.h5f.create
  File "h5py/h5f.pyx", line 122, in h5py.h5f.create
  File "h5py/h5f.pyx", line 122, in h5py.h5f.create
  File "h5py/h5f.pyx", line 122, in h5py.h5f.create
  File "h5py/h5f.pyx", line 122, in h5py.h5f.create
  File "h5py/h5f.pyx", line 122, in h5py.h5f.create
  File "h5py/h5f.pyx", line 122, in h5py.h5f.create
  File "h5py/h5f.pyx", line 122, in h5py.h5f.create
  File "h5py/h5f.pyx", line 122, in h5py.h5f.create
  File "h5py/h5f.pyx", line 122, in h5py.h5f.create
  File "h5py/h5f.pyx", line 122, in h5py.h5f.create
  File "h5py/_objects.pyx", line 55, in h5py._objects.with_phil.wrapper
  File "h5py/h5f.pyx", line 122, in h5py.h5f.create
BlockingIOError: [Errno 11] Unable to synchronously create file (unable to lock file, errno = 11, error message = 'Resource temporarily unavailable')
BlockingIOError: [Errno 11] Unable to synchronously create file (unable to lock file, errno = 11, error message = 'Resource temporarily unavailable')
BlockingIOError: [Errno 11] Unable to synchronously create file (unable to lock file, errno = 11, error message = 'Resource temporarily unavailable')
BlockingIOError: [Errno 11] Unable to synchronously create file (unable to lock file, errno = 11, error message = 'Resource temporarily unavailable')
BlockingIOError: [Errno 11] Unable to synchronously create file (unable to lock file, errno = 11, error message = 'Resource temporarily unavailable')
BlockingIOError: [Errno 11] Unable to synchronously create file (unable to lock file, errno = 11, error message = 'Resource temporarily unavailable')
BlockingIOError: [Errno 11] Unable to synchronously create file (unable to lock file, errno = 11, error message = 'Resource temporarily unavailable')
BlockingIOError: [Errno 11] Unable to synchronously create file (unable to lock file, errno = 11, error message = 'Resource temporarily unavailable')
BlockingIOError: [Errno 11] Unable to synchronously create file (unable to lock file, errno = 11, error message = 'Resource temporarily unavailable')
BlockingIOError: [Errno 11] Unable to synchronously create file (unable to lock file, errno = 11, error message = 'Resource temporarily unavailable')
BlockingIOError: [Errno 11] Unable to synchronously create file (unable to lock file, errno = 11, error message = 'Resource temporarily unavailable')
BlockingIOError: [Errno 11] Unable to synchronously create file (unable to lock file, errno = 11, error message = 'Resource temporarily unavailable')
BlockingIOError: [Errno 11] Unable to synchronously create file (unable to lock file, errno = 11, error message = 'Resource temporarily unavailable')
BlockingIOError: [Errno 11] Unable to synchronously create file (unable to lock file, errno = 11, error message = 'Resource temporarily unavailable')
BlockingIOError: [Errno 11] Unable to synchronously create file (unable to lock file, errno = 11, error message = 'Resource temporarily unavailable')
BlockingIOError: [Errno 11] Unable to synchronously create file (unable to lock file, errno = 11, error message = 'Resource temporarily unavailable')
BlockingIOError: [Errno 11] Unable to synchronously create file (unable to lock file, errno = 11, error message = 'Resource temporarily unavailable')
BlockingIOError: [Errno 11] Unable to synchronously create file (unable to lock file, errno = 11, error message = 'Resource temporarily unavailable')
BlockingIOError: [Errno 11] Unable to synchronously create file (unable to lock file, errno = 11, error message = 'Resource temporarily unavailable')
BlockingIOError: [Errno 11] Unable to synchronously create file (unable to lock file, errno = 11, error message = 'Resource temporarily unavailable')
Executing stage: CLIngestRedmapper @ 2025-05-26 15:53:43.474354
Stage failed: CLIngestRedmapper @ 2025-05-26 15:54:26.775086 after 0.72 minutes
  File "h5py/h5f.pyx", line 122, in h5py.h5f.create
BlockingIOError: [Errno 11] Unable to synchronously create file (unable to lock file, errno = 11, error message = 'Resource temporarily unavailable')
BlockingIOError: [Errno 11] Unable to synchronously create file (unable to lock file, errno = 11, error message = 'Resource temporarily unavailable')
BlockingIOError: [Errno 11] Unable to synchronously create file (unable to lock file, errno = 11, error message = 'Resource temporarily unavailable')
BlockingIOError: [Errno 11] Unable to synchronously create file (unable to lock file, errno = 11, error message = 'Resource temporarily unavailable')
BlockingIOError: [Errno 11] Unable to synchronously create file (unable to lock file, errno = 11, error message = 'Resource temporarily unavailable')
BlockingIOError: [Errno 11] Unable to synchronously create file (unable to lock file, errno = 11, error message = 'Resource temporarily unavailable')
BlockingIOError: [Errno 11] Unable to synchronously create file (unable to lock file, errno = 11, error message = 'Resource temporarily unavailable')
BlockingIOError: [Errno 11] Unable to synchronously create file (unable to lock file, errno = 11, error message = 'Resource temporarily unavailable')
BlockingIOError: [Errno 11] Unable to synchronously create file (unable to lock file, errno = 11, error message = 'Resource temporarily unavailable')
slurmstepd: error: *** STEP 61332578.0 ON ccwslurm2001 CANCELLED AT 2025-05-27T04:53:14 DUE TO TIME LIMIT ***
