000 (98528.000.000) 2025-08-07 14:53:05 Job submitted from host: <134.158.101.174:9618?addrs=134.158.101.174-9618+[2001-660-5310-29-1--5]-9618&alias=lappui9e.in2p3.fr&noUDP&sock=schedd_1447_19a1>
...
009 (98528.000.000) 2025-08-07 15:03:36 Job was aborted.
	via condor_rm (by user barroso)
...
000 (98529.000.000) 2025-08-07 15:04:12 Job submitted from host: <134.158.101.174:9618?addrs=134.158.101.174-9618+[2001-660-5310-29-1--5]-9618&alias=lappui9e.in2p3.fr&noUDP&sock=schedd_1447_19a1>
...
001 (98529.000.000) 2025-08-07 15:40:23 Job executing on host: <134.158.102.91:9618?addrs=134.158.102.91-9618+[2001-660-5310-400--341]-9618&alias=lapp-wn341.in2p3.fr&noUDP&sock=startd_9992_4266>
	SlotName: slot1_12@lapp-wn341.in2p3.fr
	CondorScratchDir = "/var/spool/condor/condor/dir_328132"
	Cpus = 8
	Disk = 3671956
	gpus = 0
	Memory = 102400
...
006 (98529.000.000) 2025-08-07 15:40:37 Image size of job updated: 112612
	110  -  MemoryUsage of job (MB)
	112612  -  ResidentSetSize of job (KB)
...
006 (98529.000.000) 2025-08-07 15:42:04 Image size of job updated: 1749988
	110  -  MemoryUsage of job (MB)
	112612  -  ResidentSetSize of job (KB)
...
005 (98529.000.000) 2025-08-07 15:42:04 Job terminated.
	(1) Normal termination (return value 1)
		Usr 0 00:06:27, Sys 0 00:00:55  -  Run Remote Usage
		Usr 0 00:00:00, Sys 0 00:00:00  -  Run Local Usage
		Usr 0 00:06:27, Sys 0 00:00:55  -  Total Remote Usage
		Usr 0 00:00:00, Sys 0 00:00:00  -  Total Local Usage
	0  -  Run Bytes Sent By Job
	0  -  Run Bytes Received By Job
	0  -  Total Bytes Sent By Job
	0  -  Total Bytes Received By Job
	Partitionable Resources :    Usage  Request Allocated 
	   Cpus                 :                 8         8 
	   Disk (KB)            :        1        0   3671956 
	   gpus                 :                           0 
	   Memory (MB)          :      110   102400    102400 

	Job terminated of its own accord at 2025-08-07T13:42:04Z with exit-code 1.
...
000 (98530.000.000) 2025-08-08 13:16:25 Job submitted from host: <134.158.101.174:9618?addrs=134.158.101.174-9618+[2001-660-5310-29-1--5]-9618&alias=lappui9e.in2p3.fr&noUDP&sock=schedd_1447_19a1>
...
001 (98530.000.000) 2025-08-08 13:34:16 Job executing on host: <134.158.102.100:9618?addrs=134.158.102.100-9618+[2001-660-5310-400--350]-9618&alias=lapp-wn350.in2p3.fr&noUDP&sock=startd_3032_473d>
	SlotName: slot1_24@lapp-wn350.in2p3.fr
	CondorScratchDir = "/var/spool/condor/condor/dir_792508"
	Cpus = 8
	Disk = 3659562
	gpus = 0
	Memory = 102400
...
006 (98530.000.000) 2025-08-08 13:34:28 Image size of job updated: 104316
	0  -  MemoryUsage of job (MB)
	0  -  ResidentSetSize of job (KB)
...
005 (98530.000.000) 2025-08-08 13:34:28 Job terminated.
	(1) Normal termination (return value 1)
		Usr 0 00:00:02, Sys 0 00:00:00  -  Run Remote Usage
		Usr 0 00:00:00, Sys 0 00:00:00  -  Run Local Usage
		Usr 0 00:00:02, Sys 0 00:00:00  -  Total Remote Usage
		Usr 0 00:00:00, Sys 0 00:00:00  -  Total Local Usage
	0  -  Run Bytes Sent By Job
	0  -  Run Bytes Received By Job
	0  -  Total Bytes Sent By Job
	0  -  Total Bytes Received By Job
	Partitionable Resources :    Usage  Request Allocated 
	   Cpus                 :                 8         8 
	   Disk (KB)            :        1        0   3659562 
	   gpus                 :                           0 
	   Memory (MB)          :        0   102400    102400 

	Job terminated of its own accord at 2025-08-08T11:34:28Z with exit-code 1.
...
000 (98531.000.000) 2025-08-08 13:49:30 Job submitted from host: <134.158.101.174:9618?addrs=134.158.101.174-9618+[2001-660-5310-29-1--5]-9618&alias=lappui9e.in2p3.fr&noUDP&sock=schedd_1447_19a1>
...
001 (98531.000.000) 2025-08-08 13:54:39 Job executing on host: <134.158.102.90:9618?addrs=134.158.102.90-9618+[2001-660-5310-400--340]-9618&alias=lapp-wn340.in2p3.fr&noUDP&sock=startd_3048_40c1>
	SlotName: slot1_7@lapp-wn340.in2p3.fr
	CondorScratchDir = "/var/spool/condor/condor/dir_1611841"
	Cpus = 8
	Disk = 3656549
	gpus = 0
	Memory = 102400
...
006 (98531.000.000) 2025-08-08 13:54:52 Image size of job updated: 112844
	111  -  MemoryUsage of job (MB)
	112844  -  ResidentSetSize of job (KB)
...
006 (98531.000.000) 2025-08-08 13:55:49 Image size of job updated: 1876800
	111  -  MemoryUsage of job (MB)
	112900  -  ResidentSetSize of job (KB)
...
005 (98531.000.000) 2025-08-08 13:55:49 Job terminated.
	(1) Normal termination (return value 1)
		Usr 0 00:03:25, Sys 0 00:00:53  -  Run Remote Usage
		Usr 0 00:00:00, Sys 0 00:00:00  -  Run Local Usage
		Usr 0 00:03:25, Sys 0 00:00:53  -  Total Remote Usage
		Usr 0 00:00:00, Sys 0 00:00:00  -  Total Local Usage
	0  -  Run Bytes Sent By Job
	0  -  Run Bytes Received By Job
	0  -  Total Bytes Sent By Job
	0  -  Total Bytes Received By Job
	Partitionable Resources :    Usage  Request Allocated 
	   Cpus                 :                 8         8 
	   Disk (KB)            :        1        0   3656549 
	   gpus                 :                           0 
	   Memory (MB)          :      111   102400    102400 

	Job terminated of its own accord at 2025-08-08T11:55:49Z with exit-code 1.
...
