/mustfs/CONTAINERS/conda/lsst/txpipe_clp/lib/python3.10/site-packages/ceci/__init__.py:12: UserWarning: pkg_resources is deprecated as an API. See https://setuptools.pypa.io/en/latest/pkg_resources.html. The pkg_resources package is slated for removal as early as 2025-11-30. Refrain from using this package or pin to Setuptools<81.
  from pkg_resources import DistributionNotFound
/mustfs/CONTAINERS/conda/lsst/txpipe_clp/lib/python3.10/site-packages/ceci/__init__.py:12: UserWarning: pkg_resources is deprecated as an API. See https://setuptools.pypa.io/en/latest/pkg_resources.html. The pkg_resources package is slated for removal as early as 2025-11-30. Refrain from using this package or pin to Setuptools<81.
  from pkg_resources import DistributionNotFound
/mustfs/CONTAINERS/conda/lsst/txpipe_clp/lib/python3.10/site-packages/ceci/__init__.py:12: UserWarning: pkg_resources is deprecated as an API. See https://setuptools.pypa.io/en/latest/pkg_resources.html. The pkg_resources package is slated for removal as early as 2025-11-30. Refrain from using this package or pin to Setuptools<81.
  from pkg_resources import DistributionNotFound
/mustfs/CONTAINERS/conda/lsst/txpipe_clp/lib/python3.10/site-packages/ceci/__init__.py:12: UserWarning: pkg_resources is deprecated as an API. See https://setuptools.pypa.io/en/latest/pkg_resources.html. The pkg_resources package is slated for removal as early as 2025-11-30. Refrain from using this package or pin to Setuptools<81.
  from pkg_resources import DistributionNotFound
/mustfs/CONTAINERS/conda/lsst/txpipe_clp/lib/python3.10/site-packages/ceci/__init__.py:12: UserWarning: pkg_resources is deprecated as an API. See https://setuptools.pypa.io/en/latest/pkg_resources.html. The pkg_resources package is slated for removal as early as 2025-11-30. Refrain from using this package or pin to Setuptools<81.
  from pkg_resources import DistributionNotFound
/mustfs/CONTAINERS/conda/lsst/txpipe_clp/lib/python3.10/site-packages/ceci/__init__.py:12: UserWarning: pkg_resources is deprecated as an API. See https://setuptools.pypa.io/en/latest/pkg_resources.html. The pkg_resources package is slated for removal as early as 2025-11-30. Refrain from using this package or pin to Setuptools<81.
  from pkg_resources import DistributionNotFound
/mustfs/CONTAINERS/conda/lsst/txpipe_clp/lib/python3.10/site-packages/ceci/__init__.py:12: UserWarning: pkg_resources is deprecated as an API. See https://setuptools.pypa.io/en/latest/pkg_resources.html. The pkg_resources package is slated for removal as early as 2025-11-30. Refrain from using this package or pin to Setuptools<81.
  from pkg_resources import DistributionNotFound
/mustfs/CONTAINERS/conda/lsst/txpipe_clp/lib/python3.10/site-packages/ceci/__init__.py:12: UserWarning: pkg_resources is deprecated as an API. See https://setuptools.pypa.io/en/latest/pkg_resources.html. The pkg_resources package is slated for removal as early as 2025-11-30. Refrain from using this package or pin to Setuptools<81.
  from pkg_resources import DistributionNotFound
Executing stage: BPZliteEstimator @ 2025-08-08 13:55:13.930499
Inserting handle into data store.  model: /lapp_data/lsst/ebarroso/pipeline_test/must_1_deg/photoz_model.pkl, BPZliteEstimator
Inserting handle into data store.  input: /lapp_data/lsst/ebarroso/TXPipe/data/example/inputs/metadetect_shear_catalog.hdf5, BPZliteEstimator
Process 0 running estimator on chunk 0 - 10000
Inserting handle into data store.  output: /lapp_data/lsst/ebarroso/pipeline_test/must_1_deg/inprogress_source_photoz_pdfs.hdf5, BPZliteEstimator
Process 0 running estimator on chunk 80000 - 82200
Stage complete: BPZliteEstimator @ 2025-08-08 13:55:25.388790 took 0.19 minutes
Inserting handle into data store.  model: /lapp_data/lsst/ebarroso/pipeline_test/must_1_deg/photoz_model.pkl, BPZliteEstimator
Inserting handle into data store.  input: /lapp_data/lsst/ebarroso/TXPipe/data/example/inputs/metadetect_shear_catalog.hdf5, BPZliteEstimator
Process 1 running estimator on chunk 10000 - 20000
Inserting handle into data store.  output: /lapp_data/lsst/ebarroso/pipeline_test/must_1_deg/inprogress_source_photoz_pdfs.hdf5, BPZliteEstimator
Inserting handle into data store.  model: /lapp_data/lsst/ebarroso/pipeline_test/must_1_deg/photoz_model.pkl, BPZliteEstimator
Inserting handle into data store.  input: /lapp_data/lsst/ebarroso/TXPipe/data/example/inputs/metadetect_shear_catalog.hdf5, BPZliteEstimator
Process 2 running estimator on chunk 20000 - 30000
Inserting handle into data store.  output: /lapp_data/lsst/ebarroso/pipeline_test/must_1_deg/inprogress_source_photoz_pdfs.hdf5, BPZliteEstimator
Inserting handle into data store.  model: /lapp_data/lsst/ebarroso/pipeline_test/must_1_deg/photoz_model.pkl, BPZliteEstimator
Inserting handle into data store.  input: /lapp_data/lsst/ebarroso/TXPipe/data/example/inputs/metadetect_shear_catalog.hdf5, BPZliteEstimator
Process 3 running estimator on chunk 30000 - 40000
Inserting handle into data store.  output: /lapp_data/lsst/ebarroso/pipeline_test/must_1_deg/inprogress_source_photoz_pdfs.hdf5, BPZliteEstimator
Inserting handle into data store.  model: /lapp_data/lsst/ebarroso/pipeline_test/must_1_deg/photoz_model.pkl, BPZliteEstimator
Inserting handle into data store.  input: /lapp_data/lsst/ebarroso/TXPipe/data/example/inputs/metadetect_shear_catalog.hdf5, BPZliteEstimator
Process 4 running estimator on chunk 40000 - 50000
Inserting handle into data store.  output: /lapp_data/lsst/ebarroso/pipeline_test/must_1_deg/inprogress_source_photoz_pdfs.hdf5, BPZliteEstimator
Inserting handle into data store.  model: /lapp_data/lsst/ebarroso/pipeline_test/must_1_deg/photoz_model.pkl, BPZliteEstimator
Inserting handle into data store.  input: /lapp_data/lsst/ebarroso/TXPipe/data/example/inputs/metadetect_shear_catalog.hdf5, BPZliteEstimator
Process 5 running estimator on chunk 50000 - 60000
Inserting handle into data store.  output: /lapp_data/lsst/ebarroso/pipeline_test/must_1_deg/inprogress_source_photoz_pdfs.hdf5, BPZliteEstimator
Inserting handle into data store.  model: /lapp_data/lsst/ebarroso/pipeline_test/must_1_deg/photoz_model.pkl, BPZliteEstimator
Inserting handle into data store.  input: /lapp_data/lsst/ebarroso/TXPipe/data/example/inputs/metadetect_shear_catalog.hdf5, BPZliteEstimator
Process 6 running estimator on chunk 60000 - 70000
Inserting handle into data store.  output: /lapp_data/lsst/ebarroso/pipeline_test/must_1_deg/inprogress_source_photoz_pdfs.hdf5, BPZliteEstimator
Inserting handle into data store.  model: /lapp_data/lsst/ebarroso/pipeline_test/must_1_deg/photoz_model.pkl, BPZliteEstimator
Inserting handle into data store.  input: /lapp_data/lsst/ebarroso/TXPipe/data/example/inputs/metadetect_shear_catalog.hdf5, BPZliteEstimator
Process 7 running estimator on chunk 70000 - 80000
Inserting handle into data store.  output: /lapp_data/lsst/ebarroso/pipeline_test/must_1_deg/inprogress_source_photoz_pdfs.hdf5, BPZliteEstimator
