/mustfs/CONTAINERS/conda/lsst/txpipe_clp/lib/python3.10/site-packages/ceci/__init__.py:12: UserWarning: pkg_resources is deprecated as an API. See https://setuptools.pypa.io/en/latest/pkg_resources.html. The pkg_resources package is slated for removal as early as 2025-11-30. Refrain from using this package or pin to Setuptools<81.
  from pkg_resources import DistributionNotFound
/mustfs/CONTAINERS/conda/lsst/txpipe_clp/lib/python3.10/site-packages/ceci/__init__.py:12: UserWarning: pkg_resources is deprecated as an API. See https://setuptools.pypa.io/en/latest/pkg_resources.html. The pkg_resources package is slated for removal as early as 2025-11-30. Refrain from using this package or pin to Setuptools<81.
  from pkg_resources import DistributionNotFound
/mustfs/CONTAINERS/conda/lsst/txpipe_clp/lib/python3.10/site-packages/ceci/__init__.py:12: UserWarning: pkg_resources is deprecated as an API. See https://setuptools.pypa.io/en/latest/pkg_resources.html. The pkg_resources package is slated for removal as early as 2025-11-30. Refrain from using this package or pin to Setuptools<81.
  from pkg_resources import DistributionNotFound
/mustfs/CONTAINERS/conda/lsst/txpipe_clp/lib/python3.10/site-packages/ceci/__init__.py:12: UserWarning: pkg_resources is deprecated as an API. See https://setuptools.pypa.io/en/latest/pkg_resources.html. The pkg_resources package is slated for removal as early as 2025-11-30. Refrain from using this package or pin to Setuptools<81.
  from pkg_resources import DistributionNotFound
/mustfs/CONTAINERS/conda/lsst/txpipe_clp/lib/python3.10/site-packages/ceci/__init__.py:12: UserWarning: pkg_resources is deprecated as an API. See https://setuptools.pypa.io/en/latest/pkg_resources.html. The pkg_resources package is slated for removal as early as 2025-11-30. Refrain from using this package or pin to Setuptools<81.
  from pkg_resources import DistributionNotFound
/mustfs/CONTAINERS/conda/lsst/txpipe_clp/lib/python3.10/site-packages/ceci/__init__.py:12: UserWarning: pkg_resources is deprecated as an API. See https://setuptools.pypa.io/en/latest/pkg_resources.html. The pkg_resources package is slated for removal as early as 2025-11-30. Refrain from using this package or pin to Setuptools<81.
  from pkg_resources import DistributionNotFound
/mustfs/CONTAINERS/conda/lsst/txpipe_clp/lib/python3.10/site-packages/ceci/__init__.py:12: UserWarning: pkg_resources is deprecated as an API. See https://setuptools.pypa.io/en/latest/pkg_resources.html. The pkg_resources package is slated for removal as early as 2025-11-30. Refrain from using this package or pin to Setuptools<81.
  from pkg_resources import DistributionNotFound
/mustfs/CONTAINERS/conda/lsst/txpipe_clp/lib/python3.10/site-packages/ceci/__init__.py:12: UserWarning: pkg_resources is deprecated as an API. See https://setuptools.pypa.io/en/latest/pkg_resources.html. The pkg_resources package is slated for removal as early as 2025-11-30. Refrain from using this package or pin to Setuptools<81.
  from pkg_resources import DistributionNotFound
Matplotlib created a temporary cache directory at /tmp/matplotlib-gyj18t45 because the default path (/home1/barroso/.config/matplotlib) is not a writable directory; it is highly recommended to set the MPLCONFIGDIR environment variable to a writable directory, in particular to speed up the import of Matplotlib and to better support multiprocessing.
Matplotlib created a temporary cache directory at /tmp/matplotlib-bdo66jzs because the default path (/home1/barroso/.config/matplotlib) is not a writable directory; it is highly recommended to set the MPLCONFIGDIR environment variable to a writable directory, in particular to speed up the import of Matplotlib and to better support multiprocessing.
Matplotlib created a temporary cache directory at /tmp/matplotlib-3b0ahp8a because the default path (/home1/barroso/.config/matplotlib) is not a writable directory; it is highly recommended to set the MPLCONFIGDIR environment variable to a writable directory, in particular to speed up the import of Matplotlib and to better support multiprocessing.
Matplotlib created a temporary cache directory at /tmp/matplotlib-2qmbkglk because the default path (/home1/barroso/.config/matplotlib) is not a writable directory; it is highly recommended to set the MPLCONFIGDIR environment variable to a writable directory, in particular to speed up the import of Matplotlib and to better support multiprocessing.
Matplotlib created a temporary cache directory at /tmp/matplotlib-v8b4nspk because the default path (/home1/barroso/.config/matplotlib) is not a writable directory; it is highly recommended to set the MPLCONFIGDIR environment variable to a writable directory, in particular to speed up the import of Matplotlib and to better support multiprocessing.
Matplotlib created a temporary cache directory at /tmp/matplotlib-mmvao5px because the default path (/home1/barroso/.config/matplotlib) is not a writable directory; it is highly recommended to set the MPLCONFIGDIR environment variable to a writable directory, in particular to speed up the import of Matplotlib and to better support multiprocessing.
Matplotlib created a temporary cache directory at /tmp/matplotlib-gs95v12o because the default path (/home1/barroso/.config/matplotlib) is not a writable directory; it is highly recommended to set the MPLCONFIGDIR environment variable to a writable directory, in particular to speed up the import of Matplotlib and to better support multiprocessing.
Matplotlib created a temporary cache directory at /tmp/matplotlib-008oax58 because the default path (/home1/barroso/.config/matplotlib) is not a writable directory; it is highly recommended to set the MPLCONFIGDIR environment variable to a writable directory, in particular to speed up the import of Matplotlib and to better support multiprocessing.
Executing stage: CLClusterShearCatalogs @ 2025-08-08 13:55:28.914454
Min search angle =  10.055619680017067 arcmin
Mean search angle =  12.982303376211728 arcmin
Max search angle =  22.54654401950125 arcmin
Max theta_max = 0.006558523801435558 radians = 22.54654401950125 arcmin
Using single 2D shear calibration!
Process 0 processing chunk 0 - 82,200
Process 0 done reading
Overall pair count =  51487
Collecting data for cluster 0
Found 783 total galaxies in catalog for cluster 11
Found 533 total galaxies in catalog for cluster 827
Found 488 total galaxies in catalog for cluster 1985
Found 506 total galaxies in catalog for cluster 1632
Found 172 total galaxies in catalog for cluster 2453
Found 614 total galaxies in catalog for cluster 2678
Found 353 total galaxies in catalog for cluster 4643
Found 148 total galaxies in catalog for cluster 5084
Found 502 total galaxies in catalog for cluster 4434
Found 406 total galaxies in catalog for cluster 3939
Found 1333 total galaxies in catalog for cluster 6139
Found 333 total galaxies in catalog for cluster 4709
Found 1181 total galaxies in catalog for cluster 7121
Found 991 total galaxies in catalog for cluster 8547
Found 205 total galaxies in catalog for cluster 8685
Found 220 total galaxies in catalog for cluster 8995
Found 974 total galaxies in catalog for cluster 7698
Found 1819 total galaxies in catalog for cluster 10999
Found 150 total galaxies in catalog for cluster 9029
Found 217 total galaxies in catalog for cluster 9429
Found 569 total galaxies in catalog for cluster 10146
Found 799 total galaxies in catalog for cluster 14476
Found 85 total galaxies in catalog for cluster 8395
Found 1027 total galaxies in catalog for cluster 16657
Found 778 total galaxies in catalog for cluster 13039
Found 816 total galaxies in catalog for cluster 15382
Found 332 total galaxies in catalog for cluster 17011
Found 1896 total galaxies in catalog for cluster 8523
Found 296 total galaxies in catalog for cluster 11300
Found 2243 total galaxies in catalog for cluster 17462
Found 356 total galaxies in catalog for cluster 13025
Found 470 total galaxies in catalog for cluster 21385
Found 666 total galaxies in catalog for cluster 20888
Found 615 total galaxies in catalog for cluster 21815
Found 213 total galaxies in catalog for cluster 7594
Found 203 total galaxies in catalog for cluster 21425
Found 3017 total galaxies in catalog for cluster 30553
Found 478 total galaxies in catalog for cluster 11651
Found 576 total galaxies in catalog for cluster 27728
Found 677 total galaxies in catalog for cluster 30757
Found 1844 total galaxies in catalog for cluster 32634
Found 1104 total galaxies in catalog for cluster 33429
Found 564 total galaxies in catalog for cluster 15656
Found 269 total galaxies in catalog for cluster 29784
Found 621 total galaxies in catalog for cluster 22630
Found 364 total galaxies in catalog for cluster 17777
Found 555 total galaxies in catalog for cluster 33569
Found 572 total galaxies in catalog for cluster 39996
Found 1039 total galaxies in catalog for cluster 37007
Found 1397 total galaxies in catalog for cluster 25937
Found 350 total galaxies in catalog for cluster 24386
Found 1480 total galaxies in catalog for cluster 44685
Found 603 total galaxies in catalog for cluster 48725
Found 441 total galaxies in catalog for cluster 27260
Found 351 total galaxies in catalog for cluster 35316
Found 270 total galaxies in catalog for cluster 59428
Found 422 total galaxies in catalog for cluster 25976
Found 997 total galaxies in catalog for cluster 31596
Found 2090 total galaxies in catalog for cluster 26346
Found 512 total galaxies in catalog for cluster 36608
Found 1134 total galaxies in catalog for cluster 26938
Found 385 total galaxies in catalog for cluster 74483
Found 876 total galaxies in catalog for cluster 62882
Found 186 total galaxies in catalog for cluster 25770
Found 193 total galaxies in catalog for cluster 59302
Found 323 total galaxies in catalog for cluster 53335
Found 177 total galaxies in catalog for cluster 23919
Found 982 total galaxies in catalog for cluster 16567
Found 580 total galaxies in catalog for cluster 41321
Found 113 total galaxies in catalog for cluster 52141
Found 614 total galaxies in catalog for cluster 52451
Found 297 total galaxies in catalog for cluster 51057
Found 494 total galaxies in catalog for cluster 14210
Found 547 total galaxies in catalog for cluster 33410
Found 701 total galaxies in catalog for cluster 78132
Stage complete: CLClusterShearCatalogs @ 2025-08-08 13:55:34.187862 took 0.09 minutes
Process 1 done reading
Process 3 done reading
Process 4 done reading
Process 6 done reading
Process 7 done reading
Process 5 done reading
Process 2 done reading
