/mustfs/CONTAINERS/conda/lsst/txpipe_clp/lib/python3.10/site-packages/ceci/__init__.py:12: UserWarning: pkg_resources is deprecated as an API. See https://setuptools.pypa.io/en/latest/pkg_resources.html. The pkg_resources package is slated for removal as early as 2025-11-30. Refrain from using this package or pin to Setuptools<81.
  from pkg_resources import DistributionNotFound
Matplotlib created a temporary cache directory at /tmp/matplotlib-964jpdcq because the default path (/home1/barroso/.config/matplotlib) is not a writable directory; it is highly recommended to set the MPLCONFIGDIR environment variable to a writable directory, in particular to speed up the import of Matplotlib and to better support multiprocessing.
Traceback (most recent call last):
  File "/mustfs/CONTAINERS/conda/lsst/txpipe_clp/lib/python3.10/runpy.py", line 196, in _run_module_as_main
    return _run_code(code, main_globals, None,
  File "/mustfs/CONTAINERS/conda/lsst/txpipe_clp/lib/python3.10/runpy.py", line 86, in _run_code
    exec(code, run_globals)
  File "/lapp_data/lsst/ebarroso/TXPipe/txpipe/__main__.py", line 5, in <module>
    PipelineStage.main()
  File "/mustfs/CONTAINERS/conda/lsst/txpipe_clp/lib/python3.10/site-packages/ceci/stage.py", line 526, in main
    stage.execute(args)
  File "/mustfs/CONTAINERS/conda/lsst/txpipe_clp/lib/python3.10/site-packages/ceci/stage.py", line 699, in execute
    stage.run()
  File "/lapp_data/lsst/ebarroso/TXPipe/txpipe/extensions/cluster_counts/convert_to_sacc.py", line 33, in run
    self.add_tracers(sacc_obj, data, survey_name, area)
  File "/lapp_data/lsst/ebarroso/TXPipe/txpipe/extensions/cluster_counts/convert_to_sacc.py", line 83, in add_tracers
    z_bins, rich_bins, radius_bins = self.get_bins(data)
  File "/lapp_data/lsst/ebarroso/TXPipe/txpipe/extensions/cluster_counts/convert_to_sacc.py", line 69, in get_bins
    radius_centers = np.array(data['bin_zbin_0_richbin_0']['clmm_cluster_ensemble'].stacked_data['radius'])
AttributeError: 'NoneType' object has no attribute 'stacked_data'
Executing stage: CLClusterSACC @ 2025-08-08 13:55:43.379492
/lapp_data/lsst/ebarroso/pipeline_test/must_1_deg/cluster_profiles.pkl
{'bin_zbin_0_richbin_0': {'cluster_bin_edges': {'rich_max': 35.0, 'rich_min': 20.0, 'z_max': 0.3, 'z_min': 0.2}, 'n_cl': 0, 'clmm_cluster_ensemble': None}, 'bin_zbin_0_richbin_1': {'cluster_bin_edges': {'rich_max': 70.0, 'rich_min': 35.0, 'z_max': 0.3, 'z_min': 0.2}, 'n_cl': 0, 'clmm_cluster_ensemble': None}, 'bin_zbin_0_richbin_2': {'cluster_bin_edges': {'rich_max': 100.0, 'rich_min': 70.0, 'z_max': 0.3, 'z_min': 0.2}, 'n_cl': 0, 'clmm_cluster_ensemble': None}, 'bin_zbin_0_richbin_3': {'cluster_bin_edges': {'rich_max': 200.0, 'rich_min': 100.0, 'z_max': 0.3, 'z_min': 0.2}, 'n_cl': 0, 'clmm_cluster_ensemble': None}, 'bin_zbin_1_richbin_0': {'cluster_bin_edges': {'rich_max': 35.0, 'rich_min': 20.0, 'z_max': 0.4, 'z_min': 0.3}, 'n_cl': 0, 'clmm_cluster_ensemble': None}, 'bin_zbin_1_richbin_1': {'cluster_bin_edges': {'rich_max': 70.0, 'rich_min': 35.0, 'z_max': 0.4, 'z_min': 0.3}, 'n_cl': 0, 'clmm_cluster_ensemble': None}, 'bin_zbin_1_richbin_2': {'cluster_bin_edges': {'rich_max': 100.0, 'rich_min': 70.0, 'z_max': 0.4, 'z_min': 0.3}, 'n_cl': 0, 'clmm_cluster_ensemble': None}, 'bin_zbin_1_richbin_3': {'cluster_bin_edges': {'rich_max': 200.0, 'rich_min': 100.0, 'z_max': 0.4, 'z_min': 0.3}, 'n_cl': 0, 'clmm_cluster_ensemble': None}, 'bin_zbin_2_richbin_0': {'cluster_bin_edges': {'rich_max': 35.0, 'rich_min': 20.0, 'z_max': 0.5, 'z_min': 0.4}, 'n_cl': 0, 'clmm_cluster_ensemble': None}, 'bin_zbin_2_richbin_1': {'cluster_bin_edges': {'rich_max': 70.0, 'rich_min': 35.0, 'z_max': 0.5, 'z_min': 0.4}, 'n_cl': 0, 'clmm_cluster_ensemble': None}, 'bin_zbin_2_richbin_2': {'cluster_bin_edges': {'rich_max': 100.0, 'rich_min': 70.0, 'z_max': 0.5, 'z_min': 0.4}, 'n_cl': 0, 'clmm_cluster_ensemble': None}, 'bin_zbin_2_richbin_3': {'cluster_bin_edges': {'rich_max': 200.0, 'rich_min': 100.0, 'z_max': 0.5, 'z_min': 0.4}, 'n_cl': 1, 'clmm_cluster_ensemble': None}, 'bin_zbin_3_richbin_0': {'cluster_bin_edges': {'rich_max': 35.0, 'rich_min': 20.0, 'z_max': 0.6, 'z_min': 0.5}, 'n_cl': 0, 'clmm_cluster_ensemble': None}, 'bin_zbin_3_richbin_1': {'cluster_bin_edges': {'rich_max': 70.0, 'rich_min': 35.0, 'z_max': 0.6, 'z_min': 0.5}, 'n_cl': 0, 'clmm_cluster_ensemble': None}, 'bin_zbin_3_richbin_2': {'cluster_bin_edges': {'rich_max': 100.0, 'rich_min': 70.0, 'z_max': 0.6, 'z_min': 0.5}, 'n_cl': 0, 'clmm_cluster_ensemble': None}, 'bin_zbin_3_richbin_3': {'cluster_bin_edges': {'rich_max': 200.0, 'rich_min': 100.0, 'z_max': 0.6, 'z_min': 0.5}, 'n_cl': 0, 'clmm_cluster_ensemble': None}, 'bin_zbin_4_richbin_0': {'cluster_bin_edges': {'rich_max': 35.0, 'rich_min': 20.0, 'z_max': 0.7, 'z_min': 0.6}, 'n_cl': 2, 'clmm_cluster_ensemble': <clmm.clusterensemble.ClusterEnsemble object at 0x149882df55d0>}, 'bin_zbin_4_richbin_1': {'cluster_bin_edges': {'rich_max': 70.0, 'rich_min': 35.0, 'z_max': 0.7, 'z_min': 0.6}, 'n_cl': 1, 'clmm_cluster_ensemble': None}, 'bin_zbin_4_richbin_2': {'cluster_bin_edges': {'rich_max': 100.0, 'rich_min': 70.0, 'z_max': 0.7, 'z_min': 0.6}, 'n_cl': 0, 'clmm_cluster_ensemble': None}, 'bin_zbin_4_richbin_3': {'cluster_bin_edges': {'rich_max': 200.0, 'rich_min': 100.0, 'z_max': 0.7, 'z_min': 0.6}, 'n_cl': 0, 'clmm_cluster_ensemble': None}, 'bin_zbin_5_richbin_0': {'cluster_bin_edges': {'rich_max': 35.0, 'rich_min': 20.0, 'z_max': 0.8, 'z_min': 0.7}, 'n_cl': 2, 'clmm_cluster_ensemble': <clmm.clusterensemble.ClusterEnsemble object at 0x149877002560>}, 'bin_zbin_5_richbin_1': {'cluster_bin_edges': {'rich_max': 70.0, 'rich_min': 35.0, 'z_max': 0.8, 'z_min': 0.7}, 'n_cl': 0, 'clmm_cluster_ensemble': None}, 'bin_zbin_5_richbin_2': {'cluster_bin_edges': {'rich_max': 100.0, 'rich_min': 70.0, 'z_max': 0.8, 'z_min': 0.7}, 'n_cl': 0, 'clmm_cluster_ensemble': None}, 'bin_zbin_5_richbin_3': {'cluster_bin_edges': {'rich_max': 200.0, 'rich_min': 100.0, 'z_max': 0.8, 'z_min': 0.7}, 'n_cl': 0, 'clmm_cluster_ensemble': None}, 'bin_zbin_6_richbin_0': {'cluster_bin_edges': {'rich_max': 35.0, 'rich_min': 20.0, 'z_max': 1.0, 'z_min': 0.8}, 'n_cl': 1, 'clmm_cluster_ensemble': None}, 'bin_zbin_6_richbin_1': {'cluster_bin_edges': {'rich_max': 70.0, 'rich_min': 35.0, 'z_max': 1.0, 'z_min': 0.8}, 'n_cl': 0, 'clmm_cluster_ensemble': None}, 'bin_zbin_6_richbin_2': {'cluster_bin_edges': {'rich_max': 100.0, 'rich_min': 70.0, 'z_max': 1.0, 'z_min': 0.8}, 'n_cl': 0, 'clmm_cluster_ensemble': None}, 'bin_zbin_6_richbin_3': {'cluster_bin_edges': {'rich_max': 200.0, 'rich_min': 100.0, 'z_max': 1.0, 'z_min': 0.8}, 'n_cl': 0, 'clmm_cluster_ensemble': None}}
Stage failed: CLClusterSACC @ 2025-08-08 13:55:44.731374 after 0.02 minutes
