/mustfs/CONTAINERS/conda/lsst/txpipe_clp/lib/python3.10/site-packages/ceci/__init__.py:12: UserWarning: pkg_resources is deprecated as an API. See https://setuptools.pypa.io/en/latest/pkg_resources.html. The pkg_resources package is slated for removal as early as 2025-11-30. Refrain from using this package or pin to Setuptools<81.
  from pkg_resources import DistributionNotFound
/mustfs/CONTAINERS/conda/lsst/txpipe_clp/lib/python3.10/site-packages/ceci/__init__.py:12: UserWarning: pkg_resources is deprecated as an API. See https://setuptools.pypa.io/en/latest/pkg_resources.html. The pkg_resources package is slated for removal as early as 2025-11-30. Refrain from using this package or pin to Setuptools<81.
  from pkg_resources import DistributionNotFound
/mustfs/CONTAINERS/conda/lsst/txpipe_clp/lib/python3.10/site-packages/ceci/__init__.py:12: UserWarning: pkg_resources is deprecated as an API. See https://setuptools.pypa.io/en/latest/pkg_resources.html. The pkg_resources package is slated for removal as early as 2025-11-30. Refrain from using this package or pin to Setuptools<81.
  from pkg_resources import DistributionNotFound
/mustfs/CONTAINERS/conda/lsst/txpipe_clp/lib/python3.10/site-packages/ceci/__init__.py:12: UserWarning: pkg_resources is deprecated as an API. See https://setuptools.pypa.io/en/latest/pkg_resources.html. The pkg_resources package is slated for removal as early as 2025-11-30. Refrain from using this package or pin to Setuptools<81.
  from pkg_resources import DistributionNotFound
/mustfs/CONTAINERS/conda/lsst/txpipe_clp/lib/python3.10/site-packages/ceci/__init__.py:12: UserWarning: pkg_resources is deprecated as an API. See https://setuptools.pypa.io/en/latest/pkg_resources.html. The pkg_resources package is slated for removal as early as 2025-11-30. Refrain from using this package or pin to Setuptools<81.
  from pkg_resources import DistributionNotFound
/mustfs/CONTAINERS/conda/lsst/txpipe_clp/lib/python3.10/site-packages/ceci/__init__.py:12: UserWarning: pkg_resources is deprecated as an API. See https://setuptools.pypa.io/en/latest/pkg_resources.html. The pkg_resources package is slated for removal as early as 2025-11-30. Refrain from using this package or pin to Setuptools<81.
  from pkg_resources import DistributionNotFound
/mustfs/CONTAINERS/conda/lsst/txpipe_clp/lib/python3.10/site-packages/ceci/__init__.py:12: UserWarning: pkg_resources is deprecated as an API. See https://setuptools.pypa.io/en/latest/pkg_resources.html. The pkg_resources package is slated for removal as early as 2025-11-30. Refrain from using this package or pin to Setuptools<81.
  from pkg_resources import DistributionNotFound
/mustfs/CONTAINERS/conda/lsst/txpipe_clp/lib/python3.10/site-packages/ceci/__init__.py:12: UserWarning: pkg_resources is deprecated as an API. See https://setuptools.pypa.io/en/latest/pkg_resources.html. The pkg_resources package is slated for removal as early as 2025-11-30. Refrain from using this package or pin to Setuptools<81.
  from pkg_resources import DistributionNotFound
Matplotlib created a temporary cache directory at /tmp/matplotlib-iziq48ia because the default path (/home1/barroso/.config/matplotlib) is not a writable directory; it is highly recommended to set the MPLCONFIGDIR environment variable to a writable directory, in particular to speed up the import of Matplotlib and to better support multiprocessing.
Matplotlib created a temporary cache directory at /tmp/matplotlib-6zhr0202 because the default path (/home1/barroso/.config/matplotlib) is not a writable directory; it is highly recommended to set the MPLCONFIGDIR environment variable to a writable directory, in particular to speed up the import of Matplotlib and to better support multiprocessing.
Matplotlib created a temporary cache directory at /tmp/matplotlib-rin3ne5s because the default path (/home1/barroso/.config/matplotlib) is not a writable directory; it is highly recommended to set the MPLCONFIGDIR environment variable to a writable directory, in particular to speed up the import of Matplotlib and to better support multiprocessing.
Matplotlib created a temporary cache directory at /tmp/matplotlib-i6jz8uto because the default path (/home1/barroso/.config/matplotlib) is not a writable directory; it is highly recommended to set the MPLCONFIGDIR environment variable to a writable directory, in particular to speed up the import of Matplotlib and to better support multiprocessing.
Matplotlib created a temporary cache directory at /tmp/matplotlib-ip2pfe37 because the default path (/home1/barroso/.config/matplotlib) is not a writable directory; it is highly recommended to set the MPLCONFIGDIR environment variable to a writable directory, in particular to speed up the import of Matplotlib and to better support multiprocessing.
Matplotlib created a temporary cache directory at /tmp/matplotlib-o2r922tb because the default path (/home1/barroso/.config/matplotlib) is not a writable directory; it is highly recommended to set the MPLCONFIGDIR environment variable to a writable directory, in particular to speed up the import of Matplotlib and to better support multiprocessing.
Matplotlib created a temporary cache directory at /tmp/matplotlib-_bopu346 because the default path (/home1/barroso/.config/matplotlib) is not a writable directory; it is highly recommended to set the MPLCONFIGDIR environment variable to a writable directory, in particular to speed up the import of Matplotlib and to better support multiprocessing.
Matplotlib created a temporary cache directory at /tmp/matplotlib-79o4ywz0 because the default path (/home1/barroso/.config/matplotlib) is not a writable directory; it is highly recommended to set the MPLCONFIGDIR environment variable to a writable directory, in particular to speed up the import of Matplotlib and to better support multiprocessing.
[0.5        0.61052765 0.74548802 0.9102821  1.11150478 1.35720881
 1.65722701 2.02356582 2.47088577 3.01708817 3.6840315  4.49840619]
51487 51487 51487
celestial
bin_zbin_0_richbin_0 <HDF5 group "/cluster_bin/bin_zbin_0_richbin_0" (8 members)> {'rich_max': 35.0, 'rich_min': 20.0, 'z_max': 0.3, 'z_min': 0.2} 0  ra dec redshift richness  id
--- --- -------- -------- ---
cl_ensemble_created
bin_zbin_0_richbin_1 <HDF5 group "/cluster_bin/bin_zbin_0_richbin_1" (8 members)> {'rich_max': 70.0, 'rich_min': 35.0, 'z_max': 0.3, 'z_min': 0.2} 0  ra dec redshift richness  id
--- --- -------- -------- ---
cl_ensemble_created
bin_zbin_0_richbin_2 <HDF5 group "/cluster_bin/bin_zbin_0_richbin_2" (8 members)> {'rich_max': 100.0, 'rich_min': 70.0, 'z_max': 0.3, 'z_min': 0.2} 0  ra dec redshift richness  id
--- --- -------- -------- ---
cl_ensemble_created
bin_zbin_0_richbin_3 <HDF5 group "/cluster_bin/bin_zbin_0_richbin_3" (8 members)> {'rich_max': 200.0, 'rich_min': 100.0, 'z_max': 0.3, 'z_min': 0.2} 0  ra dec redshift richness  id
--- --- -------- -------- ---
cl_ensemble_created
bin_zbin_1_richbin_0 <HDF5 group "/cluster_bin/bin_zbin_1_richbin_0" (8 members)> {'rich_max': 35.0, 'rich_min': 20.0, 'z_max': 0.4, 'z_min': 0.3} 0  ra dec redshift richness  id
--- --- -------- -------- ---
cl_ensemble_created
bin_zbin_1_richbin_1 <HDF5 group "/cluster_bin/bin_zbin_1_richbin_1" (8 members)> {'rich_max': 70.0, 'rich_min': 35.0, 'z_max': 0.4, 'z_min': 0.3} 0  ra dec redshift richness  id
--- --- -------- -------- ---
cl_ensemble_created
bin_zbin_1_richbin_2 <HDF5 group "/cluster_bin/bin_zbin_1_richbin_2" (8 members)> {'rich_max': 100.0, 'rich_min': 70.0, 'z_max': 0.4, 'z_min': 0.3} 0  ra dec redshift richness  id
--- --- -------- -------- ---
cl_ensemble_created
bin_zbin_1_richbin_3 <HDF5 group "/cluster_bin/bin_zbin_1_richbin_3" (8 members)> {'rich_max': 200.0, 'rich_min': 100.0, 'z_max': 0.4, 'z_min': 0.3} 0  ra dec redshift richness  id
--- --- -------- -------- ---
cl_ensemble_created
bin_zbin_2_richbin_0 <HDF5 group "/cluster_bin/bin_zbin_2_richbin_0" (8 members)> {'rich_max': 35.0, 'rich_min': 20.0, 'z_max': 0.5, 'z_min': 0.4} 0  ra dec redshift richness  id
--- --- -------- -------- ---
cl_ensemble_created
bin_zbin_2_richbin_1 <HDF5 group "/cluster_bin/bin_zbin_2_richbin_1" (8 members)> {'rich_max': 70.0, 'rich_min': 35.0, 'z_max': 0.5, 'z_min': 0.4} 0  ra dec redshift richness  id
--- --- -------- -------- ---
cl_ensemble_created
bin_zbin_2_richbin_2 <HDF5 group "/cluster_bin/bin_zbin_2_richbin_2" (8 members)> {'rich_max': 100.0, 'rich_min': 70.0, 'z_max': 0.5, 'z_min': 0.4} 0  ra dec redshift richness  id
--- --- -------- -------- ---
cl_ensemble_created
bin_zbin_2_richbin_3 <HDF5 group "/cluster_bin/bin_zbin_2_richbin_3" (8 members)> {'rich_max': 200.0, 'rich_min': 100.0, 'z_max': 0.5, 'z_min': 0.4} 1         ra               dec              redshift          richness       id 
----------------- ------------------ ----------------- ------------------ ----
60.69667268260482 -30.89586711375849 0.499299556016922 167.65638732910156 11.0
cl_ensemble_created
bin_zbin_3_richbin_0 <HDF5 group "/cluster_bin/bin_zbin_3_richbin_0" (8 members)> {'rich_max': 35.0, 'rich_min': 20.0, 'z_max': 0.6, 'z_min': 0.5} 0  ra dec redshift richness  id
--- --- -------- -------- ---
cl_ensemble_created
bin_zbin_3_richbin_1 <HDF5 group "/cluster_bin/bin_zbin_3_richbin_1" (8 members)> {'rich_max': 70.0, 'rich_min': 35.0, 'z_max': 0.6, 'z_min': 0.5} 0  ra dec redshift richness  id
--- --- -------- -------- ---
cl_ensemble_created
bin_zbin_3_richbin_2 <HDF5 group "/cluster_bin/bin_zbin_3_richbin_2" (8 members)> {'rich_max': 100.0, 'rich_min': 70.0, 'z_max': 0.6, 'z_min': 0.5} 0  ra dec redshift richness  id
--- --- -------- -------- ---
cl_ensemble_created
bin_zbin_3_richbin_3 <HDF5 group "/cluster_bin/bin_zbin_3_richbin_3" (8 members)> {'rich_max': 200.0, 'rich_min': 100.0, 'z_max': 0.6, 'z_min': 0.5} 0  ra dec redshift richness  id
--- --- -------- -------- ---
cl_ensemble_created
bin_zbin_4_richbin_0 <HDF5 group "/cluster_bin/bin_zbin_4_richbin_0" (8 members)> {'rich_max': 35.0, 'rich_min': 20.0, 'z_max': 0.7, 'z_min': 0.6} 2         ra                dec         ...      richness        id  
----------------- ------------------- ... ------------------ ------
60.33037603819723 -30.155166403646447 ... 31.856599807739258 1985.0
60.46305004484695   -30.4771453673221 ... 26.303789138793945 2678.0
Ncluster 2
For cluster 1985.0 at z= 0.641009509563446 with n_source =  488 theta_max is 12.057447346638652  arcmin = 4.988387695738275 Mpc
GCMetaData([('coordinate_system', 'celestial'), ('cosmo', None)])
For cluster 2678.0 at z= 0.6254668831825256 with n_source =  614 theta_max is 12.211980024446001  arcmin = 4.996286820080552 Mpc
GCMetaData([('coordinate_system', 'celestial'), ('cosmo', None)])
cluster ensemble computed
covariance computed
cl_ensemble_created
bin_zbin_4_richbin_1 <HDF5 group "/cluster_bin/bin_zbin_4_richbin_1" (8 members)> {'rich_max': 70.0, 'rich_min': 35.0, 'z_max': 0.7, 'z_min': 0.6} 1         ra                dec              redshift           richness       id 
----------------- ------------------- ------------------ ----------------- -----
60.24684072721323 -30.234968978217807 0.6460187435150146 50.26935577392578 827.0
cl_ensemble_created
bin_zbin_4_richbin_2 <HDF5 group "/cluster_bin/bin_zbin_4_richbin_2" (8 members)> {'rich_max': 100.0, 'rich_min': 70.0, 'z_max': 0.7, 'z_min': 0.6} 0  ra dec redshift richness  id
--- --- -------- -------- ---
cl_ensemble_created
bin_zbin_4_richbin_3 <HDF5 group "/cluster_bin/bin_zbin_4_richbin_3" (8 members)> {'rich_max': 200.0, 'rich_min': 100.0, 'z_max': 0.7, 'z_min': 0.6} 0  ra dec redshift richness  id
--- --- -------- -------- ---
cl_ensemble_created
bin_zbin_5_richbin_0 <HDF5 group "/cluster_bin/bin_zbin_5_richbin_0" (8 members)> {'rich_max': 35.0, 'rich_min': 20.0, 'z_max': 0.8, 'z_min': 0.7} 2         ra                dec         ...      richness       id  
----------------- ------------------- ... ----------------- ------
60.31124209468067 -30.644137931021007 ...  21.7120418548584 3939.0
60.40601451137022 -30.889199256471997 ... 21.16286277770996 4709.0
Ncluster 2
For cluster 3939.0 at z= 0.7766682505607605 with n_source =  406 theta_max is 11.149453812032533  arcmin = 4.9897224376364 Mpc
GCMetaData([('coordinate_system', 'celestial'), ('cosmo', None)])
For cluster 4709.0 at z= 0.7267194390296936 with n_source =  333 theta_max is 11.451932572893217  arcmin = 4.996433680592877 Mpc
GCMetaData([('coordinate_system', 'celestial'), ('cosmo', None)])
cluster ensemble computed
covariance computed
cl_ensemble_created
bin_zbin_5_richbin_1 <HDF5 group "/cluster_bin/bin_zbin_5_richbin_1" (8 members)> {'rich_max': 70.0, 'rich_min': 35.0, 'z_max': 0.8, 'z_min': 0.7} 0  ra dec redshift richness  id
--- --- -------- -------- ---
cl_ensemble_created
bin_zbin_5_richbin_2 <HDF5 group "/cluster_bin/bin_zbin_5_richbin_2" (8 members)> {'rich_max': 100.0, 'rich_min': 70.0, 'z_max': 0.8, 'z_min': 0.7} 0  ra dec redshift richness  id
--- --- -------- -------- ---
cl_ensemble_created
bin_zbin_5_richbin_3 <HDF5 group "/cluster_bin/bin_zbin_5_richbin_3" (8 members)> {'rich_max': 200.0, 'rich_min': 100.0, 'z_max': 0.8, 'z_min': 0.7} 0  ra dec redshift richness  id
--- --- -------- -------- ---
cl_ensemble_created
bin_zbin_6_richbin_0 <HDF5 group "/cluster_bin/bin_zbin_6_richbin_0" (8 members)> {'rich_max': 35.0, 'rich_min': 20.0, 'z_max': 1.0, 'z_min': 0.8} 1         ra                 dec         ...      richness        id  
------------------ ------------------- ... ------------------ ------
60.486600234305534 -30.987929801464272 ... 25.281705856323242 2453.0
cl_ensemble_created
bin_zbin_6_richbin_1 <HDF5 group "/cluster_bin/bin_zbin_6_richbin_1" (8 members)> {'rich_max': 70.0, 'rich_min': 35.0, 'z_max': 1.0, 'z_min': 0.8} 0  ra dec redshift richness  id
--- --- -------- -------- ---
cl_ensemble_created
bin_zbin_6_richbin_2 <HDF5 group "/cluster_bin/bin_zbin_6_richbin_2" (8 members)> {'rich_max': 100.0, 'rich_min': 70.0, 'z_max': 1.0, 'z_min': 0.8} 0  ra dec redshift richness  id
--- --- -------- -------- ---
cl_ensemble_created
[0.5        0.61052765 0.74548802 0.9102821  1.11150478 1.35720881
 1.65722701 2.02356582 2.47088577 3.01708817 3.6840315  4.49840619]
51487 51487 51487
celestial
bin_zbin_0_richbin_0 <HDF5 group "/cluster_bin/bin_zbin_0_richbin_0" (8 members)> {'rich_max': 35.0, 'rich_min': 20.0, 'z_max': 0.3, 'z_min': 0.2} 0  ra dec redshift richness  id
--- --- -------- -------- ---
cl_ensemble_created
bin_zbin_0_richbin_1 <HDF5 group "/cluster_bin/bin_zbin_0_richbin_1" (8 members)> {'rich_max': 70.0, 'rich_min': 35.0, 'z_max': 0.3, 'z_min': 0.2} 0  ra dec redshift richness  id
--- --- -------- -------- ---
cl_ensemble_created
bin_zbin_0_richbin_2 <HDF5 group "/cluster_bin/bin_zbin_0_richbin_2" (8 members)> {'rich_max': 100.0, 'rich_min': 70.0, 'z_max': 0.3, 'z_min': 0.2} 0  ra dec redshift richness  id
--- --- -------- -------- ---
cl_ensemble_created
bin_zbin_0_richbin_3 <HDF5 group "/cluster_bin/bin_zbin_0_richbin_3" (8 members)> {'rich_max': 200.0, 'rich_min': 100.0, 'z_max': 0.3, 'z_min': 0.2} 0  ra dec redshift richness  id
--- --- -------- -------- ---
cl_ensemble_created
bin_zbin_1_richbin_0 <HDF5 group "/cluster_bin/bin_zbin_1_richbin_0" (8 members)> {'rich_max': 35.0, 'rich_min': 20.0, 'z_max': 0.4, 'z_min': 0.3} 0  ra dec redshift richness  id
--- --- -------- -------- ---
cl_ensemble_created
bin_zbin_1_richbin_1 <HDF5 group "/cluster_bin/bin_zbin_1_richbin_1" (8 members)> {'rich_max': 70.0, 'rich_min': 35.0, 'z_max': 0.4, 'z_min': 0.3} 0  ra dec redshift richness  id
--- --- -------- -------- ---
cl_ensemble_created
bin_zbin_1_richbin_2 <HDF5 group "/cluster_bin/bin_zbin_1_richbin_2" (8 members)> {'rich_max': 100.0, 'rich_min': 70.0, 'z_max': 0.4, 'z_min': 0.3} 0  ra dec redshift richness  id
--- --- -------- -------- ---
cl_ensemble_created
bin_zbin_1_richbin_3 <HDF5 group "/cluster_bin/bin_zbin_1_richbin_3" (8 members)> {'rich_max': 200.0, 'rich_min': 100.0, 'z_max': 0.4, 'z_min': 0.3} 0  ra dec redshift richness  id
--- --- -------- -------- ---
cl_ensemble_created
bin_zbin_2_richbin_0 <HDF5 group "/cluster_bin/bin_zbin_2_richbin_0" (8 members)> {'rich_max': 35.0, 'rich_min': 20.0, 'z_max': 0.5, 'z_min': 0.4} 0  ra dec redshift richness  id
--- --- -------- -------- ---
cl_ensemble_created
bin_zbin_2_richbin_1 <HDF5 group "/cluster_bin/bin_zbin_2_richbin_1" (8 members)> {'rich_max': 70.0, 'rich_min': 35.0, 'z_max': 0.5, 'z_min': 0.4} 0  ra dec redshift richness  id
--- --- -------- -------- ---
cl_ensemble_created
bin_zbin_2_richbin_2 <HDF5 group "/cluster_bin/bin_zbin_2_richbin_2" (8 members)> {'rich_max': 100.0, 'rich_min': 70.0, 'z_max': 0.5, 'z_min': 0.4} 0  ra dec redshift richness  id
--- --- -------- -------- ---
cl_ensemble_created
bin_zbin_2_richbin_3 <HDF5 group "/cluster_bin/bin_zbin_2_richbin_3" (8 members)> {'rich_max': 200.0, 'rich_min': 100.0, 'z_max': 0.5, 'z_min': 0.4} 1         ra               dec              redshift          richness       id 
----------------- ------------------ ----------------- ------------------ ----
60.69667268260482 -30.89586711375849 0.499299556016922 167.65638732910156 11.0
cl_ensemble_created
bin_zbin_3_richbin_0 <HDF5 group "/cluster_bin/bin_zbin_3_richbin_0" (8 members)> {'rich_max': 35.0, 'rich_min': 20.0, 'z_max': 0.6, 'z_min': 0.5} 0  ra dec redshift richness  id
--- --- -------- -------- ---
cl_ensemble_created
bin_zbin_3_richbin_1 <HDF5 group "/cluster_bin/bin_zbin_3_richbin_1" (8 members)> {'rich_max': 70.0, 'rich_min': 35.0, 'z_max': 0.6, 'z_min': 0.5} 0  ra dec redshift richness  id
--- --- -------- -------- ---
cl_ensemble_created
bin_zbin_3_richbin_2 <HDF5 group "/cluster_bin/bin_zbin_3_richbin_2" (8 members)> {'rich_max': 100.0, 'rich_min': 70.0, 'z_max': 0.6, 'z_min': 0.5} 0  ra dec redshift richness  id
--- --- -------- -------- ---
cl_ensemble_created
bin_zbin_3_richbin_3 <HDF5 group "/cluster_bin/bin_zbin_3_richbin_3" (8 members)> {'rich_max': 200.0, 'rich_min': 100.0, 'z_max': 0.6, 'z_min': 0.5} 0  ra dec redshift richness  id
--- --- -------- -------- ---
cl_ensemble_created
bin_zbin_4_richbin_0 <HDF5 group "/cluster_bin/bin_zbin_4_richbin_0" (8 members)> {'rich_max': 35.0, 'rich_min': 20.0, 'z_max': 0.7, 'z_min': 0.6} 2         ra                dec         ...      richness        id  
----------------- ------------------- ... ------------------ ------
60.33037603819723 -30.155166403646447 ... 31.856599807739258 1985.0
60.46305004484695   -30.4771453673221 ... 26.303789138793945 2678.0
Ncluster 2
For cluster 1985.0 at z= 0.641009509563446 with n_source =  488 theta_max is 12.057447346638652  arcmin = 4.988387695738275 Mpc
GCMetaData([('coordinate_system', 'celestial'), ('cosmo', None)])
For cluster 2678.0 at z= 0.6254668831825256 with n_source =  614 theta_max is 12.211980024446001  arcmin = 4.996286820080552 Mpc
GCMetaData([('coordinate_system', 'celestial'), ('cosmo', None)])
cluster ensemble computed
covariance computed
cl_ensemble_created
bin_zbin_4_richbin_1 <HDF5 group "/cluster_bin/bin_zbin_4_richbin_1" (8 members)> {'rich_max': 70.0, 'rich_min': 35.0, 'z_max': 0.7, 'z_min': 0.6} 1         ra                dec              redshift           richness       id 
----------------- ------------------- ------------------ ----------------- -----
60.24684072721323 -30.234968978217807 0.6460187435150146 50.26935577392578 827.0
cl_ensemble_created
bin_zbin_4_richbin_2 <HDF5 group "/cluster_bin/bin_zbin_4_richbin_2" (8 members)> {'rich_max': 100.0, 'rich_min': 70.0, 'z_max': 0.7, 'z_min': 0.6} 0  ra dec redshift richness  id
--- --- -------- -------- ---
cl_ensemble_created
bin_zbin_4_richbin_3 <HDF5 group "/cluster_bin/bin_zbin_4_richbin_3" (8 members)> {'rich_max': 200.0, 'rich_min': 100.0, 'z_max': 0.7, 'z_min': 0.6} 0  ra dec redshift richness  id
--- --- -------- -------- ---
cl_ensemble_created
bin_zbin_5_richbin_0 <HDF5 group "/cluster_bin/bin_zbin_5_richbin_0" (8 members)> {'rich_max': 35.0, 'rich_min': 20.0, 'z_max': 0.8, 'z_min': 0.7} 2         ra                dec         ...      richness       id  
----------------- ------------------- ... ----------------- ------
60.31124209468067 -30.644137931021007 ...  21.7120418548584 3939.0
60.40601451137022 -30.889199256471997 ... 21.16286277770996 4709.0
Ncluster 2
For cluster 3939.0 at z= 0.7766682505607605 with n_source =  406 theta_max is 11.149453812032533  arcmin = 4.9897224376364 Mpc
GCMetaData([('coordinate_system', 'celestial'), ('cosmo', None)])
For cluster 4709.0 at z= 0.7267194390296936 with n_source =  333 theta_max is 11.451932572893217  arcmin = 4.996433680592877 Mpc
GCMetaData([('coordinate_system', 'celestial'), ('cosmo', None)])
cluster ensemble computed
covariance computed
cl_ensemble_created
bin_zbin_5_richbin_1 <HDF5 group "/cluster_bin/bin_zbin_5_richbin_1" (8 members)> {'rich_max': 70.0, 'rich_min': 35.0, 'z_max': 0.8, 'z_min': 0.7} 0  ra dec redshift richness  id
--- --- -------- -------- ---
cl_ensemble_created
bin_zbin_5_richbin_2 <HDF5 group "/cluster_bin/bin_zbin_5_richbin_2" (8 members)> {'rich_max': 100.0, 'rich_min': 70.0, 'z_max': 0.8, 'z_min': 0.7} 0  ra dec redshift richness  id
--- --- -------- -------- ---
cl_ensemble_created
bin_zbin_5_richbin_3 <HDF5 group "/cluster_bin/bin_zbin_5_richbin_3" (8 members)> {'rich_max': 200.0, 'rich_min': 100.0, 'z_max': 0.8, 'z_min': 0.7} 0  ra dec redshift richness  id
--- --- -------- -------- ---
cl_ensemble_created
bin_zbin_6_richbin_0 <HDF5 group "/cluster_bin/bin_zbin_6_richbin_0" (8 members)> {'rich_max': 35.0, 'rich_min': 20.0, 'z_max': 1.0, 'z_min': 0.8} 1         ra                 dec         ...      richness        id  
------------------ ------------------- ... ------------------ ------
60.486600234305534 -30.987929801464272 ... 25.281705856323242 2453.0
cl_ensemble_created
bin_zbin_6_richbin_1 <HDF5 group "/cluster_bin/bin_zbin_6_richbin_1" (8 members)> {'rich_max': 70.0, 'rich_min': 35.0, 'z_max': 1.0, 'z_min': 0.8} 0  ra dec redshift richness  id
--- --- -------- -------- ---
cl_ensemble_created
bin_zbin_6_richbin_2 <HDF5 group "/cluster_bin/bin_zbin_6_richbin_2" (8 members)> {'rich_max': 100.0, 'rich_min': 70.0, 'z_max': 1.0, 'z_min': 0.8} 0  ra dec redshift richness  id
--- --- -------- -------- ---
cl_ensemble_created
[0.5        0.61052765 0.74548802 0.9102821  1.11150478 1.35720881
 1.65722701 2.02356582 2.47088577 3.01708817 3.6840315  4.49840619]
51487 51487 51487
celestial
bin_zbin_0_richbin_0 <HDF5 group "/cluster_bin/bin_zbin_0_richbin_0" (8 members)> {'rich_max': 35.0, 'rich_min': 20.0, 'z_max': 0.3, 'z_min': 0.2} 0  ra dec redshift richness  id
--- --- -------- -------- ---
cl_ensemble_created
bin_zbin_0_richbin_1 <HDF5 group "/cluster_bin/bin_zbin_0_richbin_1" (8 members)> {'rich_max': 70.0, 'rich_min': 35.0, 'z_max': 0.3, 'z_min': 0.2} 0  ra dec redshift richness  id
--- --- -------- -------- ---
cl_ensemble_created
bin_zbin_0_richbin_2 <HDF5 group "/cluster_bin/bin_zbin_0_richbin_2" (8 members)> {'rich_max': 100.0, 'rich_min': 70.0, 'z_max': 0.3, 'z_min': 0.2} 0  ra dec redshift richness  id
--- --- -------- -------- ---
cl_ensemble_created
bin_zbin_0_richbin_3 <HDF5 group "/cluster_bin/bin_zbin_0_richbin_3" (8 members)> {'rich_max': 200.0, 'rich_min': 100.0, 'z_max': 0.3, 'z_min': 0.2} 0  ra dec redshift richness  id
--- --- -------- -------- ---
cl_ensemble_created
bin_zbin_1_richbin_0 <HDF5 group "/cluster_bin/bin_zbin_1_richbin_0" (8 members)> {'rich_max': 35.0, 'rich_min': 20.0, 'z_max': 0.4, 'z_min': 0.3} 0  ra dec redshift richness  id
--- --- -------- -------- ---
cl_ensemble_created
bin_zbin_1_richbin_1 <HDF5 group "/cluster_bin/bin_zbin_1_richbin_1" (8 members)> {'rich_max': 70.0, 'rich_min': 35.0, 'z_max': 0.4, 'z_min': 0.3} 0  ra dec redshift richness  id
--- --- -------- -------- ---
cl_ensemble_created
bin_zbin_1_richbin_2 <HDF5 group "/cluster_bin/bin_zbin_1_richbin_2" (8 members)> {'rich_max': 100.0, 'rich_min': 70.0, 'z_max': 0.4, 'z_min': 0.3} 0  ra dec redshift richness  id
--- --- -------- -------- ---
cl_ensemble_created
bin_zbin_1_richbin_3 <HDF5 group "/cluster_bin/bin_zbin_1_richbin_3" (8 members)> {'rich_max': 200.0, 'rich_min': 100.0, 'z_max': 0.4, 'z_min': 0.3} 0  ra dec redshift richness  id
--- --- -------- -------- ---
cl_ensemble_created
bin_zbin_2_richbin_0 <HDF5 group "/cluster_bin/bin_zbin_2_richbin_0" (8 members)> {'rich_max': 35.0, 'rich_min': 20.0, 'z_max': 0.5, 'z_min': 0.4} 0  ra dec redshift richness  id
--- --- -------- -------- ---
cl_ensemble_created
bin_zbin_2_richbin_1 <HDF5 group "/cluster_bin/bin_zbin_2_richbin_1" (8 members)> {'rich_max': 70.0, 'rich_min': 35.0, 'z_max': 0.5, 'z_min': 0.4} 0  ra dec redshift richness  id
--- --- -------- -------- ---
cl_ensemble_created
bin_zbin_2_richbin_2 <HDF5 group "/cluster_bin/bin_zbin_2_richbin_2" (8 members)> {'rich_max': 100.0, 'rich_min': 70.0, 'z_max': 0.5, 'z_min': 0.4} 0  ra dec redshift richness  id
--- --- -------- -------- ---
cl_ensemble_created
bin_zbin_2_richbin_3 <HDF5 group "/cluster_bin/bin_zbin_2_richbin_3" (8 members)> {'rich_max': 200.0, 'rich_min': 100.0, 'z_max': 0.5, 'z_min': 0.4} 1         ra               dec              redshift          richness       id 
----------------- ------------------ ----------------- ------------------ ----
60.69667268260482 -30.89586711375849 0.499299556016922 167.65638732910156 11.0
cl_ensemble_created
bin_zbin_3_richbin_0 <HDF5 group "/cluster_bin/bin_zbin_3_richbin_0" (8 members)> {'rich_max': 35.0, 'rich_min': 20.0, 'z_max': 0.6, 'z_min': 0.5} 0  ra dec redshift richness  id
--- --- -------- -------- ---
cl_ensemble_created
bin_zbin_3_richbin_1 <HDF5 group "/cluster_bin/bin_zbin_3_richbin_1" (8 members)> {'rich_max': 70.0, 'rich_min': 35.0, 'z_max': 0.6, 'z_min': 0.5} 0  ra dec redshift richness  id
--- --- -------- -------- ---
cl_ensemble_created
bin_zbin_3_richbin_2 <HDF5 group "/cluster_bin/bin_zbin_3_richbin_2" (8 members)> {'rich_max': 100.0, 'rich_min': 70.0, 'z_max': 0.6, 'z_min': 0.5} 0  ra dec redshift richness  id
--- --- -------- -------- ---
cl_ensemble_created
bin_zbin_3_richbin_3 <HDF5 group "/cluster_bin/bin_zbin_3_richbin_3" (8 members)> {'rich_max': 200.0, 'rich_min': 100.0, 'z_max': 0.6, 'z_min': 0.5} 0  ra dec redshift richness  id
--- --- -------- -------- ---
cl_ensemble_created
bin_zbin_4_richbin_0 <HDF5 group "/cluster_bin/bin_zbin_4_richbin_0" (8 members)> {'rich_max': 35.0, 'rich_min': 20.0, 'z_max': 0.7, 'z_min': 0.6} 2         ra                dec         ...      richness        id  
----------------- ------------------- ... ------------------ ------
60.33037603819723 -30.155166403646447 ... 31.856599807739258 1985.0
60.46305004484695   -30.4771453673221 ... 26.303789138793945 2678.0
Ncluster 2
For cluster 1985.0 at z= 0.641009509563446 with n_source =  488 theta_max is 12.057447346638652  arcmin = 4.988387695738275 Mpc
GCMetaData([('coordinate_system', 'celestial'), ('cosmo', None)])
For cluster 2678.0 at z= 0.6254668831825256 with n_source =  614 theta_max is 12.211980024446001  arcmin = 4.996286820080552 Mpc
GCMetaData([('coordinate_system', 'celestial'), ('cosmo', None)])
cluster ensemble computed
covariance computed
cl_ensemble_created
bin_zbin_4_richbin_1 <HDF5 group "/cluster_bin/bin_zbin_4_richbin_1" (8 members)> {'rich_max': 70.0, 'rich_min': 35.0, 'z_max': 0.7, 'z_min': 0.6} 1         ra                dec              redshift           richness       id 
----------------- ------------------- ------------------ ----------------- -----
60.24684072721323 -30.234968978217807 0.6460187435150146 50.26935577392578 827.0
cl_ensemble_created
bin_zbin_4_richbin_2 <HDF5 group "/cluster_bin/bin_zbin_4_richbin_2" (8 members)> {'rich_max': 100.0, 'rich_min': 70.0, 'z_max': 0.7, 'z_min': 0.6} 0  ra dec redshift richness  id
--- --- -------- -------- ---
cl_ensemble_created
bin_zbin_4_richbin_3 <HDF5 group "/cluster_bin/bin_zbin_4_richbin_3" (8 members)> {'rich_max': 200.0, 'rich_min': 100.0, 'z_max': 0.7, 'z_min': 0.6} 0  ra dec redshift richness  id
--- --- -------- -------- ---
cl_ensemble_created
bin_zbin_5_richbin_0 <HDF5 group "/cluster_bin/bin_zbin_5_richbin_0" (8 members)> {'rich_max': 35.0, 'rich_min': 20.0, 'z_max': 0.8, 'z_min': 0.7} 2         ra                dec         ...      richness       id  
----------------- ------------------- ... ----------------- ------
60.31124209468067 -30.644137931021007 ...  21.7120418548584 3939.0
60.40601451137022 -30.889199256471997 ... 21.16286277770996 4709.0
Ncluster 2
For cluster 3939.0 at z= 0.7766682505607605 with n_source =  406 theta_max is 11.149453812032533  arcmin = 4.9897224376364 Mpc
GCMetaData([('coordinate_system', 'celestial'), ('cosmo', None)])
For cluster 4709.0 at z= 0.7267194390296936 with n_source =  333 theta_max is 11.451932572893217  arcmin = 4.996433680592877 Mpc
GCMetaData([('coordinate_system', 'celestial'), ('cosmo', None)])
cluster ensemble computed
covariance computed
cl_ensemble_created
bin_zbin_5_richbin_1 <HDF5 group "/cluster_bin/bin_zbin_5_richbin_1" (8 members)> {'rich_max': 70.0, 'rich_min': 35.0, 'z_max': 0.8, 'z_min': 0.7} 0  ra dec redshift richness  id
--- --- -------- -------- ---
cl_ensemble_created
bin_zbin_5_richbin_2 <HDF5 group "/cluster_bin/bin_zbin_5_richbin_2" (8 members)> {'rich_max': 100.0, 'rich_min': 70.0, 'z_max': 0.8, 'z_min': 0.7} 0  ra dec redshift richness  id
--- --- -------- -------- ---
cl_ensemble_created
bin_zbin_5_richbin_3 <HDF5 group "/cluster_bin/bin_zbin_5_richbin_3" (8 members)> {'rich_max': 200.0, 'rich_min': 100.0, 'z_max': 0.8, 'z_min': 0.7} 0  ra dec redshift richness  id
--- --- -------- -------- ---
cl_ensemble_created
bin_zbin_6_richbin_0 <HDF5 group "/cluster_bin/bin_zbin_6_richbin_0" (8 members)> {'rich_max': 35.0, 'rich_min': 20.0, 'z_max': 1.0, 'z_min': 0.8} 1         ra                 dec         ...      richness        id  
------------------ ------------------- ... ------------------ ------
60.486600234305534 -30.987929801464272 ... 25.281705856323242 2453.0
cl_ensemble_created
bin_zbin_6_richbin_1 <HDF5 group "/cluster_bin/bin_zbin_6_richbin_1" (8 members)> {'rich_max': 70.0, 'rich_min': 35.0, 'z_max': 1.0, 'z_min': 0.8} 0  ra dec redshift richness  id
--- --- -------- -------- ---
cl_ensemble_created
bin_zbin_6_richbin_2 <HDF5 group "/cluster_bin/bin_zbin_6_richbin_2" (8 members)> {'rich_max': 100.0, 'rich_min': 70.0, 'z_max': 1.0, 'z_min': 0.8} 0  ra dec redshift richness  id
--- --- -------- -------- ---
cl_ensemble_created
[0.5        0.61052765 0.74548802 0.9102821  1.11150478 1.35720881
 1.65722701 2.02356582 2.47088577 3.01708817 3.6840315  4.49840619]
51487 51487 51487
celestial
bin_zbin_0_richbin_0 <HDF5 group "/cluster_bin/bin_zbin_0_richbin_0" (8 members)> {'rich_max': 35.0, 'rich_min': 20.0, 'z_max': 0.3, 'z_min': 0.2} 0  ra dec redshift richness  id
--- --- -------- -------- ---
cl_ensemble_created
bin_zbin_0_richbin_1 <HDF5 group "/cluster_bin/bin_zbin_0_richbin_1" (8 members)> {'rich_max': 70.0, 'rich_min': 35.0, 'z_max': 0.3, 'z_min': 0.2} 0  ra dec redshift richness  id
--- --- -------- -------- ---
cl_ensemble_created
bin_zbin_0_richbin_2 <HDF5 group "/cluster_bin/bin_zbin_0_richbin_2" (8 members)> {'rich_max': 100.0, 'rich_min': 70.0, 'z_max': 0.3, 'z_min': 0.2} 0  ra dec redshift richness  id
--- --- -------- -------- ---
cl_ensemble_created
bin_zbin_0_richbin_3 <HDF5 group "/cluster_bin/bin_zbin_0_richbin_3" (8 members)> {'rich_max': 200.0, 'rich_min': 100.0, 'z_max': 0.3, 'z_min': 0.2} 0  ra dec redshift richness  id
--- --- -------- -------- ---
cl_ensemble_created
bin_zbin_1_richbin_0 <HDF5 group "/cluster_bin/bin_zbin_1_richbin_0" (8 members)> {'rich_max': 35.0, 'rich_min': 20.0, 'z_max': 0.4, 'z_min': 0.3} 0  ra dec redshift richness  id
--- --- -------- -------- ---
cl_ensemble_created
bin_zbin_1_richbin_1 <HDF5 group "/cluster_bin/bin_zbin_1_richbin_1" (8 members)> {'rich_max': 70.0, 'rich_min': 35.0, 'z_max': 0.4, 'z_min': 0.3} 0  ra dec redshift richness  id
--- --- -------- -------- ---
cl_ensemble_created
bin_zbin_1_richbin_2 <HDF5 group "/cluster_bin/bin_zbin_1_richbin_2" (8 members)> {'rich_max': 100.0, 'rich_min': 70.0, 'z_max': 0.4, 'z_min': 0.3} 0  ra dec redshift richness  id
--- --- -------- -------- ---
cl_ensemble_created
bin_zbin_1_richbin_3 <HDF5 group "/cluster_bin/bin_zbin_1_richbin_3" (8 members)> {'rich_max': 200.0, 'rich_min': 100.0, 'z_max': 0.4, 'z_min': 0.3} 0  ra dec redshift richness  id
--- --- -------- -------- ---
cl_ensemble_created
bin_zbin_2_richbin_0 <HDF5 group "/cluster_bin/bin_zbin_2_richbin_0" (8 members)> {'rich_max': 35.0, 'rich_min': 20.0, 'z_max': 0.5, 'z_min': 0.4} 0  ra dec redshift richness  id
--- --- -------- -------- ---
cl_ensemble_created
bin_zbin_2_richbin_1 <HDF5 group "/cluster_bin/bin_zbin_2_richbin_1" (8 members)> {'rich_max': 70.0, 'rich_min': 35.0, 'z_max': 0.5, 'z_min': 0.4} 0  ra dec redshift richness  id
--- --- -------- -------- ---
cl_ensemble_created
bin_zbin_2_richbin_2 <HDF5 group "/cluster_bin/bin_zbin_2_richbin_2" (8 members)> {'rich_max': 100.0, 'rich_min': 70.0, 'z_max': 0.5, 'z_min': 0.4} 0  ra dec redshift richness  id
--- --- -------- -------- ---
cl_ensemble_created
bin_zbin_2_richbin_3 <HDF5 group "/cluster_bin/bin_zbin_2_richbin_3" (8 members)> {'rich_max': 200.0, 'rich_min': 100.0, 'z_max': 0.5, 'z_min': 0.4} 1         ra               dec              redshift          richness       id 
----------------- ------------------ ----------------- ------------------ ----
60.69667268260482 -30.89586711375849 0.499299556016922 167.65638732910156 11.0
cl_ensemble_created
bin_zbin_3_richbin_0 <HDF5 group "/cluster_bin/bin_zbin_3_richbin_0" (8 members)> {'rich_max': 35.0, 'rich_min': 20.0, 'z_max': 0.6, 'z_min': 0.5} 0  ra dec redshift richness  id
--- --- -------- -------- ---
cl_ensemble_created
bin_zbin_3_richbin_1 <HDF5 group "/cluster_bin/bin_zbin_3_richbin_1" (8 members)> {'rich_max': 70.0, 'rich_min': 35.0, 'z_max': 0.6, 'z_min': 0.5} 0  ra dec redshift richness  id
--- --- -------- -------- ---
cl_ensemble_created
bin_zbin_3_richbin_2 <HDF5 group "/cluster_bin/bin_zbin_3_richbin_2" (8 members)> {'rich_max': 100.0, 'rich_min': 70.0, 'z_max': 0.6, 'z_min': 0.5} 0  ra dec redshift richness  id
--- --- -------- -------- ---
cl_ensemble_created
bin_zbin_3_richbin_3 <HDF5 group "/cluster_bin/bin_zbin_3_richbin_3" (8 members)> {'rich_max': 200.0, 'rich_min': 100.0, 'z_max': 0.6, 'z_min': 0.5} 0  ra dec redshift richness  id
--- --- -------- -------- ---
cl_ensemble_created
bin_zbin_4_richbin_0 <HDF5 group "/cluster_bin/bin_zbin_4_richbin_0" (8 members)> {'rich_max': 35.0, 'rich_min': 20.0, 'z_max': 0.7, 'z_min': 0.6} 2         ra                dec         ...      richness        id  
----------------- ------------------- ... ------------------ ------
60.33037603819723 -30.155166403646447 ... 31.856599807739258 1985.0
60.46305004484695   -30.4771453673221 ... 26.303789138793945 2678.0
Ncluster 2
For cluster 1985.0 at z= 0.641009509563446 with n_source =  488 theta_max is 12.057447346638652  arcmin = 4.988387695738275 Mpc
GCMetaData([('coordinate_system', 'celestial'), ('cosmo', None)])
For cluster 2678.0 at z= 0.6254668831825256 with n_source =  614 theta_max is 12.211980024446001  arcmin = 4.996286820080552 Mpc
GCMetaData([('coordinate_system', 'celestial'), ('cosmo', None)])
cluster ensemble computed
covariance computed
cl_ensemble_created
bin_zbin_4_richbin_1 <HDF5 group "/cluster_bin/bin_zbin_4_richbin_1" (8 members)> {'rich_max': 70.0, 'rich_min': 35.0, 'z_max': 0.7, 'z_min': 0.6} 1         ra                dec              redshift           richness       id 
----------------- ------------------- ------------------ ----------------- -----
60.24684072721323 -30.234968978217807 0.6460187435150146 50.26935577392578 827.0
cl_ensemble_created
bin_zbin_4_richbin_2 <HDF5 group "/cluster_bin/bin_zbin_4_richbin_2" (8 members)> {'rich_max': 100.0, 'rich_min': 70.0, 'z_max': 0.7, 'z_min': 0.6} 0  ra dec redshift richness  id
--- --- -------- -------- ---
cl_ensemble_created
bin_zbin_4_richbin_3 <HDF5 group "/cluster_bin/bin_zbin_4_richbin_3" (8 members)> {'rich_max': 200.0, 'rich_min': 100.0, 'z_max': 0.7, 'z_min': 0.6} 0  ra dec redshift richness  id
--- --- -------- -------- ---
cl_ensemble_created
bin_zbin_5_richbin_0 <HDF5 group "/cluster_bin/bin_zbin_5_richbin_0" (8 members)> {'rich_max': 35.0, 'rich_min': 20.0, 'z_max': 0.8, 'z_min': 0.7} 2         ra                dec         ...      richness       id  
----------------- ------------------- ... ----------------- ------
60.31124209468067 -30.644137931021007 ...  21.7120418548584 3939.0
60.40601451137022 -30.889199256471997 ... 21.16286277770996 4709.0
Ncluster 2
For cluster 3939.0 at z= 0.7766682505607605 with n_source =  406 theta_max is 11.149453812032533  arcmin = 4.9897224376364 Mpc
GCMetaData([('coordinate_system', 'celestial'), ('cosmo', None)])
For cluster 4709.0 at z= 0.7267194390296936 with n_source =  333 theta_max is 11.451932572893217  arcmin = 4.996433680592877 Mpc
GCMetaData([('coordinate_system', 'celestial'), ('cosmo', None)])
cluster ensemble computed
covariance computed
cl_ensemble_created
bin_zbin_5_richbin_1 <HDF5 group "/cluster_bin/bin_zbin_5_richbin_1" (8 members)> {'rich_max': 70.0, 'rich_min': 35.0, 'z_max': 0.8, 'z_min': 0.7} 0  ra dec redshift richness  id
--- --- -------- -------- ---
cl_ensemble_created
bin_zbin_5_richbin_2 <HDF5 group "/cluster_bin/bin_zbin_5_richbin_2" (8 members)> {'rich_max': 100.0, 'rich_min': 70.0, 'z_max': 0.8, 'z_min': 0.7} 0  ra dec redshift richness  id
--- --- -------- -------- ---
cl_ensemble_created
bin_zbin_5_richbin_3 <HDF5 group "/cluster_bin/bin_zbin_5_richbin_3" (8 members)> {'rich_max': 200.0, 'rich_min': 100.0, 'z_max': 0.8, 'z_min': 0.7} 0  ra dec redshift richness  id
--- --- -------- -------- ---
cl_ensemble_created
bin_zbin_6_richbin_0 <HDF5 group "/cluster_bin/bin_zbin_6_richbin_0" (8 members)> {'rich_max': 35.0, 'rich_min': 20.0, 'z_max': 1.0, 'z_min': 0.8} 1         ra                 dec         ...      richness        id  
------------------ ------------------- ... ------------------ ------
60.486600234305534 -30.987929801464272 ... 25.281705856323242 2453.0
cl_ensemble_created
bin_zbin_6_richbin_1 <HDF5 group "/cluster_bin/bin_zbin_6_richbin_1" (8 members)> {'rich_max': 70.0, 'rich_min': 35.0, 'z_max': 1.0, 'z_min': 0.8} 0  ra dec redshift richness  id
--- --- -------- -------- ---
cl_ensemble_created
bin_zbin_6_richbin_2 <HDF5 group "/cluster_bin/bin_zbin_6_richbin_2" (8 members)> {'rich_max': 100.0, 'rich_min': 70.0, 'z_max': 1.0, 'z_min': 0.8} 0  ra dec redshift richness  id
--- --- -------- -------- ---
cl_ensemble_created
[0.5        0.61052765 0.74548802 0.9102821  1.11150478 1.35720881
 1.65722701 2.02356582 2.47088577 3.01708817 3.6840315  4.49840619]
51487 51487 51487
celestial
bin_zbin_0_richbin_0 <HDF5 group "/cluster_bin/bin_zbin_0_richbin_0" (8 members)> {'rich_max': 35.0, 'rich_min': 20.0, 'z_max': 0.3, 'z_min': 0.2} 0  ra dec redshift richness  id
--- --- -------- -------- ---
cl_ensemble_created
bin_zbin_0_richbin_1 <HDF5 group "/cluster_bin/bin_zbin_0_richbin_1" (8 members)> {'rich_max': 70.0, 'rich_min': 35.0, 'z_max': 0.3, 'z_min': 0.2} 0  ra dec redshift richness  id
--- --- -------- -------- ---
cl_ensemble_created
bin_zbin_0_richbin_2 <HDF5 group "/cluster_bin/bin_zbin_0_richbin_2" (8 members)> {'rich_max': 100.0, 'rich_min': 70.0, 'z_max': 0.3, 'z_min': 0.2} 0  ra dec redshift richness  id
--- --- -------- -------- ---
cl_ensemble_created
bin_zbin_0_richbin_3 <HDF5 group "/cluster_bin/bin_zbin_0_richbin_3" (8 members)> {'rich_max': 200.0, 'rich_min': 100.0, 'z_max': 0.3, 'z_min': 0.2} 0  ra dec redshift richness  id
--- --- -------- -------- ---
cl_ensemble_created
bin_zbin_1_richbin_0 <HDF5 group "/cluster_bin/bin_zbin_1_richbin_0" (8 members)> {'rich_max': 35.0, 'rich_min': 20.0, 'z_max': 0.4, 'z_min': 0.3} 0  ra dec redshift richness  id
--- --- -------- -------- ---
cl_ensemble_created
bin_zbin_1_richbin_1 <HDF5 group "/cluster_bin/bin_zbin_1_richbin_1" (8 members)> {'rich_max': 70.0, 'rich_min': 35.0, 'z_max': 0.4, 'z_min': 0.3} 0  ra dec redshift richness  id
--- --- -------- -------- ---
cl_ensemble_created
bin_zbin_1_richbin_2 <HDF5 group "/cluster_bin/bin_zbin_1_richbin_2" (8 members)> {'rich_max': 100.0, 'rich_min': 70.0, 'z_max': 0.4, 'z_min': 0.3} 0  ra dec redshift richness  id
--- --- -------- -------- ---
cl_ensemble_created
bin_zbin_1_richbin_3 <HDF5 group "/cluster_bin/bin_zbin_1_richbin_3" (8 members)> {'rich_max': 200.0, 'rich_min': 100.0, 'z_max': 0.4, 'z_min': 0.3} 0  ra dec redshift richness  id
--- --- -------- -------- ---
cl_ensemble_created
bin_zbin_2_richbin_0 <HDF5 group "/cluster_bin/bin_zbin_2_richbin_0" (8 members)> {'rich_max': 35.0, 'rich_min': 20.0, 'z_max': 0.5, 'z_min': 0.4} 0  ra dec redshift richness  id
--- --- -------- -------- ---
cl_ensemble_created
bin_zbin_2_richbin_1 <HDF5 group "/cluster_bin/bin_zbin_2_richbin_1" (8 members)> {'rich_max': 70.0, 'rich_min': 35.0, 'z_max': 0.5, 'z_min': 0.4} 0  ra dec redshift richness  id
--- --- -------- -------- ---
cl_ensemble_created
bin_zbin_2_richbin_2 <HDF5 group "/cluster_bin/bin_zbin_2_richbin_2" (8 members)> {'rich_max': 100.0, 'rich_min': 70.0, 'z_max': 0.5, 'z_min': 0.4} 0  ra dec redshift richness  id
--- --- -------- -------- ---
cl_ensemble_created
bin_zbin_2_richbin_3 <HDF5 group "/cluster_bin/bin_zbin_2_richbin_3" (8 members)> {'rich_max': 200.0, 'rich_min': 100.0, 'z_max': 0.5, 'z_min': 0.4} 1         ra               dec              redshift          richness       id 
----------------- ------------------ ----------------- ------------------ ----
60.69667268260482 -30.89586711375849 0.499299556016922 167.65638732910156 11.0
cl_ensemble_created
bin_zbin_3_richbin_0 <HDF5 group "/cluster_bin/bin_zbin_3_richbin_0" (8 members)> {'rich_max': 35.0, 'rich_min': 20.0, 'z_max': 0.6, 'z_min': 0.5} 0  ra dec redshift richness  id
--- --- -------- -------- ---
cl_ensemble_created
bin_zbin_3_richbin_1 <HDF5 group "/cluster_bin/bin_zbin_3_richbin_1" (8 members)> {'rich_max': 70.0, 'rich_min': 35.0, 'z_max': 0.6, 'z_min': 0.5} 0  ra dec redshift richness  id
--- --- -------- -------- ---
cl_ensemble_created
bin_zbin_3_richbin_2 <HDF5 group "/cluster_bin/bin_zbin_3_richbin_2" (8 members)> {'rich_max': 100.0, 'rich_min': 70.0, 'z_max': 0.6, 'z_min': 0.5} 0  ra dec redshift richness  id
--- --- -------- -------- ---
cl_ensemble_created
bin_zbin_3_richbin_3 <HDF5 group "/cluster_bin/bin_zbin_3_richbin_3" (8 members)> {'rich_max': 200.0, 'rich_min': 100.0, 'z_max': 0.6, 'z_min': 0.5} 0  ra dec redshift richness  id
--- --- -------- -------- ---
cl_ensemble_created
bin_zbin_4_richbin_0 <HDF5 group "/cluster_bin/bin_zbin_4_richbin_0" (8 members)> {'rich_max': 35.0, 'rich_min': 20.0, 'z_max': 0.7, 'z_min': 0.6} 2         ra                dec         ...      richness        id  
----------------- ------------------- ... ------------------ ------
60.33037603819723 -30.155166403646447 ... 31.856599807739258 1985.0
60.46305004484695   -30.4771453673221 ... 26.303789138793945 2678.0
Ncluster 2
For cluster 1985.0 at z= 0.641009509563446 with n_source =  488 theta_max is 12.057447346638652  arcmin = 4.988387695738275 Mpc
GCMetaData([('coordinate_system', 'celestial'), ('cosmo', None)])
For cluster 2678.0 at z= 0.6254668831825256 with n_source =  614 theta_max is 12.211980024446001  arcmin = 4.996286820080552 Mpc
GCMetaData([('coordinate_system', 'celestial'), ('cosmo', None)])
cluster ensemble computed
covariance computed
cl_ensemble_created
bin_zbin_4_richbin_1 <HDF5 group "/cluster_bin/bin_zbin_4_richbin_1" (8 members)> {'rich_max': 70.0, 'rich_min': 35.0, 'z_max': 0.7, 'z_min': 0.6} 1         ra                dec              redshift           richness       id 
----------------- ------------------- ------------------ ----------------- -----
60.24684072721323 -30.234968978217807 0.6460187435150146 50.26935577392578 827.0
cl_ensemble_created
bin_zbin_4_richbin_2 <HDF5 group "/cluster_bin/bin_zbin_4_richbin_2" (8 members)> {'rich_max': 100.0, 'rich_min': 70.0, 'z_max': 0.7, 'z_min': 0.6} 0  ra dec redshift richness  id
--- --- -------- -------- ---
cl_ensemble_created
bin_zbin_4_richbin_3 <HDF5 group "/cluster_bin/bin_zbin_4_richbin_3" (8 members)> {'rich_max': 200.0, 'rich_min': 100.0, 'z_max': 0.7, 'z_min': 0.6} 0  ra dec redshift richness  id
--- --- -------- -------- ---
cl_ensemble_created
bin_zbin_5_richbin_0 <HDF5 group "/cluster_bin/bin_zbin_5_richbin_0" (8 members)> {'rich_max': 35.0, 'rich_min': 20.0, 'z_max': 0.8, 'z_min': 0.7} 2         ra                dec         ...      richness       id  
----------------- ------------------- ... ----------------- ------
60.31124209468067 -30.644137931021007 ...  21.7120418548584 3939.0
60.40601451137022 -30.889199256471997 ... 21.16286277770996 4709.0
Ncluster 2
For cluster 3939.0 at z= 0.7766682505607605 with n_source =  406 theta_max is 11.149453812032533  arcmin = 4.9897224376364 Mpc
GCMetaData([('coordinate_system', 'celestial'), ('cosmo', None)])
For cluster 4709.0 at z= 0.7267194390296936 with n_source =  333 theta_max is 11.451932572893217  arcmin = 4.996433680592877 Mpc
GCMetaData([('coordinate_system', 'celestial'), ('cosmo', None)])
cluster ensemble computed
covariance computed
cl_ensemble_created
bin_zbin_5_richbin_1 <HDF5 group "/cluster_bin/bin_zbin_5_richbin_1" (8 members)> {'rich_max': 70.0, 'rich_min': 35.0, 'z_max': 0.8, 'z_min': 0.7} 0  ra dec redshift richness  id
--- --- -------- -------- ---
cl_ensemble_created
bin_zbin_5_richbin_2 <HDF5 group "/cluster_bin/bin_zbin_5_richbin_2" (8 members)> {'rich_max': 100.0, 'rich_min': 70.0, 'z_max': 0.8, 'z_min': 0.7} 0  ra dec redshift richness  id
--- --- -------- -------- ---
cl_ensemble_created
bin_zbin_5_richbin_3 <HDF5 group "/cluster_bin/bin_zbin_5_richbin_3" (8 members)> {'rich_max': 200.0, 'rich_min': 100.0, 'z_max': 0.8, 'z_min': 0.7} 0  ra dec redshift richness  id
--- --- -------- -------- ---
cl_ensemble_created
bin_zbin_6_richbin_0 <HDF5 group "/cluster_bin/bin_zbin_6_richbin_0" (8 members)> {'rich_max': 35.0, 'rich_min': 20.0, 'z_max': 1.0, 'z_min': 0.8} 1         ra                 dec         ...      richness        id  
------------------ ------------------- ... ------------------ ------
60.486600234305534 -30.987929801464272 ... 25.281705856323242 2453.0
cl_ensemble_created
bin_zbin_6_richbin_1 <HDF5 group "/cluster_bin/bin_zbin_6_richbin_1" (8 members)> {'rich_max': 70.0, 'rich_min': 35.0, 'z_max': 1.0, 'z_min': 0.8} 0  ra dec redshift richness  id
--- --- -------- -------- ---
cl_ensemble_created
bin_zbin_6_richbin_2 <HDF5 group "/cluster_bin/bin_zbin_6_richbin_2" (8 members)> {'rich_max': 100.0, 'rich_min': 70.0, 'z_max': 1.0, 'z_min': 0.8} 0  ra dec redshift richness  id
--- --- -------- -------- ---
cl_ensemble_created
[0.5        0.61052765 0.74548802 0.9102821  1.11150478 1.35720881
 1.65722701 2.02356582 2.47088577 3.01708817 3.6840315  4.49840619]
51487 51487 51487
celestial
bin_zbin_0_richbin_0 <HDF5 group "/cluster_bin/bin_zbin_0_richbin_0" (8 members)> {'rich_max': 35.0, 'rich_min': 20.0, 'z_max': 0.3, 'z_min': 0.2} 0  ra dec redshift richness  id
--- --- -------- -------- ---
cl_ensemble_created
bin_zbin_0_richbin_1 <HDF5 group "/cluster_bin/bin_zbin_0_richbin_1" (8 members)> {'rich_max': 70.0, 'rich_min': 35.0, 'z_max': 0.3, 'z_min': 0.2} 0  ra dec redshift richness  id
--- --- -------- -------- ---
cl_ensemble_created
bin_zbin_0_richbin_2 <HDF5 group "/cluster_bin/bin_zbin_0_richbin_2" (8 members)> {'rich_max': 100.0, 'rich_min': 70.0, 'z_max': 0.3, 'z_min': 0.2} 0  ra dec redshift richness  id
--- --- -------- -------- ---
cl_ensemble_created
bin_zbin_0_richbin_3 <HDF5 group "/cluster_bin/bin_zbin_0_richbin_3" (8 members)> {'rich_max': 200.0, 'rich_min': 100.0, 'z_max': 0.3, 'z_min': 0.2} 0  ra dec redshift richness  id
--- --- -------- -------- ---
cl_ensemble_created
bin_zbin_1_richbin_0 <HDF5 group "/cluster_bin/bin_zbin_1_richbin_0" (8 members)> {'rich_max': 35.0, 'rich_min': 20.0, 'z_max': 0.4, 'z_min': 0.3} 0  ra dec redshift richness  id
--- --- -------- -------- ---
cl_ensemble_created
bin_zbin_1_richbin_1 <HDF5 group "/cluster_bin/bin_zbin_1_richbin_1" (8 members)> {'rich_max': 70.0, 'rich_min': 35.0, 'z_max': 0.4, 'z_min': 0.3} 0  ra dec redshift richness  id
--- --- -------- -------- ---
cl_ensemble_created
bin_zbin_1_richbin_2 <HDF5 group "/cluster_bin/bin_zbin_1_richbin_2" (8 members)> {'rich_max': 100.0, 'rich_min': 70.0, 'z_max': 0.4, 'z_min': 0.3} 0  ra dec redshift richness  id
--- --- -------- -------- ---
cl_ensemble_created
bin_zbin_1_richbin_3 <HDF5 group "/cluster_bin/bin_zbin_1_richbin_3" (8 members)> {'rich_max': 200.0, 'rich_min': 100.0, 'z_max': 0.4, 'z_min': 0.3} 0  ra dec redshift richness  id
--- --- -------- -------- ---
cl_ensemble_created
bin_zbin_2_richbin_0 <HDF5 group "/cluster_bin/bin_zbin_2_richbin_0" (8 members)> {'rich_max': 35.0, 'rich_min': 20.0, 'z_max': 0.5, 'z_min': 0.4} 0  ra dec redshift richness  id
--- --- -------- -------- ---
cl_ensemble_created
bin_zbin_2_richbin_1 <HDF5 group "/cluster_bin/bin_zbin_2_richbin_1" (8 members)> {'rich_max': 70.0, 'rich_min': 35.0, 'z_max': 0.5, 'z_min': 0.4} 0  ra dec redshift richness  id
--- --- -------- -------- ---
cl_ensemble_created
bin_zbin_2_richbin_2 <HDF5 group "/cluster_bin/bin_zbin_2_richbin_2" (8 members)> {'rich_max': 100.0, 'rich_min': 70.0, 'z_max': 0.5, 'z_min': 0.4} 0  ra dec redshift richness  id
--- --- -------- -------- ---
cl_ensemble_created
bin_zbin_2_richbin_3 <HDF5 group "/cluster_bin/bin_zbin_2_richbin_3" (8 members)> {'rich_max': 200.0, 'rich_min': 100.0, 'z_max': 0.5, 'z_min': 0.4} 1         ra               dec              redshift          richness       id 
----------------- ------------------ ----------------- ------------------ ----
60.69667268260482 -30.89586711375849 0.499299556016922 167.65638732910156 11.0
cl_ensemble_created
bin_zbin_3_richbin_0 <HDF5 group "/cluster_bin/bin_zbin_3_richbin_0" (8 members)> {'rich_max': 35.0, 'rich_min': 20.0, 'z_max': 0.6, 'z_min': 0.5} 0  ra dec redshift richness  id
--- --- -------- -------- ---
cl_ensemble_created
bin_zbin_3_richbin_1 <HDF5 group "/cluster_bin/bin_zbin_3_richbin_1" (8 members)> {'rich_max': 70.0, 'rich_min': 35.0, 'z_max': 0.6, 'z_min': 0.5} 0  ra dec redshift richness  id
--- --- -------- -------- ---
cl_ensemble_created
bin_zbin_3_richbin_2 <HDF5 group "/cluster_bin/bin_zbin_3_richbin_2" (8 members)> {'rich_max': 100.0, 'rich_min': 70.0, 'z_max': 0.6, 'z_min': 0.5} 0  ra dec redshift richness  id
--- --- -------- -------- ---
cl_ensemble_created
bin_zbin_3_richbin_3 <HDF5 group "/cluster_bin/bin_zbin_3_richbin_3" (8 members)> {'rich_max': 200.0, 'rich_min': 100.0, 'z_max': 0.6, 'z_min': 0.5} 0  ra dec redshift richness  id
--- --- -------- -------- ---
cl_ensemble_created
bin_zbin_4_richbin_0 <HDF5 group "/cluster_bin/bin_zbin_4_richbin_0" (8 members)> {'rich_max': 35.0, 'rich_min': 20.0, 'z_max': 0.7, 'z_min': 0.6} 2         ra                dec         ...      richness        id  
----------------- ------------------- ... ------------------ ------
60.33037603819723 -30.155166403646447 ... 31.856599807739258 1985.0
60.46305004484695   -30.4771453673221 ... 26.303789138793945 2678.0
Ncluster 2
For cluster 1985.0 at z= 0.641009509563446 with n_source =  488 theta_max is 12.057447346638652  arcmin = 4.988387695738275 Mpc
GCMetaData([('coordinate_system', 'celestial'), ('cosmo', None)])
For cluster 2678.0 at z= 0.6254668831825256 with n_source =  614 theta_max is 12.211980024446001  arcmin = 4.996286820080552 Mpc
GCMetaData([('coordinate_system', 'celestial'), ('cosmo', None)])
cluster ensemble computed
covariance computed
cl_ensemble_created
bin_zbin_4_richbin_1 <HDF5 group "/cluster_bin/bin_zbin_4_richbin_1" (8 members)> {'rich_max': 70.0, 'rich_min': 35.0, 'z_max': 0.7, 'z_min': 0.6} 1         ra                dec              redshift           richness       id 
----------------- ------------------- ------------------ ----------------- -----
60.24684072721323 -30.234968978217807 0.6460187435150146 50.26935577392578 827.0
cl_ensemble_created
bin_zbin_4_richbin_2 <HDF5 group "/cluster_bin/bin_zbin_4_richbin_2" (8 members)> {'rich_max': 100.0, 'rich_min': 70.0, 'z_max': 0.7, 'z_min': 0.6} 0  ra dec redshift richness  id
--- --- -------- -------- ---
cl_ensemble_created
bin_zbin_4_richbin_3 <HDF5 group "/cluster_bin/bin_zbin_4_richbin_3" (8 members)> {'rich_max': 200.0, 'rich_min': 100.0, 'z_max': 0.7, 'z_min': 0.6} 0  ra dec redshift richness  id
--- --- -------- -------- ---
cl_ensemble_created
bin_zbin_5_richbin_0 <HDF5 group "/cluster_bin/bin_zbin_5_richbin_0" (8 members)> {'rich_max': 35.0, 'rich_min': 20.0, 'z_max': 0.8, 'z_min': 0.7} 2         ra                dec         ...      richness       id  
----------------- ------------------- ... ----------------- ------
60.31124209468067 -30.644137931021007 ...  21.7120418548584 3939.0
60.40601451137022 -30.889199256471997 ... 21.16286277770996 4709.0
Ncluster 2
For cluster 3939.0 at z= 0.7766682505607605 with n_source =  406 theta_max is 11.149453812032533  arcmin = 4.9897224376364 Mpc
GCMetaData([('coordinate_system', 'celestial'), ('cosmo', None)])
For cluster 4709.0 at z= 0.7267194390296936 with n_source =  333 theta_max is 11.451932572893217  arcmin = 4.996433680592877 Mpc
GCMetaData([('coordinate_system', 'celestial'), ('cosmo', None)])
cluster ensemble computed
covariance computed
cl_ensemble_created
bin_zbin_5_richbin_1 <HDF5 group "/cluster_bin/bin_zbin_5_richbin_1" (8 members)> {'rich_max': 70.0, 'rich_min': 35.0, 'z_max': 0.8, 'z_min': 0.7} 0  ra dec redshift richness  id
--- --- -------- -------- ---
cl_ensemble_created
bin_zbin_5_richbin_2 <HDF5 group "/cluster_bin/bin_zbin_5_richbin_2" (8 members)> {'rich_max': 100.0, 'rich_min': 70.0, 'z_max': 0.8, 'z_min': 0.7} 0  ra dec redshift richness  id
--- --- -------- -------- ---
cl_ensemble_created
bin_zbin_5_richbin_3 <HDF5 group "/cluster_bin/bin_zbin_5_richbin_3" (8 members)> {'rich_max': 200.0, 'rich_min': 100.0, 'z_max': 0.8, 'z_min': 0.7} 0  ra dec redshift richness  id
--- --- -------- -------- ---
cl_ensemble_created
bin_zbin_6_richbin_0 <HDF5 group "/cluster_bin/bin_zbin_6_richbin_0" (8 members)> {'rich_max': 35.0, 'rich_min': 20.0, 'z_max': 1.0, 'z_min': 0.8} 1         ra                 dec         ...      richness        id  
------------------ ------------------- ... ------------------ ------
60.486600234305534 -30.987929801464272 ... 25.281705856323242 2453.0
cl_ensemble_created
bin_zbin_6_richbin_1 <HDF5 group "/cluster_bin/bin_zbin_6_richbin_1" (8 members)> {'rich_max': 70.0, 'rich_min': 35.0, 'z_max': 1.0, 'z_min': 0.8} 0  ra dec redshift richness  id
--- --- -------- -------- ---
cl_ensemble_created
bin_zbin_6_richbin_2 <HDF5 group "/cluster_bin/bin_zbin_6_richbin_2" (8 members)> {'rich_max': 100.0, 'rich_min': 70.0, 'z_max': 1.0, 'z_min': 0.8} 0  ra dec redshift richness  id
--- --- -------- -------- ---
cl_ensemble_created
[0.5        0.61052765 0.74548802 0.9102821  1.11150478 1.35720881
 1.65722701 2.02356582 2.47088577 3.01708817 3.6840315  4.49840619]
51487 51487 51487
celestial
bin_zbin_0_richbin_0 <HDF5 group "/cluster_bin/bin_zbin_0_richbin_0" (8 members)> {'rich_max': 35.0, 'rich_min': 20.0, 'z_max': 0.3, 'z_min': 0.2} 0  ra dec redshift richness  id
--- --- -------- -------- ---
cl_ensemble_created
bin_zbin_0_richbin_1 <HDF5 group "/cluster_bin/bin_zbin_0_richbin_1" (8 members)> {'rich_max': 70.0, 'rich_min': 35.0, 'z_max': 0.3, 'z_min': 0.2} 0  ra dec redshift richness  id
--- --- -------- -------- ---
cl_ensemble_created
bin_zbin_0_richbin_2 <HDF5 group "/cluster_bin/bin_zbin_0_richbin_2" (8 members)> {'rich_max': 100.0, 'rich_min': 70.0, 'z_max': 0.3, 'z_min': 0.2} 0  ra dec redshift richness  id
--- --- -------- -------- ---
cl_ensemble_created
bin_zbin_0_richbin_3 <HDF5 group "/cluster_bin/bin_zbin_0_richbin_3" (8 members)> {'rich_max': 200.0, 'rich_min': 100.0, 'z_max': 0.3, 'z_min': 0.2} 0  ra dec redshift richness  id
--- --- -------- -------- ---
cl_ensemble_created
bin_zbin_1_richbin_0 <HDF5 group "/cluster_bin/bin_zbin_1_richbin_0" (8 members)> {'rich_max': 35.0, 'rich_min': 20.0, 'z_max': 0.4, 'z_min': 0.3} 0  ra dec redshift richness  id
--- --- -------- -------- ---
cl_ensemble_created
bin_zbin_1_richbin_1 <HDF5 group "/cluster_bin/bin_zbin_1_richbin_1" (8 members)> {'rich_max': 70.0, 'rich_min': 35.0, 'z_max': 0.4, 'z_min': 0.3} 0  ra dec redshift richness  id
--- --- -------- -------- ---
cl_ensemble_created
bin_zbin_1_richbin_2 <HDF5 group "/cluster_bin/bin_zbin_1_richbin_2" (8 members)> {'rich_max': 100.0, 'rich_min': 70.0, 'z_max': 0.4, 'z_min': 0.3} 0  ra dec redshift richness  id
--- --- -------- -------- ---
cl_ensemble_created
bin_zbin_1_richbin_3 <HDF5 group "/cluster_bin/bin_zbin_1_richbin_3" (8 members)> {'rich_max': 200.0, 'rich_min': 100.0, 'z_max': 0.4, 'z_min': 0.3} 0  ra dec redshift richness  id
--- --- -------- -------- ---
cl_ensemble_created
bin_zbin_2_richbin_0 <HDF5 group "/cluster_bin/bin_zbin_2_richbin_0" (8 members)> {'rich_max': 35.0, 'rich_min': 20.0, 'z_max': 0.5, 'z_min': 0.4} 0  ra dec redshift richness  id
--- --- -------- -------- ---
cl_ensemble_created
bin_zbin_2_richbin_1 <HDF5 group "/cluster_bin/bin_zbin_2_richbin_1" (8 members)> {'rich_max': 70.0, 'rich_min': 35.0, 'z_max': 0.5, 'z_min': 0.4} 0  ra dec redshift richness  id
--- --- -------- -------- ---
cl_ensemble_created
bin_zbin_2_richbin_2 <HDF5 group "/cluster_bin/bin_zbin_2_richbin_2" (8 members)> {'rich_max': 100.0, 'rich_min': 70.0, 'z_max': 0.5, 'z_min': 0.4} 0  ra dec redshift richness  id
--- --- -------- -------- ---
cl_ensemble_created
bin_zbin_2_richbin_3 <HDF5 group "/cluster_bin/bin_zbin_2_richbin_3" (8 members)> {'rich_max': 200.0, 'rich_min': 100.0, 'z_max': 0.5, 'z_min': 0.4} 1         ra               dec              redshift          richness       id 
----------------- ------------------ ----------------- ------------------ ----
60.69667268260482 -30.89586711375849 0.499299556016922 167.65638732910156 11.0
cl_ensemble_created
bin_zbin_3_richbin_0 <HDF5 group "/cluster_bin/bin_zbin_3_richbin_0" (8 members)> {'rich_max': 35.0, 'rich_min': 20.0, 'z_max': 0.6, 'z_min': 0.5} 0  ra dec redshift richness  id
--- --- -------- -------- ---
cl_ensemble_created
bin_zbin_3_richbin_1 <HDF5 group "/cluster_bin/bin_zbin_3_richbin_1" (8 members)> {'rich_max': 70.0, 'rich_min': 35.0, 'z_max': 0.6, 'z_min': 0.5} 0  ra dec redshift richness  id
--- --- -------- -------- ---
cl_ensemble_created
bin_zbin_3_richbin_2 <HDF5 group "/cluster_bin/bin_zbin_3_richbin_2" (8 members)> {'rich_max': 100.0, 'rich_min': 70.0, 'z_max': 0.6, 'z_min': 0.5} 0  ra dec redshift richness  id
--- --- -------- -------- ---
cl_ensemble_created
bin_zbin_3_richbin_3 <HDF5 group "/cluster_bin/bin_zbin_3_richbin_3" (8 members)> {'rich_max': 200.0, 'rich_min': 100.0, 'z_max': 0.6, 'z_min': 0.5} 0  ra dec redshift richness  id
--- --- -------- -------- ---
cl_ensemble_created
bin_zbin_4_richbin_0 <HDF5 group "/cluster_bin/bin_zbin_4_richbin_0" (8 members)> {'rich_max': 35.0, 'rich_min': 20.0, 'z_max': 0.7, 'z_min': 0.6} 2         ra                dec         ...      richness        id  
----------------- ------------------- ... ------------------ ------
60.33037603819723 -30.155166403646447 ... 31.856599807739258 1985.0
60.46305004484695   -30.4771453673221 ... 26.303789138793945 2678.0
Ncluster 2
For cluster 1985.0 at z= 0.641009509563446 with n_source =  488 theta_max is 12.057447346638652  arcmin = 4.988387695738275 Mpc
GCMetaData([('coordinate_system', 'celestial'), ('cosmo', None)])
For cluster 2678.0 at z= 0.6254668831825256 with n_source =  614 theta_max is 12.211980024446001  arcmin = 4.996286820080552 Mpc
GCMetaData([('coordinate_system', 'celestial'), ('cosmo', None)])
cluster ensemble computed
covariance computed
cl_ensemble_created
bin_zbin_4_richbin_1 <HDF5 group "/cluster_bin/bin_zbin_4_richbin_1" (8 members)> {'rich_max': 70.0, 'rich_min': 35.0, 'z_max': 0.7, 'z_min': 0.6} 1         ra                dec              redshift           richness       id 
----------------- ------------------- ------------------ ----------------- -----
60.24684072721323 -30.234968978217807 0.6460187435150146 50.26935577392578 827.0
cl_ensemble_created
bin_zbin_4_richbin_2 <HDF5 group "/cluster_bin/bin_zbin_4_richbin_2" (8 members)> {'rich_max': 100.0, 'rich_min': 70.0, 'z_max': 0.7, 'z_min': 0.6} 0  ra dec redshift richness  id
--- --- -------- -------- ---
cl_ensemble_created
bin_zbin_4_richbin_3 <HDF5 group "/cluster_bin/bin_zbin_4_richbin_3" (8 members)> {'rich_max': 200.0, 'rich_min': 100.0, 'z_max': 0.7, 'z_min': 0.6} 0  ra dec redshift richness  id
--- --- -------- -------- ---
cl_ensemble_created
bin_zbin_5_richbin_0 <HDF5 group "/cluster_bin/bin_zbin_5_richbin_0" (8 members)> {'rich_max': 35.0, 'rich_min': 20.0, 'z_max': 0.8, 'z_min': 0.7} 2         ra                dec         ...      richness       id  
----------------- ------------------- ... ----------------- ------
60.31124209468067 -30.644137931021007 ...  21.7120418548584 3939.0
60.40601451137022 -30.889199256471997 ... 21.16286277770996 4709.0
Ncluster 2
For cluster 3939.0 at z= 0.7766682505607605 with n_source =  406 theta_max is 11.149453812032533  arcmin = 4.9897224376364 Mpc
GCMetaData([('coordinate_system', 'celestial'), ('cosmo', None)])
For cluster 4709.0 at z= 0.7267194390296936 with n_source =  333 theta_max is 11.451932572893217  arcmin = 4.996433680592877 Mpc
GCMetaData([('coordinate_system', 'celestial'), ('cosmo', None)])
cluster ensemble computed
covariance computed
cl_ensemble_created
bin_zbin_5_richbin_1 <HDF5 group "/cluster_bin/bin_zbin_5_richbin_1" (8 members)> {'rich_max': 70.0, 'rich_min': 35.0, 'z_max': 0.8, 'z_min': 0.7} 0  ra dec redshift richness  id
--- --- -------- -------- ---
cl_ensemble_created
bin_zbin_5_richbin_2 <HDF5 group "/cluster_bin/bin_zbin_5_richbin_2" (8 members)> {'rich_max': 100.0, 'rich_min': 70.0, 'z_max': 0.8, 'z_min': 0.7} 0  ra dec redshift richness  id
--- --- -------- -------- ---
cl_ensemble_created
bin_zbin_5_richbin_3 <HDF5 group "/cluster_bin/bin_zbin_5_richbin_3" (8 members)> {'rich_max': 200.0, 'rich_min': 100.0, 'z_max': 0.8, 'z_min': 0.7} 0  ra dec redshift richness  id
--- --- -------- -------- ---
cl_ensemble_created
bin_zbin_6_richbin_0 <HDF5 group "/cluster_bin/bin_zbin_6_richbin_0" (8 members)> {'rich_max': 35.0, 'rich_min': 20.0, 'z_max': 1.0, 'z_min': 0.8} 1         ra                 dec         ...      richness        id  
------------------ ------------------- ... ------------------ ------
60.486600234305534 -30.987929801464272 ... 25.281705856323242 2453.0
cl_ensemble_created
bin_zbin_6_richbin_1 <HDF5 group "/cluster_bin/bin_zbin_6_richbin_1" (8 members)> {'rich_max': 70.0, 'rich_min': 35.0, 'z_max': 1.0, 'z_min': 0.8} 0  ra dec redshift richness  id
--- --- -------- -------- ---
cl_ensemble_created
bin_zbin_6_richbin_2 <HDF5 group "/cluster_bin/bin_zbin_6_richbin_2" (8 members)> {'rich_max': 100.0, 'rich_min': 70.0, 'z_max': 1.0, 'z_min': 0.8} 0  ra dec redshift richness  id
--- --- -------- -------- ---
cl_ensemble_created
Executing stage: CLClusterEnsembleProfiles @ 2025-08-08 13:55:37.951410
[0.5        0.61052765 0.74548802 0.9102821  1.11150478 1.35720881
 1.65722701 2.02356582 2.47088577 3.01708817 3.6840315  4.49840619]
51487 51487 51487
celestial
bin_zbin_0_richbin_0 <HDF5 group "/cluster_bin/bin_zbin_0_richbin_0" (8 members)> {'rich_max': 35.0, 'rich_min': 20.0, 'z_max': 0.3, 'z_min': 0.2} 0  ra dec redshift richness  id
--- --- -------- -------- ---
cl_ensemble_created
bin_zbin_0_richbin_1 <HDF5 group "/cluster_bin/bin_zbin_0_richbin_1" (8 members)> {'rich_max': 70.0, 'rich_min': 35.0, 'z_max': 0.3, 'z_min': 0.2} 0  ra dec redshift richness  id
--- --- -------- -------- ---
cl_ensemble_created
bin_zbin_0_richbin_2 <HDF5 group "/cluster_bin/bin_zbin_0_richbin_2" (8 members)> {'rich_max': 100.0, 'rich_min': 70.0, 'z_max': 0.3, 'z_min': 0.2} 0  ra dec redshift richness  id
--- --- -------- -------- ---
cl_ensemble_created
bin_zbin_0_richbin_3 <HDF5 group "/cluster_bin/bin_zbin_0_richbin_3" (8 members)> {'rich_max': 200.0, 'rich_min': 100.0, 'z_max': 0.3, 'z_min': 0.2} 0  ra dec redshift richness  id
--- --- -------- -------- ---
cl_ensemble_created
bin_zbin_1_richbin_0 <HDF5 group "/cluster_bin/bin_zbin_1_richbin_0" (8 members)> {'rich_max': 35.0, 'rich_min': 20.0, 'z_max': 0.4, 'z_min': 0.3} 0  ra dec redshift richness  id
--- --- -------- -------- ---
cl_ensemble_created
bin_zbin_1_richbin_1 <HDF5 group "/cluster_bin/bin_zbin_1_richbin_1" (8 members)> {'rich_max': 70.0, 'rich_min': 35.0, 'z_max': 0.4, 'z_min': 0.3} 0  ra dec redshift richness  id
--- --- -------- -------- ---
cl_ensemble_created
bin_zbin_1_richbin_2 <HDF5 group "/cluster_bin/bin_zbin_1_richbin_2" (8 members)> {'rich_max': 100.0, 'rich_min': 70.0, 'z_max': 0.4, 'z_min': 0.3} 0  ra dec redshift richness  id
--- --- -------- -------- ---
cl_ensemble_created
bin_zbin_1_richbin_3 <HDF5 group "/cluster_bin/bin_zbin_1_richbin_3" (8 members)> {'rich_max': 200.0, 'rich_min': 100.0, 'z_max': 0.4, 'z_min': 0.3} 0  ra dec redshift richness  id
--- --- -------- -------- ---
cl_ensemble_created
bin_zbin_2_richbin_0 <HDF5 group "/cluster_bin/bin_zbin_2_richbin_0" (8 members)> {'rich_max': 35.0, 'rich_min': 20.0, 'z_max': 0.5, 'z_min': 0.4} 0  ra dec redshift richness  id
--- --- -------- -------- ---
cl_ensemble_created
bin_zbin_2_richbin_1 <HDF5 group "/cluster_bin/bin_zbin_2_richbin_1" (8 members)> {'rich_max': 70.0, 'rich_min': 35.0, 'z_max': 0.5, 'z_min': 0.4} 0  ra dec redshift richness  id
--- --- -------- -------- ---
cl_ensemble_created
bin_zbin_2_richbin_2 <HDF5 group "/cluster_bin/bin_zbin_2_richbin_2" (8 members)> {'rich_max': 100.0, 'rich_min': 70.0, 'z_max': 0.5, 'z_min': 0.4} 0  ra dec redshift richness  id
--- --- -------- -------- ---
cl_ensemble_created
bin_zbin_2_richbin_3 <HDF5 group "/cluster_bin/bin_zbin_2_richbin_3" (8 members)> {'rich_max': 200.0, 'rich_min': 100.0, 'z_max': 0.5, 'z_min': 0.4} 1         ra               dec              redshift          richness       id 
----------------- ------------------ ----------------- ------------------ ----
60.69667268260482 -30.89586711375849 0.499299556016922 167.65638732910156 11.0
cl_ensemble_created
bin_zbin_3_richbin_0 <HDF5 group "/cluster_bin/bin_zbin_3_richbin_0" (8 members)> {'rich_max': 35.0, 'rich_min': 20.0, 'z_max': 0.6, 'z_min': 0.5} 0  ra dec redshift richness  id
--- --- -------- -------- ---
cl_ensemble_created
bin_zbin_3_richbin_1 <HDF5 group "/cluster_bin/bin_zbin_3_richbin_1" (8 members)> {'rich_max': 70.0, 'rich_min': 35.0, 'z_max': 0.6, 'z_min': 0.5} 0  ra dec redshift richness  id
--- --- -------- -------- ---
cl_ensemble_created
bin_zbin_3_richbin_2 <HDF5 group "/cluster_bin/bin_zbin_3_richbin_2" (8 members)> {'rich_max': 100.0, 'rich_min': 70.0, 'z_max': 0.6, 'z_min': 0.5} 0  ra dec redshift richness  id
--- --- -------- -------- ---
cl_ensemble_created
bin_zbin_3_richbin_3 <HDF5 group "/cluster_bin/bin_zbin_3_richbin_3" (8 members)> {'rich_max': 200.0, 'rich_min': 100.0, 'z_max': 0.6, 'z_min': 0.5} 0  ra dec redshift richness  id
--- --- -------- -------- ---
cl_ensemble_created
bin_zbin_4_richbin_0 <HDF5 group "/cluster_bin/bin_zbin_4_richbin_0" (8 members)> {'rich_max': 35.0, 'rich_min': 20.0, 'z_max': 0.7, 'z_min': 0.6} 2         ra                dec         ...      richness        id  
----------------- ------------------- ... ------------------ ------
60.33037603819723 -30.155166403646447 ... 31.856599807739258 1985.0
60.46305004484695   -30.4771453673221 ... 26.303789138793945 2678.0
Ncluster 2
For cluster 1985.0 at z= 0.641009509563446 with n_source =  488 theta_max is 12.057447346638652  arcmin = 4.988387695738275 Mpc
GCMetaData([('coordinate_system', 'celestial'), ('cosmo', None)])
For cluster 2678.0 at z= 0.6254668831825256 with n_source =  614 theta_max is 12.211980024446001  arcmin = 4.996286820080552 Mpc
GCMetaData([('coordinate_system', 'celestial'), ('cosmo', None)])
cluster ensemble computed
covariance computed
cl_ensemble_created
bin_zbin_4_richbin_1 <HDF5 group "/cluster_bin/bin_zbin_4_richbin_1" (8 members)> {'rich_max': 70.0, 'rich_min': 35.0, 'z_max': 0.7, 'z_min': 0.6} 1         ra                dec              redshift           richness       id 
----------------- ------------------- ------------------ ----------------- -----
60.24684072721323 -30.234968978217807 0.6460187435150146 50.26935577392578 827.0
cl_ensemble_created
bin_zbin_4_richbin_2 <HDF5 group "/cluster_bin/bin_zbin_4_richbin_2" (8 members)> {'rich_max': 100.0, 'rich_min': 70.0, 'z_max': 0.7, 'z_min': 0.6} 0  ra dec redshift richness  id
--- --- -------- -------- ---
cl_ensemble_created
bin_zbin_4_richbin_3 <HDF5 group "/cluster_bin/bin_zbin_4_richbin_3" (8 members)> {'rich_max': 200.0, 'rich_min': 100.0, 'z_max': 0.7, 'z_min': 0.6} 0  ra dec redshift richness  id
--- --- -------- -------- ---
cl_ensemble_created
bin_zbin_5_richbin_0 <HDF5 group "/cluster_bin/bin_zbin_5_richbin_0" (8 members)> {'rich_max': 35.0, 'rich_min': 20.0, 'z_max': 0.8, 'z_min': 0.7} 2         ra                dec         ...      richness       id  
----------------- ------------------- ... ----------------- ------
60.31124209468067 -30.644137931021007 ...  21.7120418548584 3939.0
60.40601451137022 -30.889199256471997 ... 21.16286277770996 4709.0
Ncluster 2
For cluster 3939.0 at z= 0.7766682505607605 with n_source =  406 theta_max is 11.149453812032533  arcmin = 4.9897224376364 Mpc
GCMetaData([('coordinate_system', 'celestial'), ('cosmo', None)])
For cluster 4709.0 at z= 0.7267194390296936 with n_source =  333 theta_max is 11.451932572893217  arcmin = 4.996433680592877 Mpc
GCMetaData([('coordinate_system', 'celestial'), ('cosmo', None)])
cluster ensemble computed
covariance computed
cl_ensemble_created
bin_zbin_5_richbin_1 <HDF5 group "/cluster_bin/bin_zbin_5_richbin_1" (8 members)> {'rich_max': 70.0, 'rich_min': 35.0, 'z_max': 0.8, 'z_min': 0.7} 0  ra dec redshift richness  id
--- --- -------- -------- ---
cl_ensemble_created
bin_zbin_5_richbin_2 <HDF5 group "/cluster_bin/bin_zbin_5_richbin_2" (8 members)> {'rich_max': 100.0, 'rich_min': 70.0, 'z_max': 0.8, 'z_min': 0.7} 0  ra dec redshift richness  id
--- --- -------- -------- ---
cl_ensemble_created
bin_zbin_5_richbin_3 <HDF5 group "/cluster_bin/bin_zbin_5_richbin_3" (8 members)> {'rich_max': 200.0, 'rich_min': 100.0, 'z_max': 0.8, 'z_min': 0.7} 0  ra dec redshift richness  id
--- --- -------- -------- ---
cl_ensemble_created
bin_zbin_6_richbin_0 <HDF5 group "/cluster_bin/bin_zbin_6_richbin_0" (8 members)> {'rich_max': 35.0, 'rich_min': 20.0, 'z_max': 1.0, 'z_min': 0.8} 1         ra                 dec         ...      richness        id  
------------------ ------------------- ... ------------------ ------
60.486600234305534 -30.987929801464272 ... 25.281705856323242 2453.0
cl_ensemble_created
bin_zbin_6_richbin_1 <HDF5 group "/cluster_bin/bin_zbin_6_richbin_1" (8 members)> {'rich_max': 70.0, 'rich_min': 35.0, 'z_max': 1.0, 'z_min': 0.8} 0  ra dec redshift richness  id
--- --- -------- -------- ---
cl_ensemble_created
bin_zbin_6_richbin_2 <HDF5 group "/cluster_bin/bin_zbin_6_richbin_2" (8 members)> {'rich_max': 100.0, 'rich_min': 70.0, 'z_max': 1.0, 'z_min': 0.8} 0 bin_zbin_6_richbin_3 <HDF5 group "/cluster_bin/bin_zbin_6_richbin_3" (8 members)> {'rich_max': 200.0, 'rich_min': 100.0, 'z_max': 1.0, 'z_min': 0.8} 0  ra dec redshift richness  id
--- --- -------- -------- ---
cl_ensemble_created
bin_zbin_6_richbin_3 <HDF5 group "/cluster_bin/bin_zbin_6_richbin_3" (8 members)> {'rich_max': 200.0, 'rich_min': 100.0, 'z_max': 1.0, 'z_min': 0.8} 0  ra dec redshift richness  id
--- --- -------- -------- ---
cl_ensemble_created
bin_zbin_6_richbin_3 <HDF5 group "/cluster_bin/bin_zbin_6_richbin_3" (8 members)> {'rich_max': 200.0, 'rich_min': 100.0, 'z_max': 1.0, 'z_min': 0.8} 0  ra dec redshift richness  id
--- --- -------- -------- ---
cl_ensemble_created
bin_zbin_6_richbin_3 <HDF5 group "/cluster_bin/bin_zbin_6_richbin_3" (8 members)> {'rich_max': 200.0, 'rich_min': 100.0, 'z_max': 1.0, 'z_min': 0.8} 0  ra dec redshift richness  id
--- --- -------- -------- ---
cl_ensemble_created
bin_zbin_6_richbin_3 <HDF5 group "/cluster_bin/bin_zbin_6_richbin_3" (8 members)> {'rich_max': 200.0, 'rich_min': 100.0, 'z_max': 1.0, 'z_min': 0.8} 0  ra dec redshift richness  id
--- --- -------- -------- ---
cl_ensemble_created
bin_zbin_6_richbin_3 <HDF5 group "/cluster_bin/bin_zbin_6_richbin_3" (8 members)> {'rich_max': 200.0, 'rich_min': 100.0, 'z_max': 1.0, 'z_min': 0.8} 0  ra dec redshift richness  id
--- --- -------- -------- ---
cl_ensemble_created
bin_zbin_6_richbin_3 <HDF5 group "/cluster_bin/bin_zbin_6_richbin_3" (8 members)> {'rich_max': 200.0, 'rich_min': 100.0, 'z_max': 1.0, 'z_min': 0.8} 0  ra dec redshift richness  id
--- --- -------- -------- ---
cl_ensemble_created
 ra dec redshift richness  id
--- --- -------- -------- ---
cl_ensemble_created
bin_zbin_6_richbin_3 <HDF5 group "/cluster_bin/bin_zbin_6_richbin_3" (8 members)> {'rich_max': 200.0, 'rich_min': 100.0, 'z_max': 1.0, 'z_min': 0.8} 0  ra dec redshift richness  id
--- --- -------- -------- ---
cl_ensemble_created
Stage complete: CLClusterEnsembleProfiles @ 2025-08-08 13:55:40.903637 took 0.05 minutes
