/mustfs/CONTAINERS/conda/lsst/txpipe_clp/lib/python3.10/site-packages/ceci/__init__.py:12: UserWarning: pkg_resources is deprecated as an API. See https://setuptools.pypa.io/en/latest/pkg_resources.html. The pkg_resources package is slated for removal as early as 2025-11-30. Refrain from using this package or pin to Setuptools<81.
  from pkg_resources import DistributionNotFound
/mustfs/CONTAINERS/conda/lsst/txpipe_clp/lib/python3.10/site-packages/ceci/__init__.py:12: UserWarning: pkg_resources is deprecated as an API. See https://setuptools.pypa.io/en/latest/pkg_resources.html. The pkg_resources package is slated for removal as early as 2025-11-30. Refrain from using this package or pin to Setuptools<81.
  from pkg_resources import DistributionNotFound
/mustfs/CONTAINERS/conda/lsst/txpipe_clp/lib/python3.10/site-packages/ceci/__init__.py:12: UserWarning: pkg_resources is deprecated as an API. See https://setuptools.pypa.io/en/latest/pkg_resources.html. The pkg_resources package is slated for removal as early as 2025-11-30. Refrain from using this package or pin to Setuptools<81.
  from pkg_resources import DistributionNotFound
/mustfs/CONTAINERS/conda/lsst/txpipe_clp/lib/python3.10/site-packages/ceci/__init__.py:12: UserWarning: pkg_resources is deprecated as an API. See https://setuptools.pypa.io/en/latest/pkg_resources.html. The pkg_resources package is slated for removal as early as 2025-11-30. Refrain from using this package or pin to Setuptools<81.
  from pkg_resources import DistributionNotFound
/mustfs/CONTAINERS/conda/lsst/txpipe_clp/lib/python3.10/site-packages/ceci/__init__.py:12: UserWarning: pkg_resources is deprecated as an API. See https://setuptools.pypa.io/en/latest/pkg_resources.html. The pkg_resources package is slated for removal as early as 2025-11-30. Refrain from using this package or pin to Setuptools<81.
  from pkg_resources import DistributionNotFound
/mustfs/CONTAINERS/conda/lsst/txpipe_clp/lib/python3.10/site-packages/ceci/__init__.py:12: UserWarning: pkg_resources is deprecated as an API. See https://setuptools.pypa.io/en/latest/pkg_resources.html. The pkg_resources package is slated for removal as early as 2025-11-30. Refrain from using this package or pin to Setuptools<81.
  from pkg_resources import DistributionNotFound
/mustfs/CONTAINERS/conda/lsst/txpipe_clp/lib/python3.10/site-packages/ceci/__init__.py:12: UserWarning: pkg_resources is deprecated as an API. See https://setuptools.pypa.io/en/latest/pkg_resources.html. The pkg_resources package is slated for removal as early as 2025-11-30. Refrain from using this package or pin to Setuptools<81.
  from pkg_resources import DistributionNotFound
/mustfs/CONTAINERS/conda/lsst/txpipe_clp/lib/python3.10/site-packages/ceci/__init__.py:12: UserWarning: pkg_resources is deprecated as an API. See https://setuptools.pypa.io/en/latest/pkg_resources.html. The pkg_resources package is slated for removal as early as 2025-11-30. Refrain from using this package or pin to Setuptools<81.
  from pkg_resources import DistributionNotFound
Process 1 running selection for rows 10,000-20,000
Process 2 running selection for rows 20,000-30,000
Process 3 running selection for rows 30,000-40,000
Process 4 running selection for rows 40,000-50,000
Process 5 running selection for rows 50,000-60,000
Process 6 running selection for rows 60,000-70,000
Process 7 running selection for rows 70,000-80,000
Executing stage: TXSourceSelectorMetadetect @ 2025-08-08 13:54:55.387988
Process 0 running selection for rows 0-10,000
Process 0 running selection for rows 80,000-82,200
Stage complete: TXSourceSelectorMetadetect @ 2025-08-08 13:55:03.375303 took 0.13 minutes
