Traceback (most recent call last):
  File "/sps/lsst/groups/clusters/cl_pipeline_project/conda_envs/txpipe_clp/lib/python3.10/runpy.py", line 196, in _run_module_as_main
Traceback (most recent call last):
  File "/sps/lsst/groups/clusters/cl_pipeline_project/conda_envs/txpipe_clp/lib/python3.10/runpy.py", line 196, in _run_module_as_main
Traceback (most recent call last):
Traceback (most recent call last):
  File "/sps/lsst/groups/clusters/cl_pipeline_project/conda_envs/txpipe_clp/lib/python3.10/runpy.py", line 196, in _run_module_as_main
Traceback (most recent call last):
  File "/sps/lsst/groups/clusters/cl_pipeline_project/conda_envs/txpipe_clp/lib/python3.10/runpy.py", line 196, in _run_module_as_main
Traceback (most recent call last):
  File "/sps/lsst/groups/clusters/cl_pipeline_project/conda_envs/txpipe_clp/lib/python3.10/runpy.py", line 196, in _run_module_as_main
Traceback (most recent call last):
  File "/sps/lsst/groups/clusters/cl_pipeline_project/conda_envs/txpipe_clp/lib/python3.10/runpy.py", line 196, in _run_module_as_main
Traceback (most recent call last):
  File "/sps/lsst/groups/clusters/cl_pipeline_project/conda_envs/txpipe_clp/lib/python3.10/runpy.py", line 196, in _run_module_as_main
Traceback (most recent call last):
Traceback (most recent call last):
  File "/sps/lsst/groups/clusters/cl_pipeline_project/conda_envs/txpipe_clp/lib/python3.10/runpy.py", line 196, in _run_module_as_main
  File "/sps/lsst/groups/clusters/cl_pipeline_project/conda_envs/txpipe_clp/lib/python3.10/runpy.py", line 196, in _run_module_as_main
Traceback (most recent call last):
  File "/sps/lsst/groups/clusters/cl_pipeline_project/conda_envs/txpipe_clp/lib/python3.10/runpy.py", line 196, in _run_module_as_main
Traceback (most recent call last):
  File "/sps/lsst/groups/clusters/cl_pipeline_project/conda_envs/txpipe_clp/lib/python3.10/runpy.py", line 196, in _run_module_as_main
Traceback (most recent call last):
  File "/sps/lsst/groups/clusters/cl_pipeline_project/conda_envs/txpipe_clp/lib/python3.10/runpy.py", line 196, in _run_module_as_main
Traceback (most recent call last):
  File "/sps/lsst/groups/clusters/cl_pipeline_project/conda_envs/txpipe_clp/lib/python3.10/runpy.py", line 196, in _run_module_as_main
  File "/sps/lsst/groups/clusters/cl_pipeline_project/conda_envs/txpipe_clp/lib/python3.10/runpy.py", line 196, in _run_module_as_main
Traceback (most recent call last):
  File "/sps/lsst/groups/clusters/cl_pipeline_project/conda_envs/txpipe_clp/lib/python3.10/runpy.py", line 196, in _run_module_as_main
Traceback (most recent call last):
  File "/sps/lsst/groups/clusters/cl_pipeline_project/conda_envs/txpipe_clp/lib/python3.10/runpy.py", line 196, in _run_module_as_main
Traceback (most recent call last):
  File "/sps/lsst/groups/clusters/cl_pipeline_project/conda_envs/txpipe_clp/lib/python3.10/runpy.py", line 196, in _run_module_as_main
Traceback (most recent call last):
  File "/sps/lsst/groups/clusters/cl_pipeline_project/conda_envs/txpipe_clp/lib/python3.10/runpy.py", line 196, in _run_module_as_main
Traceback (most recent call last):
  File "/sps/lsst/groups/clusters/cl_pipeline_project/conda_envs/txpipe_clp/lib/python3.10/runpy.py", line 196, in _run_module_as_main
Traceback (most recent call last):
  File "/sps/lsst/groups/clusters/cl_pipeline_project/conda_envs/txpipe_clp/lib/python3.10/runpy.py", line 196, in _run_module_as_main
Traceback (most recent call last):
  File "/sps/lsst/groups/clusters/cl_pipeline_project/conda_envs/txpipe_clp/lib/python3.10/runpy.py", line 196, in _run_module_as_main
Traceback (most recent call last):
  File "/sps/lsst/groups/clusters/cl_pipeline_project/conda_envs/txpipe_clp/lib/python3.10/runpy.py", line 196, in _run_module_as_main
Traceback (most recent call last):
  File "/sps/lsst/groups/clusters/cl_pipeline_project/conda_envs/txpipe_clp/lib/python3.10/runpy.py", line 196, in _run_module_as_main
Traceback (most recent call last):
  File "/sps/lsst/groups/clusters/cl_pipeline_project/conda_envs/txpipe_clp/lib/python3.10/runpy.py", line 196, in _run_module_as_main
Traceback (most recent call last):
  File "/sps/lsst/groups/clusters/cl_pipeline_project/conda_envs/txpipe_clp/lib/python3.10/runpy.py", line 196, in _run_module_as_main
Traceback (most recent call last):
  File "/sps/lsst/groups/clusters/cl_pipeline_project/conda_envs/txpipe_clp/lib/python3.10/runpy.py", line 196, in _run_module_as_main
Traceback (most recent call last):
  File "/sps/lsst/groups/clusters/cl_pipeline_project/conda_envs/txpipe_clp/lib/python3.10/runpy.py", line 196, in _run_module_as_main
Traceback (most recent call last):
  File "/sps/lsst/groups/clusters/cl_pipeline_project/conda_envs/txpipe_clp/lib/python3.10/runpy.py", line 196, in _run_module_as_main
Traceback (most recent call last):
  File "/sps/lsst/groups/clusters/cl_pipeline_project/conda_envs/txpipe_clp/lib/python3.10/runpy.py", line 196, in _run_module_as_main
Traceback (most recent call last):
  File "/sps/lsst/groups/clusters/cl_pipeline_project/conda_envs/txpipe_clp/lib/python3.10/runpy.py", line 196, in _run_module_as_main
    return _run_code(code, main_globals, None,
  File "/sps/lsst/groups/clusters/cl_pipeline_project/conda_envs/txpipe_clp/lib/python3.10/runpy.py", line 86, in _run_code
    return _run_code(code, main_globals, None,
  File "/sps/lsst/groups/clusters/cl_pipeline_project/conda_envs/txpipe_clp/lib/python3.10/runpy.py", line 86, in _run_code
    return _run_code(code, main_globals, None,
  File "/sps/lsst/groups/clusters/cl_pipeline_project/conda_envs/txpipe_clp/lib/python3.10/runpy.py", line 86, in _run_code
    return _run_code(code, main_globals, None,
  File "/sps/lsst/groups/clusters/cl_pipeline_project/conda_envs/txpipe_clp/lib/python3.10/runpy.py", line 86, in _run_code
    return _run_code(code, main_globals, None,
  File "/sps/lsst/groups/clusters/cl_pipeline_project/conda_envs/txpipe_clp/lib/python3.10/runpy.py", line 86, in _run_code
    exec(code, run_globals)
  File "/sps/lsst/groups/clusters/cl_pipeline_project/TXPipe/txpipe/__main__.py", line 5, in <module>
    return _run_code(code, main_globals, None,
  File "/sps/lsst/groups/clusters/cl_pipeline_project/conda_envs/txpipe_clp/lib/python3.10/runpy.py", line 86, in _run_code
    exec(code, run_globals)
  File "/sps/lsst/groups/clusters/cl_pipeline_project/TXPipe/txpipe/__main__.py", line 5, in <module>
    return _run_code(code, main_globals, None,
  File "/sps/lsst/groups/clusters/cl_pipeline_project/conda_envs/txpipe_clp/lib/python3.10/runpy.py", line 86, in _run_code
    exec(code, run_globals)
  File "/sps/lsst/groups/clusters/cl_pipeline_project/TXPipe/txpipe/__main__.py", line 5, in <module>
    return _run_code(code, main_globals, None,
  File "/sps/lsst/groups/clusters/cl_pipeline_project/conda_envs/txpipe_clp/lib/python3.10/runpy.py", line 86, in _run_code
    return _run_code(code, main_globals, None,
  File "/sps/lsst/groups/clusters/cl_pipeline_project/conda_envs/txpipe_clp/lib/python3.10/runpy.py", line 86, in _run_code
    return _run_code(code, main_globals, None,
  File "/sps/lsst/groups/clusters/cl_pipeline_project/conda_envs/txpipe_clp/lib/python3.10/runpy.py", line 86, in _run_code
    exec(code, run_globals)
    return _run_code(code, main_globals, None,
  File "/sps/lsst/groups/clusters/cl_pipeline_project/conda_envs/txpipe_clp/lib/python3.10/runpy.py", line 86, in _run_code
    exec(code, run_globals)
  File "/sps/lsst/groups/clusters/cl_pipeline_project/TXPipe/txpipe/__main__.py", line 5, in <module>
    return _run_code(code, main_globals, None,
  File "/sps/lsst/groups/clusters/cl_pipeline_project/conda_envs/txpipe_clp/lib/python3.10/runpy.py", line 86, in _run_code
    return _run_code(code, main_globals, None,
  File "/sps/lsst/groups/clusters/cl_pipeline_project/conda_envs/txpipe_clp/lib/python3.10/runpy.py", line 86, in _run_code
    exec(code, run_globals)
  File "/sps/lsst/groups/clusters/cl_pipeline_project/TXPipe/txpipe/__main__.py", line 5, in <module>
    return _run_code(code, main_globals, None,
  File "/sps/lsst/groups/clusters/cl_pipeline_project/conda_envs/txpipe_clp/lib/python3.10/runpy.py", line 86, in _run_code
    exec(code, run_globals)
  File "/sps/lsst/groups/clusters/cl_pipeline_project/TXPipe/txpipe/__main__.py", line 5, in <module>
    return _run_code(code, main_globals, None,
  File "/sps/lsst/groups/clusters/cl_pipeline_project/conda_envs/txpipe_clp/lib/python3.10/runpy.py", line 86, in _run_code
    exec(code, run_globals)
  File "/sps/lsst/groups/clusters/cl_pipeline_project/TXPipe/txpipe/__main__.py", line 5, in <module>
    return _run_code(code, main_globals, None,
  File "/sps/lsst/groups/clusters/cl_pipeline_project/conda_envs/txpipe_clp/lib/python3.10/runpy.py", line 86, in _run_code
    exec(code, run_globals)
  File "/sps/lsst/groups/clusters/cl_pipeline_project/TXPipe/txpipe/__main__.py", line 5, in <module>
    return _run_code(code, main_globals, None,
  File "/sps/lsst/groups/clusters/cl_pipeline_project/conda_envs/txpipe_clp/lib/python3.10/runpy.py", line 86, in _run_code
    exec(code, run_globals)
  File "/sps/lsst/groups/clusters/cl_pipeline_project/TXPipe/txpipe/__main__.py", line 5, in <module>
    return _run_code(code, main_globals, None,
  File "/sps/lsst/groups/clusters/cl_pipeline_project/conda_envs/txpipe_clp/lib/python3.10/runpy.py", line 86, in _run_code
    exec(code, run_globals)
  File "/sps/lsst/groups/clusters/cl_pipeline_project/TXPipe/txpipe/__main__.py", line 5, in <module>
    return _run_code(code, main_globals, None,
  File "/sps/lsst/groups/clusters/cl_pipeline_project/conda_envs/txpipe_clp/lib/python3.10/runpy.py", line 86, in _run_code
    exec(code, run_globals)
  File "/sps/lsst/groups/clusters/cl_pipeline_project/TXPipe/txpipe/__main__.py", line 5, in <module>
    return _run_code(code, main_globals, None,
  File "/sps/lsst/groups/clusters/cl_pipeline_project/conda_envs/txpipe_clp/lib/python3.10/runpy.py", line 86, in _run_code
    exec(code, run_globals)
  File "/sps/lsst/groups/clusters/cl_pipeline_project/TXPipe/txpipe/__main__.py", line 5, in <module>
    return _run_code(code, main_globals, None,
  File "/sps/lsst/groups/clusters/cl_pipeline_project/conda_envs/txpipe_clp/lib/python3.10/runpy.py", line 86, in _run_code
    exec(code, run_globals)
  File "/sps/lsst/groups/clusters/cl_pipeline_project/TXPipe/txpipe/__main__.py", line 5, in <module>
    return _run_code(code, main_globals, None,
  File "/sps/lsst/groups/clusters/cl_pipeline_project/conda_envs/txpipe_clp/lib/python3.10/runpy.py", line 86, in _run_code
    exec(code, run_globals)
  File "/sps/lsst/groups/clusters/cl_pipeline_project/TXPipe/txpipe/__main__.py", line 5, in <module>
    return _run_code(code, main_globals, None,
  File "/sps/lsst/groups/clusters/cl_pipeline_project/conda_envs/txpipe_clp/lib/python3.10/runpy.py", line 86, in _run_code
    exec(code, run_globals)
  File "/sps/lsst/groups/clusters/cl_pipeline_project/TXPipe/txpipe/__main__.py", line 5, in <module>
    exec(code, run_globals)
  File "/sps/lsst/groups/clusters/cl_pipeline_project/TXPipe/txpipe/__main__.py", line 5, in <module>
    return _run_code(code, main_globals, None,
  File "/sps/lsst/groups/clusters/cl_pipeline_project/conda_envs/txpipe_clp/lib/python3.10/runpy.py", line 86, in _run_code
    exec(code, run_globals)
  File "/sps/lsst/groups/clusters/cl_pipeline_project/TXPipe/txpipe/__main__.py", line 5, in <module>
    exec(code, run_globals)
  File "/sps/lsst/groups/clusters/cl_pipeline_project/TXPipe/txpipe/__main__.py", line 5, in <module>
    return _run_code(code, main_globals, None,
  File "/sps/lsst/groups/clusters/cl_pipeline_project/conda_envs/txpipe_clp/lib/python3.10/runpy.py", line 86, in _run_code
    exec(code, run_globals)
  File "/sps/lsst/groups/clusters/cl_pipeline_project/TXPipe/txpipe/__main__.py", line 5, in <module>
    return _run_code(code, main_globals, None,
  File "/sps/lsst/groups/clusters/cl_pipeline_project/conda_envs/txpipe_clp/lib/python3.10/runpy.py", line 86, in _run_code
    exec(code, run_globals)
  File "/sps/lsst/groups/clusters/cl_pipeline_project/TXPipe/txpipe/__main__.py", line 5, in <module>
    exec(code, run_globals)
  File "/sps/lsst/groups/clusters/cl_pipeline_project/TXPipe/txpipe/__main__.py", line 5, in <module>
    return _run_code(code, main_globals, None,
  File "/sps/lsst/groups/clusters/cl_pipeline_project/conda_envs/txpipe_clp/lib/python3.10/runpy.py", line 86, in _run_code
    exec(code, run_globals)
  File "/sps/lsst/groups/clusters/cl_pipeline_project/TXPipe/txpipe/__main__.py", line 5, in <module>
    exec(code, run_globals)
  File "/sps/lsst/groups/clusters/cl_pipeline_project/TXPipe/txpipe/__main__.py", line 5, in <module>
    return _run_code(code, main_globals, None,
  File "/sps/lsst/groups/clusters/cl_pipeline_project/conda_envs/txpipe_clp/lib/python3.10/runpy.py", line 86, in _run_code
    exec(code, run_globals)
  File "/sps/lsst/groups/clusters/cl_pipeline_project/TXPipe/txpipe/__main__.py", line 5, in <module>
    exec(code, run_globals)
  File "/sps/lsst/groups/clusters/cl_pipeline_project/TXPipe/txpipe/__main__.py", line 5, in <module>
    exec(code, run_globals)
  File "/sps/lsst/groups/clusters/cl_pipeline_project/TXPipe/txpipe/__main__.py", line 5, in <module>
    return _run_code(code, main_globals, None,
  File "/sps/lsst/groups/clusters/cl_pipeline_project/conda_envs/txpipe_clp/lib/python3.10/runpy.py", line 86, in _run_code
    exec(code, run_globals)
  File "/sps/lsst/groups/clusters/cl_pipeline_project/TXPipe/txpipe/__main__.py", line 5, in <module>
  File "/sps/lsst/groups/clusters/cl_pipeline_project/TXPipe/txpipe/__main__.py", line 5, in <module>
    exec(code, run_globals)
  File "/sps/lsst/groups/clusters/cl_pipeline_project/TXPipe/txpipe/__main__.py", line 5, in <module>
    return _run_code(code, main_globals, None,
  File "/sps/lsst/groups/clusters/cl_pipeline_project/conda_envs/txpipe_clp/lib/python3.10/runpy.py", line 86, in _run_code
    exec(code, run_globals)
  File "/sps/lsst/groups/clusters/cl_pipeline_project/TXPipe/txpipe/__main__.py", line 5, in <module>
    PipelineStage.main()
  File "/sps/lsst/groups/clusters/cl_pipeline_project/conda_envs/txpipe_clp/lib/python3.10/site-packages/ceci/stage.py", line 526, in main
    PipelineStage.main()
  File "/sps/lsst/groups/clusters/cl_pipeline_project/conda_envs/txpipe_clp/lib/python3.10/site-packages/ceci/stage.py", line 526, in main
    PipelineStage.main()
  File "/sps/lsst/groups/clusters/cl_pipeline_project/conda_envs/txpipe_clp/lib/python3.10/site-packages/ceci/stage.py", line 526, in main
    PipelineStage.main()
  File "/sps/lsst/groups/clusters/cl_pipeline_project/conda_envs/txpipe_clp/lib/python3.10/site-packages/ceci/stage.py", line 526, in main
    PipelineStage.main()
  File "/sps/lsst/groups/clusters/cl_pipeline_project/conda_envs/txpipe_clp/lib/python3.10/site-packages/ceci/stage.py", line 526, in main
    PipelineStage.main()
  File "/sps/lsst/groups/clusters/cl_pipeline_project/conda_envs/txpipe_clp/lib/python3.10/site-packages/ceci/stage.py", line 526, in main
    PipelineStage.main()
    PipelineStage.main()
  File "/sps/lsst/groups/clusters/cl_pipeline_project/conda_envs/txpipe_clp/lib/python3.10/site-packages/ceci/stage.py", line 526, in main
    PipelineStage.main()
  File "/sps/lsst/groups/clusters/cl_pipeline_project/conda_envs/txpipe_clp/lib/python3.10/site-packages/ceci/stage.py", line 526, in main
    PipelineStage.main()
  File "/sps/lsst/groups/clusters/cl_pipeline_project/conda_envs/txpipe_clp/lib/python3.10/site-packages/ceci/stage.py", line 526, in main
    PipelineStage.main()
  File "/sps/lsst/groups/clusters/cl_pipeline_project/conda_envs/txpipe_clp/lib/python3.10/site-packages/ceci/stage.py", line 526, in main
    PipelineStage.main()
  File "/sps/lsst/groups/clusters/cl_pipeline_project/conda_envs/txpipe_clp/lib/python3.10/site-packages/ceci/stage.py", line 526, in main
    PipelineStage.main()
  File "/sps/lsst/groups/clusters/cl_pipeline_project/conda_envs/txpipe_clp/lib/python3.10/site-packages/ceci/stage.py", line 526, in main
    PipelineStage.main()
  File "/sps/lsst/groups/clusters/cl_pipeline_project/conda_envs/txpipe_clp/lib/python3.10/site-packages/ceci/stage.py", line 526, in main
    PipelineStage.main()
  File "/sps/lsst/groups/clusters/cl_pipeline_project/conda_envs/txpipe_clp/lib/python3.10/site-packages/ceci/stage.py", line 526, in main
    PipelineStage.main()
  File "/sps/lsst/groups/clusters/cl_pipeline_project/conda_envs/txpipe_clp/lib/python3.10/site-packages/ceci/stage.py", line 526, in main
    PipelineStage.main()
  File "/sps/lsst/groups/clusters/cl_pipeline_project/conda_envs/txpipe_clp/lib/python3.10/site-packages/ceci/stage.py", line 526, in main
    PipelineStage.main()
  File "/sps/lsst/groups/clusters/cl_pipeline_project/conda_envs/txpipe_clp/lib/python3.10/site-packages/ceci/stage.py", line 526, in main
    PipelineStage.main()
  File "/sps/lsst/groups/clusters/cl_pipeline_project/conda_envs/txpipe_clp/lib/python3.10/site-packages/ceci/stage.py", line 526, in main
    PipelineStage.main()
  File "/sps/lsst/groups/clusters/cl_pipeline_project/conda_envs/txpipe_clp/lib/python3.10/site-packages/ceci/stage.py", line 526, in main
    PipelineStage.main()
  File "/sps/lsst/groups/clusters/cl_pipeline_project/conda_envs/txpipe_clp/lib/python3.10/site-packages/ceci/stage.py", line 526, in main
    PipelineStage.main()
  File "/sps/lsst/groups/clusters/cl_pipeline_project/conda_envs/txpipe_clp/lib/python3.10/site-packages/ceci/stage.py", line 526, in main
    PipelineStage.main()
  File "/sps/lsst/groups/clusters/cl_pipeline_project/conda_envs/txpipe_clp/lib/python3.10/site-packages/ceci/stage.py", line 526, in main
    PipelineStage.main()
  File "/sps/lsst/groups/clusters/cl_pipeline_project/conda_envs/txpipe_clp/lib/python3.10/site-packages/ceci/stage.py", line 526, in main
    PipelineStage.main()
  File "/sps/lsst/groups/clusters/cl_pipeline_project/conda_envs/txpipe_clp/lib/python3.10/site-packages/ceci/stage.py", line 526, in main
    PipelineStage.main()
  File "/sps/lsst/groups/clusters/cl_pipeline_project/conda_envs/txpipe_clp/lib/python3.10/site-packages/ceci/stage.py", line 526, in main
    PipelineStage.main()
  File "/sps/lsst/groups/clusters/cl_pipeline_project/conda_envs/txpipe_clp/lib/python3.10/site-packages/ceci/stage.py", line 526, in main
    PipelineStage.main()
  File "/sps/lsst/groups/clusters/cl_pipeline_project/conda_envs/txpipe_clp/lib/python3.10/site-packages/ceci/stage.py", line 526, in main
    PipelineStage.main()
  File "/sps/lsst/groups/clusters/cl_pipeline_project/conda_envs/txpipe_clp/lib/python3.10/site-packages/ceci/stage.py", line 526, in main
    PipelineStage.main()
  File "/sps/lsst/groups/clusters/cl_pipeline_project/conda_envs/txpipe_clp/lib/python3.10/site-packages/ceci/stage.py", line 526, in main
  File "/sps/lsst/groups/clusters/cl_pipeline_project/conda_envs/txpipe_clp/lib/python3.10/site-packages/ceci/stage.py", line 526, in main
    stage.execute(args)
  File "/sps/lsst/groups/clusters/cl_pipeline_project/conda_envs/txpipe_clp/lib/python3.10/site-packages/ceci/stage.py", line 699, in execute
    stage.execute(args)
  File "/sps/lsst/groups/clusters/cl_pipeline_project/conda_envs/txpipe_clp/lib/python3.10/site-packages/ceci/stage.py", line 699, in execute
    stage.execute(args)
    stage.execute(args)
  File "/sps/lsst/groups/clusters/cl_pipeline_project/conda_envs/txpipe_clp/lib/python3.10/site-packages/ceci/stage.py", line 699, in execute
    stage.execute(args)
  File "/sps/lsst/groups/clusters/cl_pipeline_project/conda_envs/txpipe_clp/lib/python3.10/site-packages/ceci/stage.py", line 699, in execute
    stage.execute(args)
  File "/sps/lsst/groups/clusters/cl_pipeline_project/conda_envs/txpipe_clp/lib/python3.10/site-packages/ceci/stage.py", line 699, in execute
    stage.execute(args)
  File "/sps/lsst/groups/clusters/cl_pipeline_project/conda_envs/txpipe_clp/lib/python3.10/site-packages/ceci/stage.py", line 699, in execute
    stage.execute(args)
  File "/sps/lsst/groups/clusters/cl_pipeline_project/conda_envs/txpipe_clp/lib/python3.10/site-packages/ceci/stage.py", line 699, in execute
    stage.execute(args)
  File "/sps/lsst/groups/clusters/cl_pipeline_project/conda_envs/txpipe_clp/lib/python3.10/site-packages/ceci/stage.py", line 699, in execute
    stage.execute(args)
  File "/sps/lsst/groups/clusters/cl_pipeline_project/conda_envs/txpipe_clp/lib/python3.10/site-packages/ceci/stage.py", line 699, in execute
    stage.execute(args)
  File "/sps/lsst/groups/clusters/cl_pipeline_project/conda_envs/txpipe_clp/lib/python3.10/site-packages/ceci/stage.py", line 699, in execute
    stage.execute(args)
  File "/sps/lsst/groups/clusters/cl_pipeline_project/conda_envs/txpipe_clp/lib/python3.10/site-packages/ceci/stage.py", line 699, in execute
    stage.execute(args)
  File "/sps/lsst/groups/clusters/cl_pipeline_project/conda_envs/txpipe_clp/lib/python3.10/site-packages/ceci/stage.py", line 699, in execute
    stage.execute(args)
  File "/sps/lsst/groups/clusters/cl_pipeline_project/conda_envs/txpipe_clp/lib/python3.10/site-packages/ceci/stage.py", line 699, in execute
    stage.execute(args)
  File "/sps/lsst/groups/clusters/cl_pipeline_project/conda_envs/txpipe_clp/lib/python3.10/site-packages/ceci/stage.py", line 699, in execute
    stage.execute(args)
  File "/sps/lsst/groups/clusters/cl_pipeline_project/conda_envs/txpipe_clp/lib/python3.10/site-packages/ceci/stage.py", line 699, in execute
    stage.execute(args)
  File "/sps/lsst/groups/clusters/cl_pipeline_project/conda_envs/txpipe_clp/lib/python3.10/site-packages/ceci/stage.py", line 699, in execute
    stage.execute(args)
  File "/sps/lsst/groups/clusters/cl_pipeline_project/conda_envs/txpipe_clp/lib/python3.10/site-packages/ceci/stage.py", line 699, in execute
    stage.execute(args)
  File "/sps/lsst/groups/clusters/cl_pipeline_project/conda_envs/txpipe_clp/lib/python3.10/site-packages/ceci/stage.py", line 699, in execute
    stage.execute(args)
  File "/sps/lsst/groups/clusters/cl_pipeline_project/conda_envs/txpipe_clp/lib/python3.10/site-packages/ceci/stage.py", line 699, in execute
    stage.execute(args)
  File "/sps/lsst/groups/clusters/cl_pipeline_project/conda_envs/txpipe_clp/lib/python3.10/site-packages/ceci/stage.py", line 699, in execute
    stage.run()
  File "/sps/lsst/groups/clusters/cl_pipeline_project/TXPipe/txpipe/source_selector.py", line 189, in run
    stage.execute(args)
  File "/sps/lsst/groups/clusters/cl_pipeline_project/conda_envs/txpipe_clp/lib/python3.10/site-packages/ceci/stage.py", line 699, in execute
    stage.execute(args)
  File "/sps/lsst/groups/clusters/cl_pipeline_project/conda_envs/txpipe_clp/lib/python3.10/site-packages/ceci/stage.py", line 699, in execute
    stage.execute(args)
  File "/sps/lsst/groups/clusters/cl_pipeline_project/conda_envs/txpipe_clp/lib/python3.10/site-packages/ceci/stage.py", line 699, in execute
    stage.execute(args)
  File "/sps/lsst/groups/clusters/cl_pipeline_project/conda_envs/txpipe_clp/lib/python3.10/site-packages/ceci/stage.py", line 699, in execute
    stage.execute(args)
  File "/sps/lsst/groups/clusters/cl_pipeline_project/conda_envs/txpipe_clp/lib/python3.10/site-packages/ceci/stage.py", line 699, in execute
    stage.execute(args)
  File "/sps/lsst/groups/clusters/cl_pipeline_project/conda_envs/txpipe_clp/lib/python3.10/site-packages/ceci/stage.py", line 699, in execute
    stage.execute(args)
  File "/sps/lsst/groups/clusters/cl_pipeline_project/conda_envs/txpipe_clp/lib/python3.10/site-packages/ceci/stage.py", line 699, in execute
    stage.execute(args)
  File "/sps/lsst/groups/clusters/cl_pipeline_project/conda_envs/txpipe_clp/lib/python3.10/site-packages/ceci/stage.py", line 699, in execute
    stage.run()
  File "/sps/lsst/groups/clusters/cl_pipeline_project/TXPipe/txpipe/source_selector.py", line 189, in run
    stage.run()
  File "/sps/lsst/groups/clusters/cl_pipeline_project/TXPipe/txpipe/source_selector.py", line 189, in run
    stage.run()
  File "/sps/lsst/groups/clusters/cl_pipeline_project/TXPipe/txpipe/source_selector.py", line 189, in run
    stage.run()
  File "/sps/lsst/groups/clusters/cl_pipeline_project/TXPipe/txpipe/source_selector.py", line 189, in run
    stage.run()
  File "/sps/lsst/groups/clusters/cl_pipeline_project/TXPipe/txpipe/source_selector.py", line 189, in run
    stage.run()
  File "/sps/lsst/groups/clusters/cl_pipeline_project/TXPipe/txpipe/source_selector.py", line 189, in run
    stage.run()
  File "/sps/lsst/groups/clusters/cl_pipeline_project/TXPipe/txpipe/source_selector.py", line 189, in run
    stage.run()
  File "/sps/lsst/groups/clusters/cl_pipeline_project/TXPipe/txpipe/source_selector.py", line 189, in run
    stage.run()
  File "/sps/lsst/groups/clusters/cl_pipeline_project/TXPipe/txpipe/source_selector.py", line 189, in run
    stage.run()
  File "/sps/lsst/groups/clusters/cl_pipeline_project/TXPipe/txpipe/source_selector.py", line 189, in run
    stage.run()
  File "/sps/lsst/groups/clusters/cl_pipeline_project/TXPipe/txpipe/source_selector.py", line 189, in run
    stage.run()
  File "/sps/lsst/groups/clusters/cl_pipeline_project/TXPipe/txpipe/source_selector.py", line 189, in run
    stage.run()
  File "/sps/lsst/groups/clusters/cl_pipeline_project/TXPipe/txpipe/source_selector.py", line 189, in run
    stage.run()
  File "/sps/lsst/groups/clusters/cl_pipeline_project/TXPipe/txpipe/source_selector.py", line 189, in run
  File "/sps/lsst/groups/clusters/cl_pipeline_project/conda_envs/txpipe_clp/lib/python3.10/site-packages/ceci/stage.py", line 699, in execute
    stage.run()
  File "/sps/lsst/groups/clusters/cl_pipeline_project/TXPipe/txpipe/source_selector.py", line 189, in run
    stage.run()
  File "/sps/lsst/groups/clusters/cl_pipeline_project/TXPipe/txpipe/source_selector.py", line 189, in run
    stage.run()
  File "/sps/lsst/groups/clusters/cl_pipeline_project/TXPipe/txpipe/source_selector.py", line 189, in run
    stage.run()
  File "/sps/lsst/groups/clusters/cl_pipeline_project/TXPipe/txpipe/source_selector.py", line 189, in run
    stage.run()
  File "/sps/lsst/groups/clusters/cl_pipeline_project/TXPipe/txpipe/source_selector.py", line 189, in run
    stage.run()
  File "/sps/lsst/groups/clusters/cl_pipeline_project/TXPipe/txpipe/source_selector.py", line 189, in run
    stage.run()
  File "/sps/lsst/groups/clusters/cl_pipeline_project/TXPipe/txpipe/source_selector.py", line 189, in run
    stage.run()
  File "/sps/lsst/groups/clusters/cl_pipeline_project/TXPipe/txpipe/source_selector.py", line 189, in run
    stage.run()
  File "/sps/lsst/groups/clusters/cl_pipeline_project/TXPipe/txpipe/source_selector.py", line 189, in run
    stage.run()
  File "/sps/lsst/groups/clusters/cl_pipeline_project/TXPipe/txpipe/source_selector.py", line 189, in run
    stage.run()
  File "/sps/lsst/groups/clusters/cl_pipeline_project/TXPipe/txpipe/source_selector.py", line 189, in run
    stage.run()
  File "/sps/lsst/groups/clusters/cl_pipeline_project/TXPipe/txpipe/source_selector.py", line 189, in run
    stage.run()
  File "/sps/lsst/groups/clusters/cl_pipeline_project/TXPipe/txpipe/source_selector.py", line 189, in run
    stage.run()
  File "/sps/lsst/groups/clusters/cl_pipeline_project/TXPipe/txpipe/source_selector.py", line 189, in run
    stage.execute(args)
  File "/sps/lsst/groups/clusters/cl_pipeline_project/conda_envs/txpipe_clp/lib/python3.10/site-packages/ceci/stage.py", line 699, in execute
    stage.run()
  File "/sps/lsst/groups/clusters/cl_pipeline_project/TXPipe/txpipe/source_selector.py", line 189, in run
    for (start, end, shear_data) in it:
  File "/sps/lsst/groups/clusters/cl_pipeline_project/TXPipe/txpipe/utils/misc.py", line 81, in rename_iterated
    for (start, end, shear_data) in it:
  File "/sps/lsst/groups/clusters/cl_pipeline_project/TXPipe/txpipe/utils/misc.py", line 81, in rename_iterated
    for (start, end, shear_data) in it:
  File "/sps/lsst/groups/clusters/cl_pipeline_project/TXPipe/txpipe/utils/misc.py", line 81, in rename_iterated
    for (start, end, shear_data) in it:
  File "/sps/lsst/groups/clusters/cl_pipeline_project/TXPipe/txpipe/utils/misc.py", line 81, in rename_iterated
    for (start, end, shear_data) in it:
  File "/sps/lsst/groups/clusters/cl_pipeline_project/TXPipe/txpipe/utils/misc.py", line 81, in rename_iterated
    for (start, end, shear_data) in it:
  File "/sps/lsst/groups/clusters/cl_pipeline_project/TXPipe/txpipe/utils/misc.py", line 81, in rename_iterated
    for (start, end, shear_data) in it:
  File "/sps/lsst/groups/clusters/cl_pipeline_project/TXPipe/txpipe/utils/misc.py", line 81, in rename_iterated
    for (start, end, shear_data) in it:
  File "/sps/lsst/groups/clusters/cl_pipeline_project/TXPipe/txpipe/utils/misc.py", line 81, in rename_iterated
    for (start, end, shear_data) in it:
  File "/sps/lsst/groups/clusters/cl_pipeline_project/TXPipe/txpipe/utils/misc.py", line 81, in rename_iterated
    for (start, end, shear_data) in it:
  File "/sps/lsst/groups/clusters/cl_pipeline_project/TXPipe/txpipe/utils/misc.py", line 81, in rename_iterated
    for (start, end, shear_data) in it:
  File "/sps/lsst/groups/clusters/cl_pipeline_project/TXPipe/txpipe/utils/misc.py", line 81, in rename_iterated
    for (start, end, shear_data) in it:
  File "/sps/lsst/groups/clusters/cl_pipeline_project/TXPipe/txpipe/utils/misc.py", line 81, in rename_iterated
    for (start, end, shear_data) in it:
  File "/sps/lsst/groups/clusters/cl_pipeline_project/TXPipe/txpipe/utils/misc.py", line 81, in rename_iterated
    for (start, end, shear_data) in it:
  File "/sps/lsst/groups/clusters/cl_pipeline_project/TXPipe/txpipe/utils/misc.py", line 81, in rename_iterated
    for (start, end, shear_data) in it:
  File "/sps/lsst/groups/clusters/cl_pipeline_project/TXPipe/txpipe/utils/misc.py", line 81, in rename_iterated
    for (start, end, shear_data) in it:
  File "/sps/lsst/groups/clusters/cl_pipeline_project/TXPipe/txpipe/utils/misc.py", line 81, in rename_iterated
    for (start, end, shear_data) in it:
  File "/sps/lsst/groups/clusters/cl_pipeline_project/TXPipe/txpipe/utils/misc.py", line 81, in rename_iterated
    for (start, end, shear_data) in it:
  File "/sps/lsst/groups/clusters/cl_pipeline_project/TXPipe/txpipe/utils/misc.py", line 81, in rename_iterated
    for (start, end, shear_data) in it:
  File "/sps/lsst/groups/clusters/cl_pipeline_project/TXPipe/txpipe/utils/misc.py", line 81, in rename_iterated
    for (start, end, shear_data) in it:
  File "/sps/lsst/groups/clusters/cl_pipeline_project/TXPipe/txpipe/utils/misc.py", line 81, in rename_iterated
    for (start, end, shear_data) in it:
  File "/sps/lsst/groups/clusters/cl_pipeline_project/TXPipe/txpipe/utils/misc.py", line 81, in rename_iterated
    for (start, end, shear_data) in it:
  File "/sps/lsst/groups/clusters/cl_pipeline_project/TXPipe/txpipe/utils/misc.py", line 81, in rename_iterated
    for (start, end, shear_data) in it:
  File "/sps/lsst/groups/clusters/cl_pipeline_project/TXPipe/txpipe/utils/misc.py", line 81, in rename_iterated
    for (start, end, shear_data) in it:
  File "/sps/lsst/groups/clusters/cl_pipeline_project/TXPipe/txpipe/utils/misc.py", line 81, in rename_iterated
    for (start, end, shear_data) in it:
  File "/sps/lsst/groups/clusters/cl_pipeline_project/TXPipe/txpipe/utils/misc.py", line 81, in rename_iterated
    for (start, end, shear_data) in it:
  File "/sps/lsst/groups/clusters/cl_pipeline_project/TXPipe/txpipe/utils/misc.py", line 81, in rename_iterated
    for (start, end, shear_data) in it:
  File "/sps/lsst/groups/clusters/cl_pipeline_project/TXPipe/txpipe/utils/misc.py", line 81, in rename_iterated
    for (start, end, shear_data) in it:
  File "/sps/lsst/groups/clusters/cl_pipeline_project/TXPipe/txpipe/utils/misc.py", line 81, in rename_iterated
    for (start, end, shear_data) in it:
  File "/sps/lsst/groups/clusters/cl_pipeline_project/TXPipe/txpipe/utils/misc.py", line 81, in rename_iterated
    for (start, end, shear_data) in it:
  File "/sps/lsst/groups/clusters/cl_pipeline_project/TXPipe/txpipe/utils/misc.py", line 81, in rename_iterated
    for s, e, data in it:
  File "/sps/lsst/groups/clusters/cl_pipeline_project/conda_envs/txpipe_clp/lib/python3.10/site-packages/ceci/stage.py", line 1480, in iterate_hdf
    for s, e, data in it:
  File "/sps/lsst/groups/clusters/cl_pipeline_project/conda_envs/txpipe_clp/lib/python3.10/site-packages/ceci/stage.py", line 1480, in iterate_hdf
    for s, e, data in it:
  File "/sps/lsst/groups/clusters/cl_pipeline_project/conda_envs/txpipe_clp/lib/python3.10/site-packages/ceci/stage.py", line 1480, in iterate_hdf
    for s, e, data in it:
  File "/sps/lsst/groups/clusters/cl_pipeline_project/conda_envs/txpipe_clp/lib/python3.10/site-packages/ceci/stage.py", line 1480, in iterate_hdf
    for s, e, data in it:
  File "/sps/lsst/groups/clusters/cl_pipeline_project/conda_envs/txpipe_clp/lib/python3.10/site-packages/ceci/stage.py", line 1480, in iterate_hdf
    for s, e, data in it:
  File "/sps/lsst/groups/clusters/cl_pipeline_project/conda_envs/txpipe_clp/lib/python3.10/site-packages/ceci/stage.py", line 1480, in iterate_hdf
    for s, e, data in it:
    for s, e, data in it:
  File "/sps/lsst/groups/clusters/cl_pipeline_project/conda_envs/txpipe_clp/lib/python3.10/site-packages/ceci/stage.py", line 1480, in iterate_hdf
    for s, e, data in it:
  File "/sps/lsst/groups/clusters/cl_pipeline_project/conda_envs/txpipe_clp/lib/python3.10/site-packages/ceci/stage.py", line 1480, in iterate_hdf
    for s, e, data in it:
  File "/sps/lsst/groups/clusters/cl_pipeline_project/conda_envs/txpipe_clp/lib/python3.10/site-packages/ceci/stage.py", line 1480, in iterate_hdf
    for s, e, data in it:
  File "/sps/lsst/groups/clusters/cl_pipeline_project/conda_envs/txpipe_clp/lib/python3.10/site-packages/ceci/stage.py", line 1480, in iterate_hdf
    for s, e, data in it:
  File "/sps/lsst/groups/clusters/cl_pipeline_project/conda_envs/txpipe_clp/lib/python3.10/site-packages/ceci/stage.py", line 1480, in iterate_hdf
    for s, e, data in it:
  File "/sps/lsst/groups/clusters/cl_pipeline_project/conda_envs/txpipe_clp/lib/python3.10/site-packages/ceci/stage.py", line 1480, in iterate_hdf
    for s, e, data in it:
  File "/sps/lsst/groups/clusters/cl_pipeline_project/conda_envs/txpipe_clp/lib/python3.10/site-packages/ceci/stage.py", line 1480, in iterate_hdf
    for s, e, data in it:
  File "/sps/lsst/groups/clusters/cl_pipeline_project/conda_envs/txpipe_clp/lib/python3.10/site-packages/ceci/stage.py", line 1480, in iterate_hdf
    for s, e, data in it:
  File "/sps/lsst/groups/clusters/cl_pipeline_project/conda_envs/txpipe_clp/lib/python3.10/site-packages/ceci/stage.py", line 1480, in iterate_hdf
    for s, e, data in it:
  File "/sps/lsst/groups/clusters/cl_pipeline_project/conda_envs/txpipe_clp/lib/python3.10/site-packages/ceci/stage.py", line 1480, in iterate_hdf
    for s, e, data in it:
  File "/sps/lsst/groups/clusters/cl_pipeline_project/conda_envs/txpipe_clp/lib/python3.10/site-packages/ceci/stage.py", line 1480, in iterate_hdf
    for s, e, data in it:
  File "/sps/lsst/groups/clusters/cl_pipeline_project/conda_envs/txpipe_clp/lib/python3.10/site-packages/ceci/stage.py", line 1480, in iterate_hdf
    for s, e, data in it:
  File "/sps/lsst/groups/clusters/cl_pipeline_project/conda_envs/txpipe_clp/lib/python3.10/site-packages/ceci/stage.py", line 1480, in iterate_hdf
    for s, e, data in it:
  File "/sps/lsst/groups/clusters/cl_pipeline_project/conda_envs/txpipe_clp/lib/python3.10/site-packages/ceci/stage.py", line 1480, in iterate_hdf
    for s, e, data in it:
  File "/sps/lsst/groups/clusters/cl_pipeline_project/conda_envs/txpipe_clp/lib/python3.10/site-packages/ceci/stage.py", line 1480, in iterate_hdf
    for s, e, data in it:
  File "/sps/lsst/groups/clusters/cl_pipeline_project/conda_envs/txpipe_clp/lib/python3.10/site-packages/ceci/stage.py", line 1480, in iterate_hdf
    for s, e, data in it:
  File "/sps/lsst/groups/clusters/cl_pipeline_project/conda_envs/txpipe_clp/lib/python3.10/site-packages/ceci/stage.py", line 1480, in iterate_hdf
    for s, e, data in it:
  File "/sps/lsst/groups/clusters/cl_pipeline_project/conda_envs/txpipe_clp/lib/python3.10/site-packages/ceci/stage.py", line 1480, in iterate_hdf
    for s, e, data in it:
  File "/sps/lsst/groups/clusters/cl_pipeline_project/conda_envs/txpipe_clp/lib/python3.10/site-packages/ceci/stage.py", line 1480, in iterate_hdf
    for s, e, data in it:
  File "/sps/lsst/groups/clusters/cl_pipeline_project/conda_envs/txpipe_clp/lib/python3.10/site-packages/ceci/stage.py", line 1480, in iterate_hdf
    for s, e, data in it:
  File "/sps/lsst/groups/clusters/cl_pipeline_project/conda_envs/txpipe_clp/lib/python3.10/site-packages/ceci/stage.py", line 1480, in iterate_hdf
    for s, e, data in it:
  File "/sps/lsst/groups/clusters/cl_pipeline_project/conda_envs/txpipe_clp/lib/python3.10/site-packages/ceci/stage.py", line 1480, in iterate_hdf
    N = [len(group[col]) for col in cols]
  File "/sps/lsst/groups/clusters/cl_pipeline_project/conda_envs/txpipe_clp/lib/python3.10/site-packages/ceci/stage.py", line 1480, in <listcomp>
  File "/sps/lsst/groups/clusters/cl_pipeline_project/conda_envs/txpipe_clp/lib/python3.10/site-packages/ceci/stage.py", line 1480, in iterate_hdf
    N = [len(group[col]) for col in cols]
    N = [len(group[col]) for col in cols]
  File "/sps/lsst/groups/clusters/cl_pipeline_project/conda_envs/txpipe_clp/lib/python3.10/site-packages/ceci/stage.py", line 1480, in <listcomp>
    N = [len(group[col]) for col in cols]
  File "/sps/lsst/groups/clusters/cl_pipeline_project/conda_envs/txpipe_clp/lib/python3.10/site-packages/ceci/stage.py", line 1480, in <listcomp>
    N = [len(group[col]) for col in cols]
  File "/sps/lsst/groups/clusters/cl_pipeline_project/conda_envs/txpipe_clp/lib/python3.10/site-packages/ceci/stage.py", line 1480, in <listcomp>
    N = [len(group[col]) for col in cols]
  File "/sps/lsst/groups/clusters/cl_pipeline_project/conda_envs/txpipe_clp/lib/python3.10/site-packages/ceci/stage.py", line 1480, in <listcomp>
    N = [len(group[col]) for col in cols]
  File "/sps/lsst/groups/clusters/cl_pipeline_project/conda_envs/txpipe_clp/lib/python3.10/site-packages/ceci/stage.py", line 1480, in <listcomp>
    N = [len(group[col]) for col in cols]
  File "/sps/lsst/groups/clusters/cl_pipeline_project/conda_envs/txpipe_clp/lib/python3.10/site-packages/ceci/stage.py", line 1480, in <listcomp>
    N = [len(group[col]) for col in cols]
  File "h5py/_objects.pyx", line 54, in h5py._objects.with_phil.wrapper
    N = [len(group[col]) for col in cols]
  File "/sps/lsst/groups/clusters/cl_pipeline_project/conda_envs/txpipe_clp/lib/python3.10/site-packages/ceci/stage.py", line 1480, in <listcomp>
    N = [len(group[col]) for col in cols]
  File "h5py/_objects.pyx", line 54, in h5py._objects.with_phil.wrapper
    N = [len(group[col]) for col in cols]
  File "/sps/lsst/groups/clusters/cl_pipeline_project/conda_envs/txpipe_clp/lib/python3.10/site-packages/ceci/stage.py", line 1480, in <listcomp>
    N = [len(group[col]) for col in cols]
  File "h5py/_objects.pyx", line 54, in h5py._objects.with_phil.wrapper
    N = [len(group[col]) for col in cols]
  File "/sps/lsst/groups/clusters/cl_pipeline_project/conda_envs/txpipe_clp/lib/python3.10/site-packages/ceci/stage.py", line 1480, in <listcomp>
    N = [len(group[col]) for col in cols]
  File "h5py/_objects.pyx", line 54, in h5py._objects.with_phil.wrapper
    for s, e, data in it:
  File "/sps/lsst/groups/clusters/cl_pipeline_project/conda_envs/txpipe_clp/lib/python3.10/site-packages/ceci/stage.py", line 1480, in iterate_hdf
    N = [len(group[col]) for col in cols]
  File "/sps/lsst/groups/clusters/cl_pipeline_project/conda_envs/txpipe_clp/lib/python3.10/site-packages/ceci/stage.py", line 1480, in <listcomp>
    N = [len(group[col]) for col in cols]
  File "/sps/lsst/groups/clusters/cl_pipeline_project/conda_envs/txpipe_clp/lib/python3.10/site-packages/ceci/stage.py", line 1480, in <listcomp>
    N = [len(group[col]) for col in cols]
  File "h5py/_objects.pyx", line 54, in h5py._objects.with_phil.wrapper
    N = [len(group[col]) for col in cols]
  File "/sps/lsst/groups/clusters/cl_pipeline_project/conda_envs/txpipe_clp/lib/python3.10/site-packages/ceci/stage.py", line 1480, in <listcomp>
    N = [len(group[col]) for col in cols]
  File "h5py/_objects.pyx", line 54, in h5py._objects.with_phil.wrapper
    N = [len(group[col]) for col in cols]
  File "/sps/lsst/groups/clusters/cl_pipeline_project/conda_envs/txpipe_clp/lib/python3.10/site-packages/ceci/stage.py", line 1480, in <listcomp>
    N = [len(group[col]) for col in cols]
  File "h5py/_objects.pyx", line 54, in h5py._objects.with_phil.wrapper
    N = [len(group[col]) for col in cols]
  File "/sps/lsst/groups/clusters/cl_pipeline_project/conda_envs/txpipe_clp/lib/python3.10/site-packages/ceci/stage.py", line 1480, in <listcomp>
    N = [len(group[col]) for col in cols]
  File "/sps/lsst/groups/clusters/cl_pipeline_project/conda_envs/txpipe_clp/lib/python3.10/site-packages/ceci/stage.py", line 1480, in <listcomp>
    N = [len(group[col]) for col in cols]
  File "h5py/_objects.pyx", line 54, in h5py._objects.with_phil.wrapper
    N = [len(group[col]) for col in cols]
  File "h5py/_objects.pyx", line 54, in h5py._objects.with_phil.wrapper
    N = [len(group[col]) for col in cols]
  File "/sps/lsst/groups/clusters/cl_pipeline_project/conda_envs/txpipe_clp/lib/python3.10/site-packages/ceci/stage.py", line 1480, in <listcomp>
    N = [len(group[col]) for col in cols]
  File "/sps/lsst/groups/clusters/cl_pipeline_project/conda_envs/txpipe_clp/lib/python3.10/site-packages/ceci/stage.py", line 1480, in <listcomp>
    N = [len(group[col]) for col in cols]
  File "/sps/lsst/groups/clusters/cl_pipeline_project/conda_envs/txpipe_clp/lib/python3.10/site-packages/ceci/stage.py", line 1480, in <listcomp>
    N = [len(group[col]) for col in cols]
  File "h5py/_objects.pyx", line 54, in h5py._objects.with_phil.wrapper
    N = [len(group[col]) for col in cols]
  File "/sps/lsst/groups/clusters/cl_pipeline_project/conda_envs/txpipe_clp/lib/python3.10/site-packages/ceci/stage.py", line 1480, in <listcomp>
    N = [len(group[col]) for col in cols]
  File "/sps/lsst/groups/clusters/cl_pipeline_project/conda_envs/txpipe_clp/lib/python3.10/site-packages/ceci/stage.py", line 1480, in <listcomp>
    N = [len(group[col]) for col in cols]
  File "/sps/lsst/groups/clusters/cl_pipeline_project/conda_envs/txpipe_clp/lib/python3.10/site-packages/ceci/stage.py", line 1480, in <listcomp>
    N = [len(group[col]) for col in cols]
  File "/sps/lsst/groups/clusters/cl_pipeline_project/conda_envs/txpipe_clp/lib/python3.10/site-packages/ceci/stage.py", line 1480, in <listcomp>
    N = [len(group[col]) for col in cols]
  File "h5py/_objects.pyx", line 54, in h5py._objects.with_phil.wrapper
  File "/sps/lsst/groups/clusters/cl_pipeline_project/conda_envs/txpipe_clp/lib/python3.10/site-packages/ceci/stage.py", line 1480, in <listcomp>
    N = [len(group[col]) for col in cols]
  File "/sps/lsst/groups/clusters/cl_pipeline_project/conda_envs/txpipe_clp/lib/python3.10/site-packages/ceci/stage.py", line 1480, in <listcomp>
    N = [len(group[col]) for col in cols]
  File "h5py/_objects.pyx", line 54, in h5py._objects.with_phil.wrapper
    N = [len(group[col]) for col in cols]
  File "/sps/lsst/groups/clusters/cl_pipeline_project/conda_envs/txpipe_clp/lib/python3.10/site-packages/ceci/stage.py", line 1480, in <listcomp>
    N = [len(group[col]) for col in cols]
  File "/sps/lsst/groups/clusters/cl_pipeline_project/conda_envs/txpipe_clp/lib/python3.10/site-packages/ceci/stage.py", line 1480, in <listcomp>
    N = [len(group[col]) for col in cols]
  File "/sps/lsst/groups/clusters/cl_pipeline_project/conda_envs/txpipe_clp/lib/python3.10/site-packages/ceci/stage.py", line 1480, in <listcomp>
    N = [len(group[col]) for col in cols]
  File "/sps/lsst/groups/clusters/cl_pipeline_project/conda_envs/txpipe_clp/lib/python3.10/site-packages/ceci/stage.py", line 1480, in <listcomp>
    N = [len(group[col]) for col in cols]
  File "h5py/_objects.pyx", line 54, in h5py._objects.with_phil.wrapper
    N = [len(group[col]) for col in cols]
  File "/sps/lsst/groups/clusters/cl_pipeline_project/conda_envs/txpipe_clp/lib/python3.10/site-packages/ceci/stage.py", line 1480, in <listcomp>
    N = [len(group[col]) for col in cols]
  File "h5py/_objects.pyx", line 54, in h5py._objects.with_phil.wrapper
    N = [len(group[col]) for col in cols]
  File "h5py/_objects.pyx", line 54, in h5py._objects.with_phil.wrapper
    N = [len(group[col]) for col in cols]
  File "h5py/_objects.pyx", line 54, in h5py._objects.with_phil.wrapper
    N = [len(group[col]) for col in cols]
  File "h5py/_objects.pyx", line 54, in h5py._objects.with_phil.wrapper
    N = [len(group[col]) for col in cols]
  File "h5py/_objects.pyx", line 54, in h5py._objects.with_phil.wrapper
    N = [len(group[col]) for col in cols]
    N = [len(group[col]) for col in cols]
  File "h5py/_objects.pyx", line 54, in h5py._objects.with_phil.wrapper
    N = [len(group[col]) for col in cols]
  File "h5py/_objects.pyx", line 54, in h5py._objects.with_phil.wrapper
    N = [len(group[col]) for col in cols]
  File "h5py/_objects.pyx", line 54, in h5py._objects.with_phil.wrapper
    N = [len(group[col]) for col in cols]
  File "h5py/_objects.pyx", line 54, in h5py._objects.with_phil.wrapper
    N = [len(group[col]) for col in cols]
  File "h5py/_objects.pyx", line 54, in h5py._objects.with_phil.wrapper
    N = [len(group[col]) for col in cols]
  File "h5py/_objects.pyx", line 54, in h5py._objects.with_phil.wrapper
    N = [len(group[col]) for col in cols]
  File "h5py/_objects.pyx", line 54, in h5py._objects.with_phil.wrapper
    N = [len(group[col]) for col in cols]
  File "h5py/_objects.pyx", line 54, in h5py._objects.with_phil.wrapper
    N = [len(group[col]) for col in cols]
  File "h5py/_objects.pyx", line 54, in h5py._objects.with_phil.wrapper
    N = [len(group[col]) for col in cols]
  File "h5py/_objects.pyx", line 54, in h5py._objects.with_phil.wrapper
    N = [len(group[col]) for col in cols]
  File "h5py/_objects.pyx", line 54, in h5py._objects.with_phil.wrapper
  File "h5py/_objects.pyx", line 54, in h5py._objects.with_phil.wrapper
  File "h5py/_objects.pyx", line 55, in h5py._objects.with_phil.wrapper
  File "h5py/_objects.pyx", line 55, in h5py._objects.with_phil.wrapper
  File "h5py/_objects.pyx", line 55, in h5py._objects.with_phil.wrapper
  File "h5py/_objects.pyx", line 55, in h5py._objects.with_phil.wrapper
  File "h5py/_objects.pyx", line 55, in h5py._objects.with_phil.wrapper
  File "h5py/_objects.pyx", line 55, in h5py._objects.with_phil.wrapper
  File "h5py/_objects.pyx", line 55, in h5py._objects.with_phil.wrapper
  File "h5py/_objects.pyx", line 55, in h5py._objects.with_phil.wrapper
  File "h5py/_objects.pyx", line 55, in h5py._objects.with_phil.wrapper
  File "h5py/_objects.pyx", line 55, in h5py._objects.with_phil.wrapper
  File "h5py/_objects.pyx", line 55, in h5py._objects.with_phil.wrapper
  File "h5py/_objects.pyx", line 55, in h5py._objects.with_phil.wrapper
  File "h5py/_objects.pyx", line 55, in h5py._objects.with_phil.wrapper
  File "/sps/lsst/groups/clusters/cl_pipeline_project/conda_envs/txpipe_clp/lib/python3.10/site-packages/h5py/_hl/group.py", line 360, in __getitem__
  File "h5py/_objects.pyx", line 55, in h5py._objects.with_phil.wrapper
  File "/sps/lsst/groups/clusters/cl_pipeline_project/conda_envs/txpipe_clp/lib/python3.10/site-packages/h5py/_hl/group.py", line 360, in __getitem__
  File "h5py/_objects.pyx", line 55, in h5py._objects.with_phil.wrapper
  File "/sps/lsst/groups/clusters/cl_pipeline_project/conda_envs/txpipe_clp/lib/python3.10/site-packages/h5py/_hl/group.py", line 360, in __getitem__
  File "h5py/_objects.pyx", line 55, in h5py._objects.with_phil.wrapper
  File "/sps/lsst/groups/clusters/cl_pipeline_project/conda_envs/txpipe_clp/lib/python3.10/site-packages/h5py/_hl/group.py", line 360, in __getitem__
  File "h5py/_objects.pyx", line 55, in h5py._objects.with_phil.wrapper
  File "h5py/_objects.pyx", line 55, in h5py._objects.with_phil.wrapper
  File "/sps/lsst/groups/clusters/cl_pipeline_project/conda_envs/txpipe_clp/lib/python3.10/site-packages/h5py/_hl/group.py", line 360, in __getitem__
  File "h5py/_objects.pyx", line 55, in h5py._objects.with_phil.wrapper
  File "/sps/lsst/groups/clusters/cl_pipeline_project/conda_envs/txpipe_clp/lib/python3.10/site-packages/h5py/_hl/group.py", line 360, in __getitem__
  File "h5py/_objects.pyx", line 55, in h5py._objects.with_phil.wrapper
  File "h5py/_objects.pyx", line 55, in h5py._objects.with_phil.wrapper
  File "h5py/_objects.pyx", line 55, in h5py._objects.with_phil.wrapper
  File "/sps/lsst/groups/clusters/cl_pipeline_project/conda_envs/txpipe_clp/lib/python3.10/site-packages/h5py/_hl/group.py", line 360, in __getitem__
  File "h5py/_objects.pyx", line 55, in h5py._objects.with_phil.wrapper
  File "/sps/lsst/groups/clusters/cl_pipeline_project/conda_envs/txpipe_clp/lib/python3.10/site-packages/h5py/_hl/group.py", line 360, in __getitem__
  File "h5py/_objects.pyx", line 55, in h5py._objects.with_phil.wrapper
  File "/sps/lsst/groups/clusters/cl_pipeline_project/conda_envs/txpipe_clp/lib/python3.10/site-packages/h5py/_hl/group.py", line 360, in __getitem__
  File "h5py/_objects.pyx", line 55, in h5py._objects.with_phil.wrapper
  File "/sps/lsst/groups/clusters/cl_pipeline_project/conda_envs/txpipe_clp/lib/python3.10/site-packages/h5py/_hl/group.py", line 360, in __getitem__
  File "h5py/_objects.pyx", line 55, in h5py._objects.with_phil.wrapper
  File "/sps/lsst/groups/clusters/cl_pipeline_project/conda_envs/txpipe_clp/lib/python3.10/site-packages/h5py/_hl/group.py", line 360, in __getitem__
  File "h5py/_objects.pyx", line 55, in h5py._objects.with_phil.wrapper
  File "h5py/_objects.pyx", line 55, in h5py._objects.with_phil.wrapper
  File "/sps/lsst/groups/clusters/cl_pipeline_project/conda_envs/txpipe_clp/lib/python3.10/site-packages/h5py/_hl/group.py", line 360, in __getitem__
  File "h5py/_objects.pyx", line 55, in h5py._objects.with_phil.wrapper
  File "/sps/lsst/groups/clusters/cl_pipeline_project/conda_envs/txpipe_clp/lib/python3.10/site-packages/h5py/_hl/group.py", line 360, in __getitem__
  File "h5py/_objects.pyx", line 55, in h5py._objects.with_phil.wrapper
  File "/sps/lsst/groups/clusters/cl_pipeline_project/conda_envs/txpipe_clp/lib/python3.10/site-packages/h5py/_hl/group.py", line 360, in __getitem__
  File "/sps/lsst/groups/clusters/cl_pipeline_project/conda_envs/txpipe_clp/lib/python3.10/site-packages/h5py/_hl/group.py", line 360, in __getitem__
  File "/sps/lsst/groups/clusters/cl_pipeline_project/conda_envs/txpipe_clp/lib/python3.10/site-packages/h5py/_hl/group.py", line 360, in __getitem__
  File "/sps/lsst/groups/clusters/cl_pipeline_project/conda_envs/txpipe_clp/lib/python3.10/site-packages/h5py/_hl/group.py", line 360, in __getitem__
  File "/sps/lsst/groups/clusters/cl_pipeline_project/conda_envs/txpipe_clp/lib/python3.10/site-packages/h5py/_hl/group.py", line 360, in __getitem__
  File "/sps/lsst/groups/clusters/cl_pipeline_project/conda_envs/txpipe_clp/lib/python3.10/site-packages/h5py/_hl/group.py", line 360, in __getitem__
  File "/sps/lsst/groups/clusters/cl_pipeline_project/conda_envs/txpipe_clp/lib/python3.10/site-packages/h5py/_hl/group.py", line 360, in __getitem__
  File "/sps/lsst/groups/clusters/cl_pipeline_project/conda_envs/txpipe_clp/lib/python3.10/site-packages/h5py/_hl/group.py", line 360, in __getitem__
  File "/sps/lsst/groups/clusters/cl_pipeline_project/conda_envs/txpipe_clp/lib/python3.10/site-packages/h5py/_hl/group.py", line 360, in __getitem__
  File "/sps/lsst/groups/clusters/cl_pipeline_project/conda_envs/txpipe_clp/lib/python3.10/site-packages/h5py/_hl/group.py", line 360, in __getitem__
  File "/sps/lsst/groups/clusters/cl_pipeline_project/conda_envs/txpipe_clp/lib/python3.10/site-packages/h5py/_hl/group.py", line 360, in __getitem__
  File "/sps/lsst/groups/clusters/cl_pipeline_project/conda_envs/txpipe_clp/lib/python3.10/site-packages/h5py/_hl/group.py", line 360, in __getitem__
  File "/sps/lsst/groups/clusters/cl_pipeline_project/conda_envs/txpipe_clp/lib/python3.10/site-packages/h5py/_hl/group.py", line 360, in __getitem__
  File "/sps/lsst/groups/clusters/cl_pipeline_project/conda_envs/txpipe_clp/lib/python3.10/site-packages/h5py/_hl/group.py", line 360, in __getitem__
  File "/sps/lsst/groups/clusters/cl_pipeline_project/conda_envs/txpipe_clp/lib/python3.10/site-packages/h5py/_hl/group.py", line 360, in __getitem__
  File "/sps/lsst/groups/clusters/cl_pipeline_project/conda_envs/txpipe_clp/lib/python3.10/site-packages/h5py/_hl/group.py", line 360, in __getitem__
  File "/sps/lsst/groups/clusters/cl_pipeline_project/conda_envs/txpipe_clp/lib/python3.10/site-packages/h5py/_hl/group.py", line 360, in __getitem__
    oid = h5o.open(self.id, self._e(name), lapl=self._lapl)
  File "h5py/_objects.pyx", line 54, in h5py._objects.with_phil.wrapper
    oid = h5o.open(self.id, self._e(name), lapl=self._lapl)
  File "h5py/_objects.pyx", line 54, in h5py._objects.with_phil.wrapper
    oid = h5o.open(self.id, self._e(name), lapl=self._lapl)
    oid = h5o.open(self.id, self._e(name), lapl=self._lapl)
  File "h5py/_objects.pyx", line 54, in h5py._objects.with_phil.wrapper
    oid = h5o.open(self.id, self._e(name), lapl=self._lapl)
  File "h5py/_objects.pyx", line 54, in h5py._objects.with_phil.wrapper
    oid = h5o.open(self.id, self._e(name), lapl=self._lapl)
  File "h5py/_objects.pyx", line 54, in h5py._objects.with_phil.wrapper
    oid = h5o.open(self.id, self._e(name), lapl=self._lapl)
  File "h5py/_objects.pyx", line 54, in h5py._objects.with_phil.wrapper
    oid = h5o.open(self.id, self._e(name), lapl=self._lapl)
  File "h5py/_objects.pyx", line 54, in h5py._objects.with_phil.wrapper
    oid = h5o.open(self.id, self._e(name), lapl=self._lapl)
  File "h5py/_objects.pyx", line 54, in h5py._objects.with_phil.wrapper
    oid = h5o.open(self.id, self._e(name), lapl=self._lapl)
  File "h5py/_objects.pyx", line 54, in h5py._objects.with_phil.wrapper
    oid = h5o.open(self.id, self._e(name), lapl=self._lapl)
  File "h5py/_objects.pyx", line 54, in h5py._objects.with_phil.wrapper
    oid = h5o.open(self.id, self._e(name), lapl=self._lapl)
  File "h5py/_objects.pyx", line 54, in h5py._objects.with_phil.wrapper
  File "h5py/_objects.pyx", line 55, in h5py._objects.with_phil.wrapper
    oid = h5o.open(self.id, self._e(name), lapl=self._lapl)
  File "h5py/_objects.pyx", line 54, in h5py._objects.with_phil.wrapper
  File "h5py/_objects.pyx", line 55, in h5py._objects.with_phil.wrapper
    oid = h5o.open(self.id, self._e(name), lapl=self._lapl)
  File "h5py/_objects.pyx", line 54, in h5py._objects.with_phil.wrapper
  File "h5py/_objects.pyx", line 55, in h5py._objects.with_phil.wrapper
    oid = h5o.open(self.id, self._e(name), lapl=self._lapl)
  File "h5py/_objects.pyx", line 54, in h5py._objects.with_phil.wrapper
  File "h5py/_objects.pyx", line 55, in h5py._objects.with_phil.wrapper
    oid = h5o.open(self.id, self._e(name), lapl=self._lapl)
  File "h5py/_objects.pyx", line 54, in h5py._objects.with_phil.wrapper
  File "h5py/_objects.pyx", line 55, in h5py._objects.with_phil.wrapper
    oid = h5o.open(self.id, self._e(name), lapl=self._lapl)
  File "h5py/_objects.pyx", line 54, in h5py._objects.with_phil.wrapper
  File "h5py/_objects.pyx", line 55, in h5py._objects.with_phil.wrapper
    oid = h5o.open(self.id, self._e(name), lapl=self._lapl)
  File "h5py/_objects.pyx", line 54, in h5py._objects.with_phil.wrapper
  File "h5py/_objects.pyx", line 55, in h5py._objects.with_phil.wrapper
    oid = h5o.open(self.id, self._e(name), lapl=self._lapl)
  File "h5py/_objects.pyx", line 54, in h5py._objects.with_phil.wrapper
  File "h5py/_objects.pyx", line 55, in h5py._objects.with_phil.wrapper
    oid = h5o.open(self.id, self._e(name), lapl=self._lapl)
  File "h5py/_objects.pyx", line 54, in h5py._objects.with_phil.wrapper
  File "h5py/_objects.pyx", line 55, in h5py._objects.with_phil.wrapper
    oid = h5o.open(self.id, self._e(name), lapl=self._lapl)
  File "h5py/_objects.pyx", line 54, in h5py._objects.with_phil.wrapper
  File "h5py/_objects.pyx", line 55, in h5py._objects.with_phil.wrapper
  File "h5py/h5o.pyx", line 257, in h5py.h5o.open
    oid = h5o.open(self.id, self._e(name), lapl=self._lapl)
  File "h5py/_objects.pyx", line 54, in h5py._objects.with_phil.wrapper
  File "h5py/_objects.pyx", line 55, in h5py._objects.with_phil.wrapper
    oid = h5o.open(self.id, self._e(name), lapl=self._lapl)
  File "h5py/_objects.pyx", line 54, in h5py._objects.with_phil.wrapper
  File "h5py/_objects.pyx", line 55, in h5py._objects.with_phil.wrapper
    oid = h5o.open(self.id, self._e(name), lapl=self._lapl)
  File "h5py/_objects.pyx", line 54, in h5py._objects.with_phil.wrapper
  File "h5py/_objects.pyx", line 55, in h5py._objects.with_phil.wrapper
    oid = h5o.open(self.id, self._e(name), lapl=self._lapl)
  File "h5py/_objects.pyx", line 54, in h5py._objects.with_phil.wrapper
  File "h5py/_objects.pyx", line 55, in h5py._objects.with_phil.wrapper
    oid = h5o.open(self.id, self._e(name), lapl=self._lapl)
  File "h5py/_objects.pyx", line 54, in h5py._objects.with_phil.wrapper
  File "h5py/_objects.pyx", line 55, in h5py._objects.with_phil.wrapper
    oid = h5o.open(self.id, self._e(name), lapl=self._lapl)
  File "h5py/_objects.pyx", line 54, in h5py._objects.with_phil.wrapper
  File "h5py/_objects.pyx", line 55, in h5py._objects.with_phil.wrapper
    oid = h5o.open(self.id, self._e(name), lapl=self._lapl)
  File "h5py/_objects.pyx", line 54, in h5py._objects.with_phil.wrapper
  File "h5py/_objects.pyx", line 55, in h5py._objects.with_phil.wrapper
  File "h5py/h5o.pyx", line 257, in h5py.h5o.open
    oid = h5o.open(self.id, self._e(name), lapl=self._lapl)
  File "h5py/_objects.pyx", line 54, in h5py._objects.with_phil.wrapper
  File "h5py/_objects.pyx", line 55, in h5py._objects.with_phil.wrapper
    oid = h5o.open(self.id, self._e(name), lapl=self._lapl)
  File "h5py/_objects.pyx", line 54, in h5py._objects.with_phil.wrapper
  File "h5py/_objects.pyx", line 55, in h5py._objects.with_phil.wrapper
  File "h5py/_objects.pyx", line 55, in h5py._objects.with_phil.wrapper
  File "h5py/_objects.pyx", line 55, in h5py._objects.with_phil.wrapper
  File "h5py/_objects.pyx", line 55, in h5py._objects.with_phil.wrapper
  File "h5py/_objects.pyx", line 55, in h5py._objects.with_phil.wrapper
  File "h5py/_objects.pyx", line 55, in h5py._objects.with_phil.wrapper
  File "h5py/_objects.pyx", line 55, in h5py._objects.with_phil.wrapper
  File "h5py/_objects.pyx", line 55, in h5py._objects.with_phil.wrapper
  File "h5py/_objects.pyx", line 55, in h5py._objects.with_phil.wrapper
  File "h5py/h5o.pyx", line 257, in h5py.h5o.open
  File "h5py/h5o.pyx", line 257, in h5py.h5o.open
  File "h5py/h5o.pyx", line 257, in h5py.h5o.open
  File "h5py/_objects.pyx", line 55, in h5py._objects.with_phil.wrapper
  File "h5py/h5o.pyx", line 257, in h5py.h5o.open
  File "h5py/_objects.pyx", line 55, in h5py._objects.with_phil.wrapper
  File "h5py/h5o.pyx", line 257, in h5py.h5o.open
  File "h5py/h5o.pyx", line 257, in h5py.h5o.open
  File "h5py/h5o.pyx", line 257, in h5py.h5o.open
  File "h5py/_objects.pyx", line 54, in h5py._objects.with_phil.wrapper
  File "h5py/h5o.pyx", line 257, in h5py.h5o.open
  File "h5py/h5o.pyx", line 257, in h5py.h5o.open
  File "h5py/h5o.pyx", line 257, in h5py.h5o.open
  File "h5py/h5o.pyx", line 257, in h5py.h5o.open
  File "h5py/h5o.pyx", line 257, in h5py.h5o.open
  File "h5py/h5o.pyx", line 257, in h5py.h5o.open
  File "h5py/h5o.pyx", line 257, in h5py.h5o.open
  File "h5py/h5o.pyx", line 257, in h5py.h5o.open
  File "h5py/h5o.pyx", line 257, in h5py.h5o.open
  File "h5py/h5o.pyx", line 257, in h5py.h5o.open
  File "h5py/h5o.pyx", line 257, in h5py.h5o.open
  File "h5py/h5o.pyx", line 257, in h5py.h5o.open
  File "h5py/h5o.pyx", line 257, in h5py.h5o.open
  File "h5py/h5o.pyx", line 257, in h5py.h5o.open
  File "h5py/h5o.pyx", line 257, in h5py.h5o.open
  File "h5py/h5o.pyx", line 257, in h5py.h5o.open
  File "h5py/h5o.pyx", line 257, in h5py.h5o.open
  File "h5py/h5o.pyx", line 257, in h5py.h5o.open
  File "h5py/h5o.pyx", line 257, in h5py.h5o.open
  File "h5py/h5o.pyx", line 257, in h5py.h5o.open
  File "h5py/_objects.pyx", line 55, in h5py._objects.with_phil.wrapper
  File "h5py/h5o.pyx", line 257, in h5py.h5o.open
KeyError: 'Unable to synchronously open object (component not found)'
KeyError: 'Unable to synchronously open object (component not found)'
KeyError: 'Unable to synchronously open object (component not found)'
KeyError: 'Unable to synchronously open object (component not found)'
KeyError: 'Unable to synchronously open object (component not found)'
KeyError: 'Unable to synchronously open object (component not found)'
KeyError: 'Unable to synchronously open object (component not found)'
KeyError: 'Unable to synchronously open object (component not found)'
KeyError: 'Unable to synchronously open object (component not found)'
KeyError: 'Unable to synchronously open object (component not found)'
KeyError: 'Unable to synchronously open object (component not found)'
KeyError: 'Unable to synchronously open object (component not found)'
KeyError: 'Unable to synchronously open object (component not found)'
KeyError: 'Unable to synchronously open object (component not found)'
KeyError: 'Unable to synchronously open object (component not found)'
KeyError: 'Unable to synchronously open object (component not found)'
KeyError: 'Unable to synchronously open object (component not found)'
KeyError: 'Unable to synchronously open object (component not found)'
KeyError: 'Unable to synchronously open object (component not found)'
KeyError: 'Unable to synchronously open object (component not found)'
KeyError: 'Unable to synchronously open object (component not found)'
KeyError: 'Unable to synchronously open object (component not found)'
KeyError: 'Unable to synchronously open object (component not found)'
KeyError: 'Unable to synchronously open object (component not found)'
KeyError: 'Unable to synchronously open object (component not found)'
KeyError: 'Unable to synchronously open object (component not found)'
KeyError: 'Unable to synchronously open object (component not found)'
KeyError: 'Unable to synchronously open object (component not found)'
KeyError: 'Unable to synchronously open object (component not found)'
KeyError: 'Unable to synchronously open object (component not found)'
Executing stage: TXSourceSelectorMetadetect @ 2025-10-08 14:57:00.007717
Using these bands to train the tomography selector: riz
Training data for bin classifier has shape  (104104, 6)
Using these bin edges: [0.1, 3.0]
Training set: 103354 objects in tomographic bin 0
Stage failed: TXSourceSelectorMetadetect @ 2025-10-08 14:57:22.776390 after 0.38 minutes
