Traceback (most recent call last):
  File "<frozen runpy>", line 198, in _run_module_as_main
  File "<frozen runpy>", line 88, in _run_code
  File "/sps/lsst/groups/clusters/cl_pipeline_project/conda_envs/txpipe_clp/lib/python3.12/site-packages/ipykernel_launcher.py", line 16, in <module>
    from ipykernel import kernelapp as app
  File "/sps/lsst/groups/clusters/cl_pipeline_project/conda_envs/txpipe_clp/lib/python3.12/site-packages/ipykernel/kernelapp.py", line 21, in <module>
    from IPython.core.application import (  # type:ignore[attr-defined]
  File "/sps/lsst/groups/clusters/cl_pipeline_project/conda_envs/txpipe_clp/lib/python3.12/site-packages/IPython/__init__.py", line 57, in <module>
    from .terminal.embed import embed
  File "/sps/lsst/groups/clusters/cl_pipeline_project/conda_envs/txpipe_clp/lib/python3.12/site-packages/IPython/terminal/embed.py", line 16, in <module>
    from IPython.terminal.interactiveshell import TerminalInteractiveShell
  File "/sps/lsst/groups/clusters/cl_pipeline_project/conda_envs/txpipe_clp/lib/python3.12/site-packages/IPython/terminal/interactiveshell.py", line 49, in <module>
    from .debugger import TerminalPdb, Pdb
  File "/sps/lsst/groups/clusters/cl_pipeline_project/conda_envs/txpipe_clp/lib/python3.12/site-packages/IPython/terminal/debugger.py", line 6, in <module>
    from IPython.core.completer import IPCompleter
  File "/sps/lsst/groups/clusters/cl_pipeline_project/conda_envs/txpipe_clp/lib/python3.12/site-packages/IPython/core/completer.py", line 258, in <module>
    import jedi
  File "/sps/lsst/groups/clusters/cl_pipeline_project/conda_envs/txpipe_clp/lib/python3.12/site-packages/jedi/__init__.py", line 32, in <module>
    from jedi.api import Script, Interpreter, set_debug_function, preload_module
  File "/sps/lsst/groups/clusters/cl_pipeline_project/conda_envs/txpipe_clp/lib/python3.12/site-packages/jedi/api/__init__.py", line 21, in <module>
    from jedi.api import classes
  File "/sps/lsst/groups/clusters/cl_pipeline_project/conda_envs/txpipe_clp/lib/python3.12/site-packages/jedi/api/classes.py", line 24, in <module>
    from jedi.inference.utils import unite
  File "/sps/lsst/groups/clusters/cl_pipeline_project/conda_envs/txpipe_clp/lib/python3.12/site-packages/jedi/inference/__init__.py", line 70, in <module>
    from jedi.inference import imports
  File "/sps/lsst/groups/clusters/cl_pipeline_project/conda_envs/txpipe_clp/lib/python3.12/site-packages/jedi/inference/imports.py", line 23, in <module>
    from jedi.inference import compiled
  File "/sps/lsst/groups/clusters/cl_pipeline_project/conda_envs/txpipe_clp/lib/python3.12/site-packages/jedi/inference/compiled/__init__.py", line 4, in <module>
    from jedi.inference.compiled.value import CompiledValue, CompiledName, \
  File "/sps/lsst/groups/clusters/cl_pipeline_project/conda_envs/txpipe_clp/lib/python3.12/site-packages/jedi/inference/compiled/value.py", line 18, in <module>
    from jedi.inference.compiled.access import _sentinel
  File "<frozen importlib._bootstrap>", line 1360, in _find_and_load
  File "<frozen importlib._bootstrap>", line 1331, in _find_and_load_unlocked
  File "<frozen importlib._bootstrap>", line 935, in _load_unlocked
  File "<frozen importlib._bootstrap_external>", line 995, in exec_module
  File "<frozen importlib._bootstrap_external>", line 1091, in get_code
  File "<frozen importlib._bootstrap_external>", line 1191, in get_data
KeyboardInterrupt
